Using pre-set license
Built from '2021.3/release' branch; Version is '2021.3.27f1 (ca3ffb99bcc6) revision 13254651'; Using compiler version '192829333'; Build Type 'Release'
OS: 'Windows 11  (10.0.22621) 64bit CoreSingleLanguage' Language: 'es' Physical Memory: 8023 MB
BatchMode: 1, IsHumanControllingUs: 0, StartBugReporterOnCrash: 0, Is64bit: 1, IsPro: 1

COMMAND LINE ARGUMENTS:
C:\Program Files\Unity\Hub\Editor\2021.3.27f1\Editor\Unity.exe
-adb2
-batchMode
-noUpm
-name
AssetImportWorker2
-projectPath
C:/Users/camil/OneDrive/Desktop/Video_Juego_talu/Video_Juego_talu/Proyecto_1
-logFile
Logs/AssetImportWorker2.log
-srvPort
62131
Successfully changed project path to: C:/Users/camil/OneDrive/Desktop/Video_Juego_talu/Video_Juego_talu/Proyecto_1
C:/Users/camil/OneDrive/Desktop/Video_Juego_talu/Video_Juego_talu/Proyecto_1
[UnityMemory] Configuration Parameters - Can be set up in boot.config
    "memorysetup-bucket-allocator-granularity=16"
    "memorysetup-bucket-allocator-bucket-count=8"
    "memorysetup-bucket-allocator-block-size=33554432"
    "memorysetup-bucket-allocator-block-count=8"
    "memorysetup-main-allocator-block-size=16777216"
    "memorysetup-thread-allocator-block-size=16777216"
    "memorysetup-gfx-main-allocator-block-size=16777216"
    "memorysetup-gfx-thread-allocator-block-size=16777216"
    "memorysetup-cache-allocator-block-size=4194304"
    "memorysetup-typetree-allocator-block-size=2097152"
    "memorysetup-profiler-bucket-allocator-granularity=16"
    "memorysetup-profiler-bucket-allocator-bucket-count=8"
    "memorysetup-profiler-bucket-allocator-block-size=33554432"
    "memorysetup-profiler-bucket-allocator-block-count=8"
    "memorysetup-profiler-allocator-block-size=16777216"
    "memorysetup-profiler-editor-allocator-block-size=1048576"
    "memorysetup-temp-allocator-size-main=16777216"
    "memorysetup-job-temp-allocator-block-size=2097152"
    "memorysetup-job-temp-allocator-block-size-background=1048576"
    "memorysetup-job-temp-allocator-reduction-small-platforms=262144"
    "memorysetup-temp-allocator-size-background-worker=32768"
    "memorysetup-temp-allocator-size-job-worker=262144"
    "memorysetup-temp-allocator-size-preload-manager=33554432"
    "memorysetup-temp-allocator-size-nav-mesh-worker=65536"
    "memorysetup-temp-allocator-size-audio-worker=65536"
    "memorysetup-temp-allocator-size-cloud-worker=32768"
    "memorysetup-temp-allocator-size-gi-baking-worker=262144"
    "memorysetup-temp-allocator-size-gfx=262144"
Player connection [2580] Host "[IP] 192.168.20.73 [Port] 0 [Flags] 2 [Guid] 423549340 [EditorId] 423549340 [Version] 1048832 [Id] WindowsEditor(7,8-Man) [Debug] 1 [PackageName] WindowsEditor [ProjectName] Editor" joined multi-casting on [225.0.0.222:54997]...

Player connection [2580] Host "[IP] 192.168.20.73 [Port] 0 [Flags] 2 [Guid] 423549340 [EditorId] 423549340 [Version] 1048832 [Id] WindowsEditor(7,8-Man) [Debug] 1 [PackageName] WindowsEditor [ProjectName] Editor" joined alternative multi-casting on [225.0.0.222:34997]...

Refreshing native plugins compatible for Editor in 80.70 ms, found 3 plugins.
Preloading 0 native plugins for Editor in 0.00 ms.
Initialize engine version: 2021.3.27f1 (ca3ffb99bcc6)
[Subsystems] Discovering subsystems at path C:/Program Files/Unity/Hub/Editor/2021.3.27f1/Editor/Data/Resources/UnitySubsystems
[Subsystems] Discovering subsystems at path C:/Users/camil/OneDrive/Desktop/Video_Juego_talu/Video_Juego_talu/Proyecto_1/Assets
GfxDevice: creating device client; threaded=0; jobified=0
Direct3D:
    Version:  Direct3D 11.0 [level 11.1]
    Renderer: NVIDIA GeForce GTX 1650 (ID=0x1f99)
    Vendor:   NVIDIA
    VRAM:     3962 MB
    Driver:   30.0.15.1259
Initialize mono
Mono path[0] = 'C:/Program Files/Unity/Hub/Editor/2021.3.27f1/Editor/Data/Managed'
Mono path[1] = 'C:/Program Files/Unity/Hub/Editor/2021.3.27f1/Editor/Data/MonoBleedingEdge/lib/mono/unityjit-win32'
Mono config path = 'C:/Program Files/Unity/Hub/Editor/2021.3.27f1/Editor/Data/MonoBleedingEdge/etc'
Using monoOptions --debugger-agent=transport=dt_socket,embedding=1,server=y,suspend=n,address=127.0.0.1:56548
Begin MonoManager ReloadAssembly
Registering precompiled unity dll's ...
Register platform support module: C:/Program Files/Unity/Hub/Editor/2021.3.27f1/Editor/Data/PlaybackEngines/WebGLSupport/UnityEditor.WebGL.Extensions.dll
Register platform support module: C:/Program Files/Unity/Hub/Editor/2021.3.27f1/Editor/Data/PlaybackEngines/AndroidPlayer/UnityEditor.Android.Extensions.dll
Register platform support module: C:/Program Files/Unity/Hub/Editor/2021.3.27f1/Editor/Data/PlaybackEngines/WindowsStandaloneSupport/UnityEditor.WindowsStandalone.Extensions.dll
Registered in 0.005688 seconds.
Native extension for WindowsStandalone target not found
Native extension for Android target not found
Android Extension - Scanning For ADB Devices 254 ms
Native extension for WebGL target not found
Refreshing native plugins compatible for Editor in 79.41 ms, found 3 plugins.
Preloading 0 native plugins for Editor in 0.00 ms.
Mono: successfully reloaded assembly
- Completed reload, in  0.985 seconds
Domain Reload Profiling:
	ReloadAssembly (986ms)
		BeginReloadAssembly (90ms)
			ExecutionOrderSort (0ms)
			DisableScriptedObjects (0ms)
			BackupInstance (0ms)
			ReleaseScriptingObjects (0ms)
			CreateAndSetChildDomain (1ms)
		EndReloadAssembly (790ms)
			LoadAssemblies (88ms)
			RebuildTransferFunctionScriptingTraits (0ms)
			SetupTypeCache (129ms)
			ReleaseScriptCaches (0ms)
			RebuildScriptCaches (32ms)
			SetupLoadedEditorAssemblies (576ms)
				LogAssemblyErrors (0ms)
				InitializePlatformSupportModulesInManaged (351ms)
				SetLoadedEditorAssemblies (0ms)
				RefreshPlugins (79ms)
				BeforeProcessingInitializeOnLoad (1ms)
				ProcessInitializeOnLoadAttributes (94ms)
				ProcessInitializeOnLoadMethodAttributes (50ms)
				AfterProcessingInitializeOnLoad (0ms)
				EditorAssembliesLoaded (0ms)
			ExecutionOrderSort2 (0ms)
			AwakeInstancesAfterBackupRestoration (0ms)
Platform modules already initialized, skipping
Registering precompiled user dll's ...
Registered in 0.005787 seconds.
Begin MonoManager ReloadAssembly
Symbol file data-00000219BBBD7510 doesn't match image C:\Users\camil\OneDrive\Desktop\Video_Juego_talu\Video_Juego_talu\Proyecto_1\Library\ScriptAssemblies\Unity.VisualScripting.Flow.Editor.dll
Symbol file LoadedFromMemory is not a mono symbol file
Symbol file data-00000219BE063A50 doesn't match image C:\Users\camil\OneDrive\Desktop\Video_Juego_talu\Video_Juego_talu\Proyecto_1\Library\ScriptAssemblies\Unity.VSCode.Editor.dll
Symbol file LoadedFromMemory is not a mono symbol file
Symbol file data-00000219BD56E030 doesn't match image C:\Users\camil\OneDrive\Desktop\Video_Juego_talu\Video_Juego_talu\Proyecto_1\Library\ScriptAssemblies\Unity.VisualScripting.Shared.Editor.dll
Symbol file LoadedFromMemory is not a mono symbol file
Symbol file data-00000219BBC0DD20 doesn't match image C:\Users\camil\OneDrive\Desktop\Video_Juego_talu\Video_Juego_talu\Proyecto_1\Library\ScriptAssemblies\Unity.TextMeshPro.Editor.dll
Symbol file LoadedFromMemory is not a mono symbol file
Symbol file data-00000219BD93D030 doesn't match image C:\Users\camil\OneDrive\Desktop\Video_Juego_talu\Video_Juego_talu\Proyecto_1\Library\ScriptAssemblies\Unity.Timeline.Editor.dll
Symbol file LoadedFromMemory is not a mono symbol file
Symbol file data-00000219BD93D030 doesn't match image C:\Users\camil\OneDrive\Desktop\Video_Juego_talu\Video_Juego_talu\Proyecto_1\Library\ScriptAssemblies\Unity.Timeline.dll
Symbol file LoadedFromMemory is not a mono symbol file
Symbol file data-00000219BD93D030 doesn't match image C:\Users\camil\OneDrive\Desktop\Video_Juego_talu\Video_Juego_talu\Proyecto_1\Library\ScriptAssemblies\Unity.VisualScripting.Core.Editor.dll
Symbol file LoadedFromMemory is not a mono symbol file
Symbol file data-00000219BD93D030 doesn't match image C:\Users\camil\OneDrive\Desktop\Video_Juego_talu\Video_Juego_talu\Proyecto_1\Library\ScriptAssemblies\Unity.TextMeshPro.dll
Symbol file LoadedFromMemory is not a mono symbol file
Symbol file data-00000219BD952640 doesn't match image C:\Users\camil\OneDrive\Desktop\Video_Juego_talu\Video_Juego_talu\Proyecto_1\Library\ScriptAssemblies\Unity.VisualScripting.State.Editor.dll
Symbol file LoadedFromMemory is not a mono symbol file
Symbol file data-00000219BC03EE20 doesn't match image C:\Users\camil\OneDrive\Desktop\Video_Juego_talu\Video_Juego_talu\Proyecto_1\Library\ScriptAssemblies\Unity.CollabProxy.Editor.dll
Symbol file LoadedFromMemory is not a mono symbol file
Symbol file data-00000219BD56E030 doesn't match image C:\Users\camil\OneDrive\Desktop\Video_Juego_talu\Video_Juego_talu\Proyecto_1\Library\ScriptAssemblies\Unity.VisualScripting.SettingsProvider.Editor.dll
Symbol file LoadedFromMemory is not a mono symbol file
Symbol file data-00000219BD648020 doesn't match image C:\Users\camil\OneDrive\Desktop\Video_Juego_talu\Video_Juego_talu\Proyecto_1\Library\ScriptAssemblies\Unity.VisualScripting.Flow.dll
Symbol file LoadedFromMemory is not a mono symbol file
Symbol file data-00000219BE063A50 doesn't match image C:\Users\camil\OneDrive\Desktop\Video_Juego_talu\Video_Juego_talu\Proyecto_1\Library\ScriptAssemblies\UnityEditor.UI.dll
Symbol file LoadedFromMemory is not a mono symbol file
Symbol file data-00000219BD496440 doesn't match image C:\Users\camil\OneDrive\Desktop\Video_Juego_talu\Video_Juego_talu\Proyecto_1\Library\ScriptAssemblies\UnityEngine.UI.dll
Symbol file LoadedFromMemory is not a mono symbol file
Symbol file data-00000219BD49CE50 doesn't match image C:\Users\camil\OneDrive\Desktop\Video_Juego_talu\Video_Juego_talu\Proyecto_1\Library\ScriptAssemblies\Unity.VisualScripting.State.dll
Symbol file LoadedFromMemory is not a mono symbol file
Symbol file data-00000219BD49CE50 doesn't match image C:\Users\camil\OneDrive\Desktop\Video_Juego_talu\Video_Juego_talu\Proyecto_1\Library\ScriptAssemblies\Unity.VisualScripting.Core.dll
Symbol file LoadedFromMemory is not a mono symbol file
Symbol file LoadedFromMemory doesn't match image C:\Users\camil\OneDrive\Desktop\Video_Juego_talu\Video_Juego_talu\Proyecto_1\Library\PackageCache\com.unity.visualscripting@1.8.0\Editor\VisualScripting.Core\Dependencies\YamlDotNet\Unity.VisualScripting.YamlDotNet.dll
Symbol file LoadedFromMemory doesn't match image C:\Users\camil\OneDrive\Desktop\Video_Juego_talu\Video_Juego_talu\Proyecto_1\Library\PackageCache\com.unity.visualscripting@1.8.0\Editor\VisualScripting.Core\Dependencies\DotNetZip\Unity.VisualScripting.IonicZip.dll
Native extension for WindowsStandalone target not found
Native extension for Android target not found
Native extension for WebGL target not found
Refreshing native plugins compatible for Editor in 0.51 ms, found 3 plugins.
Preloading 0 native plugins for Editor in 0.00 ms.
Mono: successfully reloaded assembly
- Completed reload, in  4.802 seconds
Domain Reload Profiling:
	ReloadAssembly (4803ms)
		BeginReloadAssembly (133ms)
			ExecutionOrderSort (0ms)
			DisableScriptedObjects (6ms)
			BackupInstance (0ms)
			ReleaseScriptingObjects (0ms)
			CreateAndSetChildDomain (24ms)
		EndReloadAssembly (4471ms)
			LoadAssemblies (2839ms)
			RebuildTransferFunctionScriptingTraits (0ms)
			SetupTypeCache (961ms)
			ReleaseScriptCaches (1ms)
			RebuildScriptCaches (51ms)
			SetupLoadedEditorAssemblies (575ms)
				LogAssemblyErrors (0ms)
				InitializePlatformSupportModulesInManaged (21ms)
				SetLoadedEditorAssemblies (0ms)
				RefreshPlugins (1ms)
				BeforeProcessingInitializeOnLoad (82ms)
				ProcessInitializeOnLoadAttributes (440ms)
				ProcessInitializeOnLoadMethodAttributes (24ms)
				AfterProcessingInitializeOnLoad (7ms)
				EditorAssembliesLoaded (0ms)
			ExecutionOrderSort2 (0ms)
			AwakeInstancesAfterBackupRestoration (10ms)
Platform modules already initialized, skipping
========================================================================
Worker process is ready to serve import requests
Launched and connected shader compiler UnityShaderCompiler.exe after 0.17 seconds
Refreshing native plugins compatible for Editor in 0.59 ms, found 3 plugins.
Preloading 0 native plugins for Editor in 0.00 ms.
Unloading 2937 Unused Serialized files (Serialized files now loaded: 0)
Unloading 21 unused Assets / (46.7 KB). Loaded Objects now: 3402.
Memory consumption went from 110.7 MB to 110.7 MB.
Total: 3.415800 ms (FindLiveObjects: 0.385200 ms CreateObjectMapping: 0.375300 ms MarkObjects: 2.568000 ms  DeleteObjects: 0.086200 ms)

AssetImportParameters requested are different than current active one (requested -> active):
  custom:video-decoder-ogg-theora: a1e56fd34408186e4bbccfd4996cb3dc -> 
  custom:container-muxer-webm: aa71ff27fc2769a1b78a27578f13a17b -> 
  custom:container-demuxer-webm: 4f35f7cbe854078d1ac9338744f61a02 -> 
  custom:video-encoder-webm-vp8: eb34c28f22e8b96e1ab97ce403110664 -> 
  custom:audio-encoder-webm-vorbis: bf7c407c2cedff20999df2af8eb42d56 -> 
  custom:framework-win-MediaFoundation: 216162199b28c13a410421893ffa2e32 -> 
  custom:container-demuxer-ogg: 62fdf1f143b41e24485cea50d1cbac27 -> 
  custom:video-decoder-webm-vp8: 9c59270c3fd7afecdb556c50c9e8de78 -> 
  custom:audio-decoder-ogg-vorbis: bf7c407c2cedff20999df2af8eb42d56 -> 
========================================================================
Received Import Request.
  Time since last request: 355437.512363 seconds.
  path: Assets/Imagenes/Profesor.png
  artifactKey: Guid(3471e40b74032e942a6a43331dc5dec8) Importer(815301076,1909f56bfc062723c751e8b465ee728b)
Start importing Assets/Imagenes/Profesor.png using Guid(3471e40b74032e942a6a43331dc5dec8) Importer(815301076,1909f56bfc062723c751e8b465ee728b)  -> (artifact id: '6b68b59c8e6536c57719ce396730d85c') in 0.219097 seconds 
========================================================================
Received Prepare
Refreshing native plugins compatible for Editor in 3.45 ms, found 3 plugins.
Preloading 0 native plugins for Editor in 0.00 ms.
Unloading 14 Unused Serialized files (Serialized files now loaded: 0)
Unloading 14 unused Assets / (21.9 KB). Loaded Objects now: 3409.
Memory consumption went from 49.7 MB to 49.7 MB.
Total: 2.940100 ms (FindLiveObjects: 0.262100 ms CreateObjectMapping: 0.223900 ms MarkObjects: 2.433200 ms  DeleteObjects: 0.020200 ms)

AssetImportParameters requested are different than current active one (requested -> active):
  custom:video-decoder-ogg-theora: a1e56fd34408186e4bbccfd4996cb3dc -> 
  custom:container-muxer-webm: aa71ff27fc2769a1b78a27578f13a17b -> 
  custom:container-demuxer-webm: 4f35f7cbe854078d1ac9338744f61a02 -> 
  custom:video-encoder-webm-vp8: eb34c28f22e8b96e1ab97ce403110664 -> 
  custom:audio-encoder-webm-vorbis: bf7c407c2cedff20999df2af8eb42d56 -> 
  custom:framework-win-MediaFoundation: 216162199b28c13a410421893ffa2e32 -> 
  custom:container-demuxer-ogg: 62fdf1f143b41e24485cea50d1cbac27 -> 
  custom:video-decoder-webm-vp8: 9c59270c3fd7afecdb556c50c9e8de78 -> 
  custom:audio-decoder-ogg-vorbis: bf7c407c2cedff20999df2af8eb42d56 -> 
========================================================================
Received Prepare
Registering precompiled user dll's ...
Registered in 0.004043 seconds.
Begin MonoManager ReloadAssembly
Symbol file data-00000219C1DD0F10 doesn't match image C:\Users\camil\OneDrive\Desktop\Video_Juego_talu\Video_Juego_talu\Proyecto_1\Library\ScriptAssemblies\Unity.VisualScripting.Flow.Editor.dll
Symbol file LoadedFromMemory is not a mono symbol file
Symbol file data-00000219BC21C160 doesn't match image C:\Users\camil\OneDrive\Desktop\Video_Juego_talu\Video_Juego_talu\Proyecto_1\Library\ScriptAssemblies\Unity.VSCode.Editor.dll
Symbol file LoadedFromMemory is not a mono symbol file
Symbol file data-00000219BC247A70 doesn't match image C:\Users\camil\OneDrive\Desktop\Video_Juego_talu\Video_Juego_talu\Proyecto_1\Library\ScriptAssemblies\Unity.VisualScripting.Shared.Editor.dll
Symbol file LoadedFromMemory is not a mono symbol file
Symbol file data-00000219BD4C5A70 doesn't match image C:\Users\camil\OneDrive\Desktop\Video_Juego_talu\Video_Juego_talu\Proyecto_1\Library\ScriptAssemblies\Unity.TextMeshPro.Editor.dll
Symbol file LoadedFromMemory is not a mono symbol file
Symbol file data-00000219BEB93010 doesn't match image C:\Users\camil\OneDrive\Desktop\Video_Juego_talu\Video_Juego_talu\Proyecto_1\Library\ScriptAssemblies\Unity.Timeline.Editor.dll
Symbol file LoadedFromMemory is not a mono symbol file
Symbol file data-00000219C08A7020 doesn't match image C:\Users\camil\OneDrive\Desktop\Video_Juego_talu\Video_Juego_talu\Proyecto_1\Library\ScriptAssemblies\Unity.Timeline.dll
Symbol file LoadedFromMemory is not a mono symbol file
Symbol file data-00000219BEACD010 doesn't match image C:\Users\camil\OneDrive\Desktop\Video_Juego_talu\Video_Juego_talu\Proyecto_1\Library\ScriptAssemblies\Unity.VisualScripting.Core.Editor.dll
Symbol file LoadedFromMemory is not a mono symbol file
Symbol file data-00000219BBEFF010 doesn't match image C:\Users\camil\OneDrive\Desktop\Video_Juego_talu\Video_Juego_talu\Proyecto_1\Library\ScriptAssemblies\Unity.TextMeshPro.dll
Symbol file LoadedFromMemory is not a mono symbol file
Symbol file data-00000219C08A7020 doesn't match image C:\Users\camil\OneDrive\Desktop\Video_Juego_talu\Video_Juego_talu\Proyecto_1\Library\ScriptAssemblies\Unity.VisualScripting.State.Editor.dll
Symbol file LoadedFromMemory is not a mono symbol file
Symbol file data-00000219C1A3F430 doesn't match image C:\Users\camil\OneDrive\Desktop\Video_Juego_talu\Video_Juego_talu\Proyecto_1\Library\ScriptAssemblies\Unity.CollabProxy.Editor.dll
Symbol file LoadedFromMemory is not a mono symbol file
Symbol file data-00000219C1A3F430 doesn't match image C:\Users\camil\OneDrive\Desktop\Video_Juego_talu\Video_Juego_talu\Proyecto_1\Library\ScriptAssemblies\Unity.VisualScripting.SettingsProvider.Editor.dll
Symbol file LoadedFromMemory is not a mono symbol file
Symbol file data-00000219BD1CA010 doesn't match image C:\Users\camil\OneDrive\Desktop\Video_Juego_talu\Video_Juego_talu\Proyecto_1\Library\ScriptAssemblies\Unity.VisualScripting.Flow.dll
Symbol file LoadedFromMemory is not a mono symbol file
Symbol file data-00000219C08A7020 doesn't match image C:\Users\camil\OneDrive\Desktop\Video_Juego_talu\Video_Juego_talu\Proyecto_1\Library\ScriptAssemblies\UnityEditor.UI.dll
Symbol file LoadedFromMemory is not a mono symbol file
Symbol file data-00000219BD1CA010 doesn't match image C:\Users\camil\OneDrive\Desktop\Video_Juego_talu\Video_Juego_talu\Proyecto_1\Library\ScriptAssemblies\UnityEngine.UI.dll
Symbol file LoadedFromMemory is not a mono symbol file
Symbol file data-00000219C04D08B0 doesn't match image C:\Users\camil\OneDrive\Desktop\Video_Juego_talu\Video_Juego_talu\Proyecto_1\Library\ScriptAssemblies\Unity.VisualScripting.State.dll
Symbol file LoadedFromMemory is not a mono symbol file
Symbol file data-00000219C06DA030 doesn't match image C:\Users\camil\OneDrive\Desktop\Video_Juego_talu\Video_Juego_talu\Proyecto_1\Library\ScriptAssemblies\Unity.VisualScripting.Core.dll
Symbol file LoadedFromMemory is not a mono symbol file
Symbol file LoadedFromMemory doesn't match image C:\Users\camil\OneDrive\Desktop\Video_Juego_talu\Video_Juego_talu\Proyecto_1\Library\PackageCache\com.unity.visualscripting@1.8.0\Editor\VisualScripting.Core\Dependencies\YamlDotNet\Unity.VisualScripting.YamlDotNet.dll
Symbol file LoadedFromMemory doesn't match image C:\Users\camil\OneDrive\Desktop\Video_Juego_talu\Video_Juego_talu\Proyecto_1\Library\PackageCache\com.unity.visualscripting@1.8.0\Editor\VisualScripting.Core\Dependencies\DotNetZip\Unity.VisualScripting.IonicZip.dll
Native extension for WindowsStandalone target not found
Native extension for Android target not found
Native extension for WebGL target not found
Refreshing native plugins compatible for Editor in 1.29 ms, found 3 plugins.
Preloading 0 native plugins for Editor in 0.00 ms.
Mono: successfully reloaded assembly
- Completed reload, in  1.060 seconds
Domain Reload Profiling:
	ReloadAssembly (1061ms)
		BeginReloadAssembly (144ms)
			ExecutionOrderSort (0ms)
			DisableScriptedObjects (5ms)
			BackupInstance (0ms)
			ReleaseScriptingObjects (0ms)
			CreateAndSetChildDomain (30ms)
		EndReloadAssembly (803ms)
			LoadAssemblies (98ms)
			RebuildTransferFunctionScriptingTraits (0ms)
			SetupTypeCache (282ms)
			ReleaseScriptCaches (1ms)
			RebuildScriptCaches (43ms)
			SetupLoadedEditorAssemblies (349ms)
				LogAssemblyErrors (0ms)
				InitializePlatformSupportModulesInManaged (22ms)
				SetLoadedEditorAssemblies (0ms)
				RefreshPlugins (1ms)
				BeforeProcessingInitializeOnLoad (65ms)
				ProcessInitializeOnLoadAttributes (228ms)
				ProcessInitializeOnLoadMethodAttributes (26ms)
				AfterProcessingInitializeOnLoad (6ms)
				EditorAssembliesLoaded (0ms)
			ExecutionOrderSort2 (0ms)
			AwakeInstancesAfterBackupRestoration (5ms)
Platform modules already initialized, skipping
Refreshing native plugins compatible for Editor in 1.49 ms, found 3 plugins.
Preloading 0 native plugins for Editor in 0.00 ms.
Unloading 3077 Unused Serialized files (Serialized files now loaded: 0)
Unloading 16 unused Assets / (116.3 KB). Loaded Objects now: 3580.
Memory consumption went from 114.7 MB to 114.6 MB.
Total: 2.778700 ms (FindLiveObjects: 0.294800 ms CreateObjectMapping: 0.165600 ms MarkObjects: 2.210700 ms  DeleteObjects: 0.106200 ms)

AssetImportParameters requested are different than current active one (requested -> active):
  custom:video-decoder-ogg-theora: a1e56fd34408186e4bbccfd4996cb3dc -> 
  custom:container-muxer-webm: aa71ff27fc2769a1b78a27578f13a17b -> 
  custom:container-demuxer-webm: 4f35f7cbe854078d1ac9338744f61a02 -> 
  custom:video-encoder-webm-vp8: eb34c28f22e8b96e1ab97ce403110664 -> 
  custom:audio-encoder-webm-vorbis: bf7c407c2cedff20999df2af8eb42d56 -> 
  custom:framework-win-MediaFoundation: 216162199b28c13a410421893ffa2e32 -> 
  custom:container-demuxer-ogg: 62fdf1f143b41e24485cea50d1cbac27 -> 
  custom:video-decoder-webm-vp8: 9c59270c3fd7afecdb556c50c9e8de78 -> 
  custom:audio-decoder-ogg-vorbis: bf7c407c2cedff20999df2af8eb42d56 -> 
========================================================================
Received Prepare
Registering precompiled user dll's ...
Registered in 0.005982 seconds.
Begin MonoManager ReloadAssembly
Symbol file data-00000219BC312010 doesn't match image C:\Users\camil\OneDrive\Desktop\Video_Juego_talu\Video_Juego_talu\Proyecto_1\Library\ScriptAssemblies\Unity.VisualScripting.Flow.Editor.dll
Symbol file LoadedFromMemory is not a mono symbol file
Symbol file data-00000219BF6CFA60 doesn't match image C:\Users\camil\OneDrive\Desktop\Video_Juego_talu\Video_Juego_talu\Proyecto_1\Library\ScriptAssemblies\Unity.VSCode.Editor.dll
Symbol file LoadedFromMemory is not a mono symbol file
Symbol file data-00000219B8404020 doesn't match image C:\Users\camil\OneDrive\Desktop\Video_Juego_talu\Video_Juego_talu\Proyecto_1\Library\ScriptAssemblies\Unity.VisualScripting.Shared.Editor.dll
Symbol file LoadedFromMemory is not a mono symbol file
Symbol file data-00000219BD4C5A70 doesn't match image C:\Users\camil\OneDrive\Desktop\Video_Juego_talu\Video_Juego_talu\Proyecto_1\Library\ScriptAssemblies\Unity.TextMeshPro.Editor.dll
Symbol file LoadedFromMemory is not a mono symbol file
Symbol file data-00000219BEB93010 doesn't match image C:\Users\camil\OneDrive\Desktop\Video_Juego_talu\Video_Juego_talu\Proyecto_1\Library\ScriptAssemblies\Unity.Timeline.Editor.dll
Symbol file LoadedFromMemory is not a mono symbol file
Symbol file data-00000219BC23C460 doesn't match image C:\Users\camil\OneDrive\Desktop\Video_Juego_talu\Video_Juego_talu\Proyecto_1\Library\ScriptAssemblies\Unity.Timeline.dll
Symbol file LoadedFromMemory is not a mono symbol file
Symbol file data-00000219BD459030 doesn't match image C:\Users\camil\OneDrive\Desktop\Video_Juego_talu\Video_Juego_talu\Proyecto_1\Library\ScriptAssemblies\Unity.VisualScripting.Core.Editor.dll
Symbol file LoadedFromMemory is not a mono symbol file
Symbol file data-0000021A04EA6B80 doesn't match image C:\Users\camil\OneDrive\Desktop\Video_Juego_talu\Video_Juego_talu\Proyecto_1\Library\ScriptAssemblies\Unity.TextMeshPro.dll
Symbol file LoadedFromMemory is not a mono symbol file
Symbol file data-00000219BC212030 doesn't match image C:\Users\camil\OneDrive\Desktop\Video_Juego_talu\Video_Juego_talu\Proyecto_1\Library\ScriptAssemblies\Unity.VisualScripting.State.Editor.dll
Symbol file LoadedFromMemory is not a mono symbol file
Symbol file data-00000219BC8EE430 doesn't match image C:\Users\camil\OneDrive\Desktop\Video_Juego_talu\Video_Juego_talu\Proyecto_1\Library\ScriptAssemblies\Unity.CollabProxy.Editor.dll
Symbol file LoadedFromMemory is not a mono symbol file
Symbol file data-00000219BF45C650 doesn't match image C:\Users\camil\OneDrive\Desktop\Video_Juego_talu\Video_Juego_talu\Proyecto_1\Library\ScriptAssemblies\Unity.VisualScripting.SettingsProvider.Editor.dll
Symbol file LoadedFromMemory is not a mono symbol file
Symbol file data-00000219BDE90020 doesn't match image C:\Users\camil\OneDrive\Desktop\Video_Juego_talu\Video_Juego_talu\Proyecto_1\Library\ScriptAssemblies\Unity.VisualScripting.Flow.dll
Symbol file LoadedFromMemory is not a mono symbol file
Symbol file data-00000219BC212030 doesn't match image C:\Users\camil\OneDrive\Desktop\Video_Juego_talu\Video_Juego_talu\Proyecto_1\Library\ScriptAssemblies\UnityEditor.UI.dll
Symbol file LoadedFromMemory is not a mono symbol file
Symbol file data-00000219BD1CA010 doesn't match image C:\Users\camil\OneDrive\Desktop\Video_Juego_talu\Video_Juego_talu\Proyecto_1\Library\ScriptAssemblies\UnityEngine.UI.dll
Symbol file LoadedFromMemory is not a mono symbol file
Symbol file data-00000219BF6CFA60 doesn't match image C:\Users\camil\OneDrive\Desktop\Video_Juego_talu\Video_Juego_talu\Proyecto_1\Library\ScriptAssemblies\Unity.VisualScripting.State.dll
Symbol file LoadedFromMemory is not a mono symbol file
Symbol file data-00000219C0FB4FF0 doesn't match image C:\Users\camil\OneDrive\Desktop\Video_Juego_talu\Video_Juego_talu\Proyecto_1\Library\ScriptAssemblies\Unity.VisualScripting.Core.dll
Symbol file LoadedFromMemory is not a mono symbol file
Symbol file LoadedFromMemory doesn't match image C:\Users\camil\OneDrive\Desktop\Video_Juego_talu\Video_Juego_talu\Proyecto_1\Library\PackageCache\com.unity.visualscripting@1.8.0\Editor\VisualScripting.Core\Dependencies\YamlDotNet\Unity.VisualScripting.YamlDotNet.dll
Symbol file LoadedFromMemory doesn't match image C:\Users\camil\OneDrive\Desktop\Video_Juego_talu\Video_Juego_talu\Proyecto_1\Library\PackageCache\com.unity.visualscripting@1.8.0\Editor\VisualScripting.Core\Dependencies\DotNetZip\Unity.VisualScripting.IonicZip.dll
Native extension for WindowsStandalone target not found
Native extension for Android target not found
Native extension for WebGL target not found
Refreshing native plugins compatible for Editor in 0.59 ms, found 3 plugins.
Preloading 0 native plugins for Editor in 0.00 ms.
Mono: successfully reloaded assembly
- Completed reload, in  1.069 seconds
Domain Reload Profiling:
	ReloadAssembly (1070ms)
		BeginReloadAssembly (160ms)
			ExecutionOrderSort (0ms)
			DisableScriptedObjects (7ms)
			BackupInstance (0ms)
			ReleaseScriptingObjects (0ms)
			CreateAndSetChildDomain (38ms)
		EndReloadAssembly (807ms)
			LoadAssemblies (115ms)
			RebuildTransferFunctionScriptingTraits (0ms)
			SetupTypeCache (258ms)
			ReleaseScriptCaches (1ms)
			RebuildScriptCaches (56ms)
			SetupLoadedEditorAssemblies (353ms)
				LogAssemblyErrors (0ms)
				InitializePlatformSupportModulesInManaged (27ms)
				SetLoadedEditorAssemblies (0ms)
				RefreshPlugins (1ms)
				BeforeProcessingInitializeOnLoad (75ms)
				ProcessInitializeOnLoadAttributes (225ms)
				ProcessInitializeOnLoadMethodAttributes (19ms)
				AfterProcessingInitializeOnLoad (6ms)
				EditorAssembliesLoaded (0ms)
			ExecutionOrderSort2 (0ms)
			AwakeInstancesAfterBackupRestoration (5ms)
Platform modules already initialized, skipping
Refreshing native plugins compatible for Editor in 2.21 ms, found 3 plugins.
Preloading 0 native plugins for Editor in 0.00 ms.
Unloading 3114 Unused Serialized files (Serialized files now loaded: 0)
Unloading 16 unused Assets / (116.3 KB). Loaded Objects now: 3632.
Memory consumption went from 115.9 MB to 115.8 MB.
Total: 2.721100 ms (FindLiveObjects: 0.296100 ms CreateObjectMapping: 0.178500 ms MarkObjects: 2.179800 ms  DeleteObjects: 0.066100 ms)

AssetImportParameters requested are different than current active one (requested -> active):
  custom:video-decoder-ogg-theora: a1e56fd34408186e4bbccfd4996cb3dc -> 
  custom:container-muxer-webm: aa71ff27fc2769a1b78a27578f13a17b -> 
  custom:container-demuxer-webm: 4f35f7cbe854078d1ac9338744f61a02 -> 
  custom:video-encoder-webm-vp8: eb34c28f22e8b96e1ab97ce403110664 -> 
  custom:audio-encoder-webm-vorbis: bf7c407c2cedff20999df2af8eb42d56 -> 
  custom:framework-win-MediaFoundation: 216162199b28c13a410421893ffa2e32 -> 
  custom:container-demuxer-ogg: 62fdf1f143b41e24485cea50d1cbac27 -> 
  custom:video-decoder-webm-vp8: 9c59270c3fd7afecdb556c50c9e8de78 -> 
  custom:audio-decoder-ogg-vorbis: bf7c407c2cedff20999df2af8eb42d56 -> 
========================================================================
Received Import Request.
  Time since last request: 395.405187 seconds.
  path: Assets/Scenes/0.Inicio.unity
  artifactKey: Guid(2cda990e2423bbf4892e6590ba056729) Importer(815301076,1909f56bfc062723c751e8b465ee728b)
Start importing Assets/Scenes/0.Inicio.unity using Guid(2cda990e2423bbf4892e6590ba056729) Importer(815301076,1909f56bfc062723c751e8b465ee728b)  -> (artifact id: 'a0754aeb4b25706d7e75962884b4b1a9') in 0.015981 seconds 
========================================================================
Received Import Request.
  Time since last request: 146.752433 seconds.
  path: Assets/Scenes/4.Desarrollador.unity
  artifactKey: Guid(dae4648875594b04b8425dae4f05c0b4) Importer(815301076,1909f56bfc062723c751e8b465ee728b)
Start importing Assets/Scenes/4.Desarrollador.unity using Guid(dae4648875594b04b8425dae4f05c0b4) Importer(815301076,1909f56bfc062723c751e8b465ee728b)  -> (artifact id: '3f757fea942b597a0203d469ca673066') in 0.015679 seconds 
========================================================================
Received Import Request.
  Time since last request: 10.928481 seconds.
  path: Assets/Scenes/5.Juego_nivel_1.unity
  artifactKey: Guid(48650c9e1c04652479ad07ae42cc6bf3) Importer(815301076,1909f56bfc062723c751e8b465ee728b)
Start importing Assets/Scenes/5.Juego_nivel_1.unity using Guid(48650c9e1c04652479ad07ae42cc6bf3) Importer(815301076,1909f56bfc062723c751e8b465ee728b)  -> (artifact id: '440fb2a23bb96582afe3faa66b5f30e7') in 0.010718 seconds 
========================================================================
Received Import Request.
  Time since last request: 35.459973 seconds.
  path: Assets/Scenes/6.Juego_nivel_2.unity
  artifactKey: Guid(19cf33477b671a64a9964ba314ec34b0) Importer(815301076,1909f56bfc062723c751e8b465ee728b)
Start importing Assets/Scenes/6.Juego_nivel_2.unity using Guid(19cf33477b671a64a9964ba314ec34b0) Importer(815301076,1909f56bfc062723c751e8b465ee728b)  -> (artifact id: '40a1b6b820547f4be01af6fef66eca03') in 0.015013 seconds 
========================================================================
Received Import Request.
  Time since last request: 47.542266 seconds.
  path: Assets/Scenes/7.Juego_nivel_3.unity
  artifactKey: Guid(874c0a7976fe5dd41ba3da995e7e9727) Importer(815301076,1909f56bfc062723c751e8b465ee728b)
Start importing Assets/Scenes/7.Juego_nivel_3.unity using Guid(874c0a7976fe5dd41ba3da995e7e9727) Importer(815301076,1909f56bfc062723c751e8b465ee728b)  -> (artifact id: '0388eb83724967715df359bb6a0aef43') in 0.013455 seconds 
========================================================================
Received Import Request.
  Time since last request: 24.658179 seconds.
  path: Assets/Scenes/8.Niveles.unity
  artifactKey: Guid(268a507494e4be645b7f04563820426a) Importer(815301076,1909f56bfc062723c751e8b465ee728b)
Start importing Assets/Scenes/8.Niveles.unity using Guid(268a507494e4be645b7f04563820426a) Importer(815301076,1909f56bfc062723c751e8b465ee728b)  -> (artifact id: 'ff94cbdb44da3b5312848f47bf93e94f') in 0.010011 seconds 
========================================================================
Received Import Request.
  Time since last request: 9.926532 seconds.
  path: Assets/Scenes/9.reanudar_juego.unity
  artifactKey: Guid(c88c063f8aab2e546ab6d45da8114972) Importer(815301076,1909f56bfc062723c751e8b465ee728b)
Start importing Assets/Scenes/9.reanudar_juego.unity using Guid(c88c063f8aab2e546ab6d45da8114972) Importer(815301076,1909f56bfc062723c751e8b465ee728b)  -> (artifact id: 'f319215ba049aa4bf72e9296723a5bd8') in 0.022433 seconds 
========================================================================
Received Prepare
Registering precompiled user dll's ...
Registered in 0.004907 seconds.
Begin MonoManager ReloadAssembly
Symbol file data-00000219C08F5020 doesn't match image C:\Users\camil\OneDrive\Desktop\Video_Juego_talu\Video_Juego_talu\Proyecto_1\Library\ScriptAssemblies\Unity.VisualScripting.Flow.Editor.dll
Symbol file LoadedFromMemory is not a mono symbol file
Symbol file data-00000219BF601020 doesn't match image C:\Users\camil\OneDrive\Desktop\Video_Juego_talu\Video_Juego_talu\Proyecto_1\Library\ScriptAssemblies\Unity.VSCode.Editor.dll
Symbol file LoadedFromMemory is not a mono symbol file
Symbol file data-00000219BF601020 doesn't match image C:\Users\camil\OneDrive\Desktop\Video_Juego_talu\Video_Juego_talu\Proyecto_1\Library\ScriptAssemblies\Unity.VisualScripting.Shared.Editor.dll
Symbol file LoadedFromMemory is not a mono symbol file
Symbol file data-00000219C1BE3F80 doesn't match image C:\Users\camil\OneDrive\Desktop\Video_Juego_talu\Video_Juego_talu\Proyecto_1\Library\ScriptAssemblies\Unity.TextMeshPro.Editor.dll
Symbol file LoadedFromMemory is not a mono symbol file
Symbol file data-00000219BEB93010 doesn't match image C:\Users\camil\OneDrive\Desktop\Video_Juego_talu\Video_Juego_talu\Proyecto_1\Library\ScriptAssemblies\Unity.Timeline.Editor.dll
Symbol file LoadedFromMemory is not a mono symbol file
Symbol file data-00000219BC23C460 doesn't match image C:\Users\camil\OneDrive\Desktop\Video_Juego_talu\Video_Juego_talu\Proyecto_1\Library\ScriptAssemblies\Unity.Timeline.dll
Symbol file LoadedFromMemory is not a mono symbol file
Symbol file data-00000219BD459030 doesn't match image C:\Users\camil\OneDrive\Desktop\Video_Juego_talu\Video_Juego_talu\Proyecto_1\Library\ScriptAssemblies\Unity.VisualScripting.Core.Editor.dll
Symbol file LoadedFromMemory is not a mono symbol file
Symbol file data-00000219B7ED8010 doesn't match image C:\Users\camil\OneDrive\Desktop\Video_Juego_talu\Video_Juego_talu\Proyecto_1\Library\ScriptAssemblies\Unity.TextMeshPro.dll
Symbol file LoadedFromMemory is not a mono symbol file
Symbol file data-00000219BDED5440 doesn't match image C:\Users\camil\OneDrive\Desktop\Video_Juego_talu\Video_Juego_talu\Proyecto_1\Library\ScriptAssemblies\Unity.VisualScripting.State.Editor.dll
Symbol file LoadedFromMemory is not a mono symbol file
Symbol file data-00000219BF601020 doesn't match image C:\Users\camil\OneDrive\Desktop\Video_Juego_talu\Video_Juego_talu\Proyecto_1\Library\ScriptAssemblies\Unity.CollabProxy.Editor.dll
Symbol file LoadedFromMemory is not a mono symbol file
Symbol file data-00000219BF601020 doesn't match image C:\Users\camil\OneDrive\Desktop\Video_Juego_talu\Video_Juego_talu\Proyecto_1\Library\ScriptAssemblies\Unity.VisualScripting.SettingsProvider.Editor.dll
Symbol file LoadedFromMemory is not a mono symbol file
Symbol file data-00000219BDBE6010 doesn't match image C:\Users\camil\OneDrive\Desktop\Video_Juego_talu\Video_Juego_talu\Proyecto_1\Library\ScriptAssemblies\Unity.VisualScripting.Flow.dll
Symbol file LoadedFromMemory is not a mono symbol file
Symbol file data-00000219BDED5440 doesn't match image C:\Users\camil\OneDrive\Desktop\Video_Juego_talu\Video_Juego_talu\Proyecto_1\Library\ScriptAssemblies\UnityEditor.UI.dll
Symbol file LoadedFromMemory is not a mono symbol file
Symbol file data-00000219C1D58460 doesn't match image C:\Users\camil\OneDrive\Desktop\Video_Juego_talu\Video_Juego_talu\Proyecto_1\Library\ScriptAssemblies\UnityEngine.UI.dll
Symbol file LoadedFromMemory is not a mono symbol file
Symbol file data-00000219C2239020 doesn't match image C:\Users\camil\OneDrive\Desktop\Video_Juego_talu\Video_Juego_talu\Proyecto_1\Library\ScriptAssemblies\Unity.VisualScripting.State.dll
Symbol file LoadedFromMemory is not a mono symbol file
Symbol file data-00000219B8235C80 doesn't match image C:\Users\camil\OneDrive\Desktop\Video_Juego_talu\Video_Juego_talu\Proyecto_1\Library\ScriptAssemblies\Unity.VisualScripting.Core.dll
Symbol file LoadedFromMemory is not a mono symbol file
Symbol file LoadedFromMemory doesn't match image C:\Users\camil\OneDrive\Desktop\Video_Juego_talu\Video_Juego_talu\Proyecto_1\Library\PackageCache\com.unity.visualscripting@1.8.0\Editor\VisualScripting.Core\Dependencies\YamlDotNet\Unity.VisualScripting.YamlDotNet.dll
Symbol file LoadedFromMemory doesn't match image C:\Users\camil\OneDrive\Desktop\Video_Juego_talu\Video_Juego_talu\Proyecto_1\Library\PackageCache\com.unity.visualscripting@1.8.0\Editor\VisualScripting.Core\Dependencies\DotNetZip\Unity.VisualScripting.IonicZip.dll
Native extension for WindowsStandalone target not found
Native extension for Android target not found
Native extension for WebGL target not found
Refreshing native plugins compatible for Editor in 0.83 ms, found 3 plugins.
Preloading 0 native plugins for Editor in 0.00 ms.
Mono: successfully reloaded assembly
- Completed reload, in  0.968 seconds
Domain Reload Profiling:
	ReloadAssembly (968ms)
		BeginReloadAssembly (137ms)
			ExecutionOrderSort (0ms)
			DisableScriptedObjects (5ms)
			BackupInstance (0ms)
			ReleaseScriptingObjects (0ms)
			CreateAndSetChildDomain (37ms)
		EndReloadAssembly (734ms)
			LoadAssemblies (90ms)
			RebuildTransferFunctionScriptingTraits (0ms)
			SetupTypeCache (224ms)
			ReleaseScriptCaches (1ms)
			RebuildScriptCaches (50ms)
			SetupLoadedEditorAssemblies (325ms)
				LogAssemblyErrors (0ms)
				InitializePlatformSupportModulesInManaged (24ms)
				SetLoadedEditorAssemblies (0ms)
				RefreshPlugins (1ms)
				BeforeProcessingInitializeOnLoad (64ms)
				ProcessInitializeOnLoadAttributes (208ms)
				ProcessInitializeOnLoadMethodAttributes (19ms)
				AfterProcessingInitializeOnLoad (8ms)
				EditorAssembliesLoaded (0ms)
			ExecutionOrderSort2 (0ms)
			AwakeInstancesAfterBackupRestoration (6ms)
Platform modules already initialized, skipping
Refreshing native plugins compatible for Editor in 2.79 ms, found 3 plugins.
Preloading 0 native plugins for Editor in 0.00 ms.
Unloading 3114 Unused Serialized files (Serialized files now loaded: 0)
Unloading 16 unused Assets / (116.2 KB). Loaded Objects now: 3647.
Memory consumption went from 115.9 MB to 115.8 MB.
Total: 2.698200 ms (FindLiveObjects: 0.278400 ms CreateObjectMapping: 0.186900 ms MarkObjects: 2.152000 ms  DeleteObjects: 0.080100 ms)

AssetImportParameters requested are different than current active one (requested -> active):
  custom:video-decoder-ogg-theora: a1e56fd34408186e4bbccfd4996cb3dc -> 
  custom:container-muxer-webm: aa71ff27fc2769a1b78a27578f13a17b -> 
  custom:container-demuxer-webm: 4f35f7cbe854078d1ac9338744f61a02 -> 
  custom:video-encoder-webm-vp8: eb34c28f22e8b96e1ab97ce403110664 -> 
  custom:audio-encoder-webm-vorbis: bf7c407c2cedff20999df2af8eb42d56 -> 
  custom:framework-win-MediaFoundation: 216162199b28c13a410421893ffa2e32 -> 
  custom:container-demuxer-ogg: 62fdf1f143b41e24485cea50d1cbac27 -> 
  custom:video-decoder-webm-vp8: 9c59270c3fd7afecdb556c50c9e8de78 -> 
  custom:audio-decoder-ogg-vorbis: bf7c407c2cedff20999df2af8eb42d56 -> 
========================================================================
Received Import Request.
  Time since last request: 276.198126 seconds.
  path: Assets/Scenes/5.Juego_nivel_1.unity
  artifactKey: Guid(48650c9e1c04652479ad07ae42cc6bf3) Importer(815301076,1909f56bfc062723c751e8b465ee728b)
Start importing Assets/Scenes/5.Juego_nivel_1.unity using Guid(48650c9e1c04652479ad07ae42cc6bf3) Importer(815301076,1909f56bfc062723c751e8b465ee728b)  -> (artifact id: '1871c5bbca5a426f39ecdbbbeb643097') in 0.009747 seconds 
========================================================================
Received Prepare
Registering precompiled user dll's ...
Registered in 0.004698 seconds.
Begin MonoManager ReloadAssembly
Symbol file data-00000219BD32D020 doesn't match image C:\Users\camil\OneDrive\Desktop\Video_Juego_talu\Video_Juego_talu\Proyecto_1\Library\ScriptAssemblies\Unity.VisualScripting.Flow.Editor.dll
Symbol file LoadedFromMemory is not a mono symbol file
Symbol file data-00000219B7984010 doesn't match image C:\Users\camil\OneDrive\Desktop\Video_Juego_talu\Video_Juego_talu\Proyecto_1\Library\ScriptAssemblies\Unity.VSCode.Editor.dll
Symbol file LoadedFromMemory is not a mono symbol file
Symbol file data-00000219BE83C020 doesn't match image C:\Users\camil\OneDrive\Desktop\Video_Juego_talu\Video_Juego_talu\Proyecto_1\Library\ScriptAssemblies\Unity.VisualScripting.Shared.Editor.dll
Symbol file LoadedFromMemory is not a mono symbol file
Symbol file data-00000219C1BE3F80 doesn't match image C:\Users\camil\OneDrive\Desktop\Video_Juego_talu\Video_Juego_talu\Proyecto_1\Library\ScriptAssemblies\Unity.TextMeshPro.Editor.dll
Symbol file LoadedFromMemory is not a mono symbol file
Symbol file data-00000219BEB93010 doesn't match image C:\Users\camil\OneDrive\Desktop\Video_Juego_talu\Video_Juego_talu\Proyecto_1\Library\ScriptAssemblies\Unity.Timeline.Editor.dll
Symbol file LoadedFromMemory is not a mono symbol file
Symbol file data-00000219BC23C460 doesn't match image C:\Users\camil\OneDrive\Desktop\Video_Juego_talu\Video_Juego_talu\Proyecto_1\Library\ScriptAssemblies\Unity.Timeline.dll
Symbol file LoadedFromMemory is not a mono symbol file
Symbol file data-00000219BD459030 doesn't match image C:\Users\camil\OneDrive\Desktop\Video_Juego_talu\Video_Juego_talu\Proyecto_1\Library\ScriptAssemblies\Unity.VisualScripting.Core.Editor.dll
Symbol file LoadedFromMemory is not a mono symbol file
Symbol file data-00000219BE040E20 doesn't match image C:\Users\camil\OneDrive\Desktop\Video_Juego_talu\Video_Juego_talu\Proyecto_1\Library\ScriptAssemblies\Unity.TextMeshPro.dll
Symbol file LoadedFromMemory is not a mono symbol file
Symbol file data-00000219C1596E50 doesn't match image C:\Users\camil\OneDrive\Desktop\Video_Juego_talu\Video_Juego_talu\Proyecto_1\Library\ScriptAssemblies\Unity.VisualScripting.State.Editor.dll
Symbol file LoadedFromMemory is not a mono symbol file
Symbol file data-00000219BE83C020 doesn't match image C:\Users\camil\OneDrive\Desktop\Video_Juego_talu\Video_Juego_talu\Proyecto_1\Library\ScriptAssemblies\Unity.CollabProxy.Editor.dll
Symbol file LoadedFromMemory is not a mono symbol file
Symbol file data-00000219BE83C020 doesn't match image C:\Users\camil\OneDrive\Desktop\Video_Juego_talu\Video_Juego_talu\Proyecto_1\Library\ScriptAssemblies\Unity.VisualScripting.SettingsProvider.Editor.dll
Symbol file LoadedFromMemory is not a mono symbol file
Symbol file data-00000219BF475020 doesn't match image C:\Users\camil\OneDrive\Desktop\Video_Juego_talu\Video_Juego_talu\Proyecto_1\Library\ScriptAssemblies\Unity.VisualScripting.Flow.dll
Symbol file LoadedFromMemory is not a mono symbol file
Symbol file data-00000219C1596E50 doesn't match image C:\Users\camil\OneDrive\Desktop\Video_Juego_talu\Video_Juego_talu\Proyecto_1\Library\ScriptAssemblies\UnityEditor.UI.dll
Symbol file LoadedFromMemory is not a mono symbol file
Symbol file data-00000219C1C98DF0 doesn't match image C:\Users\camil\OneDrive\Desktop\Video_Juego_talu\Video_Juego_talu\Proyecto_1\Library\ScriptAssemblies\UnityEngine.UI.dll
Symbol file LoadedFromMemory is not a mono symbol file
Symbol file data-00000219BC7C4010 doesn't match image C:\Users\camil\OneDrive\Desktop\Video_Juego_talu\Video_Juego_talu\Proyecto_1\Library\ScriptAssemblies\Unity.VisualScripting.State.dll
Symbol file LoadedFromMemory is not a mono symbol file
Symbol file data-00000219B8235C80 doesn't match image C:\Users\camil\OneDrive\Desktop\Video_Juego_talu\Video_Juego_talu\Proyecto_1\Library\ScriptAssemblies\Unity.VisualScripting.Core.dll
Symbol file LoadedFromMemory is not a mono symbol file
Symbol file LoadedFromMemory doesn't match image C:\Users\camil\OneDrive\Desktop\Video_Juego_talu\Video_Juego_talu\Proyecto_1\Library\PackageCache\com.unity.visualscripting@1.8.0\Editor\VisualScripting.Core\Dependencies\YamlDotNet\Unity.VisualScripting.YamlDotNet.dll
Symbol file LoadedFromMemory doesn't match image C:\Users\camil\OneDrive\Desktop\Video_Juego_talu\Video_Juego_talu\Proyecto_1\Library\PackageCache\com.unity.visualscripting@1.8.0\Editor\VisualScripting.Core\Dependencies\DotNetZip\Unity.VisualScripting.IonicZip.dll
Native extension for WindowsStandalone target not found
Native extension for Android target not found
Native extension for WebGL target not found
Refreshing native plugins compatible for Editor in 0.57 ms, found 3 plugins.
Preloading 0 native plugins for Editor in 0.00 ms.
Mono: successfully reloaded assembly
- Completed reload, in  1.161 seconds
Domain Reload Profiling:
	ReloadAssembly (1162ms)
		BeginReloadAssembly (163ms)
			ExecutionOrderSort (0ms)
			DisableScriptedObjects (8ms)
			BackupInstance (0ms)
			ReleaseScriptingObjects (0ms)
			CreateAndSetChildDomain (41ms)
		EndReloadAssembly (906ms)
			LoadAssemblies (102ms)
			RebuildTransferFunctionScriptingTraits (0ms)
			SetupTypeCache (288ms)
			ReleaseScriptCaches (1ms)
			RebuildScriptCaches (40ms)
			SetupLoadedEditorAssemblies (447ms)
				LogAssemblyErrors (0ms)
				InitializePlatformSupportModulesInManaged (20ms)
				SetLoadedEditorAssemblies (0ms)
				RefreshPlugins (1ms)
				BeforeProcessingInitializeOnLoad (62ms)
				ProcessInitializeOnLoadAttributes (319ms)
				ProcessInitializeOnLoadMethodAttributes (33ms)
				AfterProcessingInitializeOnLoad (11ms)
				EditorAssembliesLoaded (0ms)
			ExecutionOrderSort2 (0ms)
			AwakeInstancesAfterBackupRestoration (9ms)
Platform modules already initialized, skipping
Refreshing native plugins compatible for Editor in 3.79 ms, found 3 plugins.
Preloading 0 native plugins for Editor in 0.00 ms.
Unloading 3114 Unused Serialized files (Serialized files now loaded: 0)
Unloading 16 unused Assets / (116.5 KB). Loaded Objects now: 3662.
Memory consumption went from 115.9 MB to 115.8 MB.
Total: 7.112100 ms (FindLiveObjects: 0.440000 ms CreateObjectMapping: 0.442500 ms MarkObjects: 5.979800 ms  DeleteObjects: 0.246800 ms)

AssetImportParameters requested are different than current active one (requested -> active):
  custom:video-decoder-ogg-theora: a1e56fd34408186e4bbccfd4996cb3dc -> 
  custom:container-muxer-webm: aa71ff27fc2769a1b78a27578f13a17b -> 
  custom:container-demuxer-webm: 4f35f7cbe854078d1ac9338744f61a02 -> 
  custom:video-encoder-webm-vp8: eb34c28f22e8b96e1ab97ce403110664 -> 
  custom:audio-encoder-webm-vorbis: bf7c407c2cedff20999df2af8eb42d56 -> 
  custom:framework-win-MediaFoundation: 216162199b28c13a410421893ffa2e32 -> 
  custom:container-demuxer-ogg: 62fdf1f143b41e24485cea50d1cbac27 -> 
  custom:video-decoder-webm-vp8: 9c59270c3fd7afecdb556c50c9e8de78 -> 
  custom:audio-decoder-ogg-vorbis: bf7c407c2cedff20999df2af8eb42d56 -> 
========================================================================
Received Prepare
Registering precompiled user dll's ...
Registered in 0.005410 seconds.
Begin MonoManager ReloadAssembly
Symbol file data-00000219BD32D020 doesn't match image C:\Users\camil\OneDrive\Desktop\Video_Juego_talu\Video_Juego_talu\Proyecto_1\Library\ScriptAssemblies\Unity.VisualScripting.Flow.Editor.dll
Symbol file LoadedFromMemory is not a mono symbol file
Symbol file data-00000219BE1661A0 doesn't match image C:\Users\camil\OneDrive\Desktop\Video_Juego_talu\Video_Juego_talu\Proyecto_1\Library\ScriptAssemblies\Unity.VSCode.Editor.dll
Symbol file LoadedFromMemory is not a mono symbol file
Symbol file data-00000219C0E5F650 doesn't match image C:\Users\camil\OneDrive\Desktop\Video_Juego_talu\Video_Juego_talu\Proyecto_1\Library\ScriptAssemblies\Unity.VisualScripting.Shared.Editor.dll
Symbol file LoadedFromMemory is not a mono symbol file
Symbol file data-00000219BC603030 doesn't match image C:\Users\camil\OneDrive\Desktop\Video_Juego_talu\Video_Juego_talu\Proyecto_1\Library\ScriptAssemblies\Unity.TextMeshPro.Editor.dll
Symbol file LoadedFromMemory is not a mono symbol file
Symbol file data-00000219BEB93010 doesn't match image C:\Users\camil\OneDrive\Desktop\Video_Juego_talu\Video_Juego_talu\Proyecto_1\Library\ScriptAssemblies\Unity.Timeline.Editor.dll
Symbol file LoadedFromMemory is not a mono symbol file
Symbol file data-00000219BC23C460 doesn't match image C:\Users\camil\OneDrive\Desktop\Video_Juego_talu\Video_Juego_talu\Proyecto_1\Library\ScriptAssemblies\Unity.Timeline.dll
Symbol file LoadedFromMemory is not a mono symbol file
Symbol file data-00000219BD459030 doesn't match image C:\Users\camil\OneDrive\Desktop\Video_Juego_talu\Video_Juego_talu\Proyecto_1\Library\ScriptAssemblies\Unity.VisualScripting.Core.Editor.dll
Symbol file LoadedFromMemory is not a mono symbol file
Symbol file data-00000219C24650C0 doesn't match image C:\Users\camil\OneDrive\Desktop\Video_Juego_talu\Video_Juego_talu\Proyecto_1\Library\ScriptAssemblies\Unity.TextMeshPro.dll
Symbol file LoadedFromMemory is not a mono symbol file
Symbol file data-00000219C17BEAA0 doesn't match image C:\Users\camil\OneDrive\Desktop\Video_Juego_talu\Video_Juego_talu\Proyecto_1\Library\ScriptAssemblies\Unity.VisualScripting.State.Editor.dll
Symbol file LoadedFromMemory is not a mono symbol file
Symbol file data-00000219B7FD9A90 doesn't match image C:\Users\camil\OneDrive\Desktop\Video_Juego_talu\Video_Juego_talu\Proyecto_1\Library\ScriptAssemblies\Unity.CollabProxy.Editor.dll
Symbol file LoadedFromMemory is not a mono symbol file
Symbol file data-00000219C0E5F650 doesn't match image C:\Users\camil\OneDrive\Desktop\Video_Juego_talu\Video_Juego_talu\Proyecto_1\Library\ScriptAssemblies\Unity.VisualScripting.SettingsProvider.Editor.dll
Symbol file LoadedFromMemory is not a mono symbol file
Symbol file data-00000219BDBE6010 doesn't match image C:\Users\camil\OneDrive\Desktop\Video_Juego_talu\Video_Juego_talu\Proyecto_1\Library\ScriptAssemblies\Unity.VisualScripting.Flow.dll
Symbol file LoadedFromMemory is not a mono symbol file
Symbol file data-00000219C17BEAA0 doesn't match image C:\Users\camil\OneDrive\Desktop\Video_Juego_talu\Video_Juego_talu\Proyecto_1\Library\ScriptAssemblies\UnityEditor.UI.dll
Symbol file LoadedFromMemory is not a mono symbol file
Symbol file data-00000219C1B0C0B0 doesn't match image C:\Users\camil\OneDrive\Desktop\Video_Juego_talu\Video_Juego_talu\Proyecto_1\Library\ScriptAssemblies\UnityEngine.UI.dll
Symbol file LoadedFromMemory is not a mono symbol file
Symbol file data-00000219BC7C4010 doesn't match image C:\Users\camil\OneDrive\Desktop\Video_Juego_talu\Video_Juego_talu\Proyecto_1\Library\ScriptAssemblies\Unity.VisualScripting.State.dll
Symbol file LoadedFromMemory is not a mono symbol file
Symbol file data-0000021A057A16A0 doesn't match image C:\Users\camil\OneDrive\Desktop\Video_Juego_talu\Video_Juego_talu\Proyecto_1\Library\ScriptAssemblies\Unity.VisualScripting.Core.dll
Symbol file LoadedFromMemory is not a mono symbol file
Symbol file LoadedFromMemory doesn't match image C:\Users\camil\OneDrive\Desktop\Video_Juego_talu\Video_Juego_talu\Proyecto_1\Library\PackageCache\com.unity.visualscripting@1.8.0\Editor\VisualScripting.Core\Dependencies\YamlDotNet\Unity.VisualScripting.YamlDotNet.dll
Symbol file LoadedFromMemory doesn't match image C:\Users\camil\OneDrive\Desktop\Video_Juego_talu\Video_Juego_talu\Proyecto_1\Library\PackageCache\com.unity.visualscripting@1.8.0\Editor\VisualScripting.Core\Dependencies\DotNetZip\Unity.VisualScripting.IonicZip.dll
Native extension for WindowsStandalone target not found
Native extension for Android target not found
Native extension for WebGL target not found
Refreshing native plugins compatible for Editor in 0.53 ms, found 3 plugins.
Preloading 0 native plugins for Editor in 0.00 ms.
Mono: successfully reloaded assembly
- Completed reload, in  1.112 seconds
Domain Reload Profiling:
	ReloadAssembly (1113ms)
		BeginReloadAssembly (148ms)
			ExecutionOrderSort (0ms)
			DisableScriptedObjects (5ms)
			BackupInstance (0ms)
			ReleaseScriptingObjects (0ms)
			CreateAndSetChildDomain (35ms)
		EndReloadAssembly (859ms)
			LoadAssemblies (104ms)
			RebuildTransferFunctionScriptingTraits (0ms)
			SetupTypeCache (268ms)
			ReleaseScriptCaches (1ms)
			RebuildScriptCaches (49ms)
			SetupLoadedEditorAssemblies (397ms)
				LogAssemblyErrors (0ms)
				InitializePlatformSupportModulesInManaged (20ms)
				SetLoadedEditorAssemblies (0ms)
				RefreshPlugins (1ms)
				BeforeProcessingInitializeOnLoad (57ms)
				ProcessInitializeOnLoadAttributes (275ms)
				ProcessInitializeOnLoadMethodAttributes (33ms)
				AfterProcessingInitializeOnLoad (10ms)
				EditorAssembliesLoaded (0ms)
			ExecutionOrderSort2 (0ms)
			AwakeInstancesAfterBackupRestoration (8ms)
Platform modules already initialized, skipping
Refreshing native plugins compatible for Editor in 3.12 ms, found 3 plugins.
Preloading 0 native plugins for Editor in 0.00 ms.
Unloading 3114 Unused Serialized files (Serialized files now loaded: 0)
Unloading 16 unused Assets / (116.5 KB). Loaded Objects now: 3677.
Memory consumption went from 115.9 MB to 115.8 MB.
Total: 4.767600 ms (FindLiveObjects: 0.677000 ms CreateObjectMapping: 0.505500 ms MarkObjects: 3.483600 ms  DeleteObjects: 0.099900 ms)

AssetImportParameters requested are different than current active one (requested -> active):
  custom:video-decoder-ogg-theora: a1e56fd34408186e4bbccfd4996cb3dc -> 
  custom:container-muxer-webm: aa71ff27fc2769a1b78a27578f13a17b -> 
  custom:container-demuxer-webm: 4f35f7cbe854078d1ac9338744f61a02 -> 
  custom:video-encoder-webm-vp8: eb34c28f22e8b96e1ab97ce403110664 -> 
  custom:audio-encoder-webm-vorbis: bf7c407c2cedff20999df2af8eb42d56 -> 
  custom:framework-win-MediaFoundation: 216162199b28c13a410421893ffa2e32 -> 
  custom:container-demuxer-ogg: 62fdf1f143b41e24485cea50d1cbac27 -> 
  custom:video-decoder-webm-vp8: 9c59270c3fd7afecdb556c50c9e8de78 -> 
  custom:audio-decoder-ogg-vorbis: bf7c407c2cedff20999df2af8eb42d56 -> 
========================================================================
Received Import Request.
  Time since last request: 140.801706 seconds.
  path: Assets/Scenes/9.reanudar_juego.unity
  artifactKey: Guid(c88c063f8aab2e546ab6d45da8114972) Importer(815301076,1909f56bfc062723c751e8b465ee728b)
Start importing Assets/Scenes/9.reanudar_juego.unity using Guid(c88c063f8aab2e546ab6d45da8114972) Importer(815301076,1909f56bfc062723c751e8b465ee728b)  -> (artifact id: '28f36997554b58ae3383c2723d8d9004') in 0.010168 seconds 
========================================================================
Received Prepare
Registering precompiled user dll's ...
Registered in 0.005145 seconds.
Begin MonoManager ReloadAssembly
Symbol file data-00000219BD32D020 doesn't match image C:\Users\camil\OneDrive\Desktop\Video_Juego_talu\Video_Juego_talu\Proyecto_1\Library\ScriptAssemblies\Unity.VisualScripting.Flow.Editor.dll
Symbol file LoadedFromMemory is not a mono symbol file
Symbol file data-00000219BE15E4A0 doesn't match image C:\Users\camil\OneDrive\Desktop\Video_Juego_talu\Video_Juego_talu\Proyecto_1\Library\ScriptAssemblies\Unity.VSCode.Editor.dll
Symbol file LoadedFromMemory is not a mono symbol file
Symbol file data-00000219BDD66020 doesn't match image C:\Users\camil\OneDrive\Desktop\Video_Juego_talu\Video_Juego_talu\Proyecto_1\Library\ScriptAssemblies\Unity.VisualScripting.Shared.Editor.dll
Symbol file LoadedFromMemory is not a mono symbol file
Symbol file data-00000219BC603030 doesn't match image C:\Users\camil\OneDrive\Desktop\Video_Juego_talu\Video_Juego_talu\Proyecto_1\Library\ScriptAssemblies\Unity.TextMeshPro.Editor.dll
Symbol file LoadedFromMemory is not a mono symbol file
Symbol file data-00000219C2131010 doesn't match image C:\Users\camil\OneDrive\Desktop\Video_Juego_talu\Video_Juego_talu\Proyecto_1\Library\ScriptAssemblies\Unity.Timeline.Editor.dll
Symbol file LoadedFromMemory is not a mono symbol file
Symbol file data-00000219BC23C460 doesn't match image C:\Users\camil\OneDrive\Desktop\Video_Juego_talu\Video_Juego_talu\Proyecto_1\Library\ScriptAssemblies\Unity.Timeline.dll
Symbol file LoadedFromMemory is not a mono symbol file
Symbol file data-00000219BD459030 doesn't match image C:\Users\camil\OneDrive\Desktop\Video_Juego_talu\Video_Juego_talu\Proyecto_1\Library\ScriptAssemblies\Unity.VisualScripting.Core.Editor.dll
Symbol file LoadedFromMemory is not a mono symbol file
Symbol file data-00000219C24650C0 doesn't match image C:\Users\camil\OneDrive\Desktop\Video_Juego_talu\Video_Juego_talu\Proyecto_1\Library\ScriptAssemblies\Unity.TextMeshPro.dll
Symbol file LoadedFromMemory is not a mono symbol file
Symbol file data-00000219C1596E50 doesn't match image C:\Users\camil\OneDrive\Desktop\Video_Juego_talu\Video_Juego_talu\Proyecto_1\Library\ScriptAssemblies\Unity.VisualScripting.State.Editor.dll
Symbol file LoadedFromMemory is not a mono symbol file
Symbol file data-00000219BDD66020 doesn't match image C:\Users\camil\OneDrive\Desktop\Video_Juego_talu\Video_Juego_talu\Proyecto_1\Library\ScriptAssemblies\Unity.CollabProxy.Editor.dll
Symbol file LoadedFromMemory is not a mono symbol file
Symbol file data-00000219BDD66020 doesn't match image C:\Users\camil\OneDrive\Desktop\Video_Juego_talu\Video_Juego_talu\Proyecto_1\Library\ScriptAssemblies\Unity.VisualScripting.SettingsProvider.Editor.dll
Symbol file LoadedFromMemory is not a mono symbol file
Symbol file data-00000219BDBE6010 doesn't match image C:\Users\camil\OneDrive\Desktop\Video_Juego_talu\Video_Juego_talu\Proyecto_1\Library\ScriptAssemblies\Unity.VisualScripting.Flow.dll
Symbol file LoadedFromMemory is not a mono symbol file
Symbol file data-00000219C1596E50 doesn't match image C:\Users\camil\OneDrive\Desktop\Video_Juego_talu\Video_Juego_talu\Proyecto_1\Library\ScriptAssemblies\UnityEditor.UI.dll
Symbol file LoadedFromMemory is not a mono symbol file
Symbol file data-00000219C1C98DF0 doesn't match image C:\Users\camil\OneDrive\Desktop\Video_Juego_talu\Video_Juego_talu\Proyecto_1\Library\ScriptAssemblies\UnityEngine.UI.dll
Symbol file LoadedFromMemory is not a mono symbol file
Symbol file data-00000219BE1661A0 doesn't match image C:\Users\camil\OneDrive\Desktop\Video_Juego_talu\Video_Juego_talu\Proyecto_1\Library\ScriptAssemblies\Unity.VisualScripting.State.dll
Symbol file LoadedFromMemory is not a mono symbol file
Symbol file data-00000219C06DA030 doesn't match image C:\Users\camil\OneDrive\Desktop\Video_Juego_talu\Video_Juego_talu\Proyecto_1\Library\ScriptAssemblies\Unity.VisualScripting.Core.dll
Symbol file LoadedFromMemory is not a mono symbol file
Symbol file LoadedFromMemory doesn't match image C:\Users\camil\OneDrive\Desktop\Video_Juego_talu\Video_Juego_talu\Proyecto_1\Library\PackageCache\com.unity.visualscripting@1.8.0\Editor\VisualScripting.Core\Dependencies\YamlDotNet\Unity.VisualScripting.YamlDotNet.dll
Symbol file LoadedFromMemory doesn't match image C:\Users\camil\OneDrive\Desktop\Video_Juego_talu\Video_Juego_talu\Proyecto_1\Library\PackageCache\com.unity.visualscripting@1.8.0\Editor\VisualScripting.Core\Dependencies\DotNetZip\Unity.VisualScripting.IonicZip.dll
Native extension for WindowsStandalone target not found
Native extension for Android target not found
Native extension for WebGL target not found
Refreshing native plugins compatible for Editor in 0.94 ms, found 3 plugins.
Preloading 0 native plugins for Editor in 0.00 ms.
Mono: successfully reloaded assembly
- Completed reload, in  1.119 seconds
Domain Reload Profiling:
	ReloadAssembly (1120ms)
		BeginReloadAssembly (152ms)
			ExecutionOrderSort (0ms)
			DisableScriptedObjects (5ms)
			BackupInstance (0ms)
			ReleaseScriptingObjects (0ms)
			CreateAndSetChildDomain (35ms)
		EndReloadAssembly (867ms)
			LoadAssemblies (114ms)
			RebuildTransferFunctionScriptingTraits (0ms)
			SetupTypeCache (235ms)
			ReleaseScriptCaches (2ms)
			RebuildScriptCaches (55ms)
			SetupLoadedEditorAssemblies (415ms)
				LogAssemblyErrors (0ms)
				InitializePlatformSupportModulesInManaged (23ms)
				SetLoadedEditorAssemblies (1ms)
				RefreshPlugins (1ms)
				BeforeProcessingInitializeOnLoad (58ms)
				ProcessInitializeOnLoadAttributes (288ms)
				ProcessInitializeOnLoadMethodAttributes (34ms)
				AfterProcessingInitializeOnLoad (11ms)
				EditorAssembliesLoaded (0ms)
			ExecutionOrderSort2 (0ms)
			AwakeInstancesAfterBackupRestoration (8ms)
Platform modules already initialized, skipping
Refreshing native plugins compatible for Editor in 2.72 ms, found 3 plugins.
Preloading 0 native plugins for Editor in 0.00 ms.
Unloading 3114 Unused Serialized files (Serialized files now loaded: 0)
Unloading 16 unused Assets / (116.4 KB). Loaded Objects now: 3692.
Memory consumption went from 116.0 MB to 115.8 MB.
Total: 5.131100 ms (FindLiveObjects: 0.353600 ms CreateObjectMapping: 0.323200 ms MarkObjects: 4.291400 ms  DeleteObjects: 0.161500 ms)

AssetImportParameters requested are different than current active one (requested -> active):
  custom:video-decoder-ogg-theora: a1e56fd34408186e4bbccfd4996cb3dc -> 
  custom:container-muxer-webm: aa71ff27fc2769a1b78a27578f13a17b -> 
  custom:container-demuxer-webm: 4f35f7cbe854078d1ac9338744f61a02 -> 
  custom:video-encoder-webm-vp8: eb34c28f22e8b96e1ab97ce403110664 -> 
  custom:audio-encoder-webm-vorbis: bf7c407c2cedff20999df2af8eb42d56 -> 
  custom:framework-win-MediaFoundation: 216162199b28c13a410421893ffa2e32 -> 
  custom:container-demuxer-ogg: 62fdf1f143b41e24485cea50d1cbac27 -> 
  custom:video-decoder-webm-vp8: 9c59270c3fd7afecdb556c50c9e8de78 -> 
  custom:audio-decoder-ogg-vorbis: bf7c407c2cedff20999df2af8eb42d56 -> 
========================================================================
Received Import Request.
  Time since last request: 66.313613 seconds.
  path: ProjectSettings/TagManager.asset
  artifactKey: Guid(00000000000000003000000000000000) Importer(815301076,1909f56bfc062723c751e8b465ee728b)
Start importing ProjectSettings/TagManager.asset using Guid(00000000000000003000000000000000) Importer(815301076,1909f56bfc062723c751e8b465ee728b)  -> (artifact id: '5f74b9f0782f3ffe8a654b2b60a9f33c') in 0.049273 seconds 
