Using pre-set license
Built from '2021.3/release' branch; Version is '2021.3.27f1 (ca3ffb99bcc6) revision 13254651'; Using compiler version '192829333'; Build Type 'Release'
OS: 'Windows 11  (10.0.22621) 64bit CoreSingleLanguage' Language: 'es' Physical Memory: 8023 MB
BatchMode: 1, IsHumanControllingUs: 0, StartBugReporterOnCrash: 0, Is64bit: 1, IsPro: 1

COMMAND LINE ARGUMENTS:
C:\Program Files\Unity\Hub\Editor\2021.3.27f1\Editor\Unity.exe
-adb2
-batchMode
-noUpm
-name
AssetImportWorker4
-projectPath
C:/Users/camil/OneDrive/Desktop/Video_Juego_talu/Video_Juego_talu/Proyecto_1
-logFile
Logs/AssetImportWorker4.log
-srvPort
51188
Successfully changed project path to: C:/Users/camil/OneDrive/Desktop/Video_Juego_talu/Video_Juego_talu/Proyecto_1
C:/Users/camil/OneDrive/Desktop/Video_Juego_talu/Video_Juego_talu/Proyecto_1
[UnityMemory] Configuration Parameters - Can be set up in boot.config
    "memorysetup-bucket-allocator-granularity=16"
    "memorysetup-bucket-allocator-bucket-count=8"
    "memorysetup-bucket-allocator-block-size=33554432"
    "memorysetup-bucket-allocator-block-count=8"
    "memorysetup-main-allocator-block-size=16777216"
    "memorysetup-thread-allocator-block-size=16777216"
    "memorysetup-gfx-main-allocator-block-size=16777216"
    "memorysetup-gfx-thread-allocator-block-size=16777216"
    "memorysetup-cache-allocator-block-size=4194304"
    "memorysetup-typetree-allocator-block-size=2097152"
    "memorysetup-profiler-bucket-allocator-granularity=16"
    "memorysetup-profiler-bucket-allocator-bucket-count=8"
    "memorysetup-profiler-bucket-allocator-block-size=33554432"
    "memorysetup-profiler-bucket-allocator-block-count=8"
    "memorysetup-profiler-allocator-block-size=16777216"
    "memorysetup-profiler-editor-allocator-block-size=1048576"
    "memorysetup-temp-allocator-size-main=16777216"
    "memorysetup-job-temp-allocator-block-size=2097152"
    "memorysetup-job-temp-allocator-block-size-background=1048576"
    "memorysetup-job-temp-allocator-reduction-small-platforms=262144"
    "memorysetup-temp-allocator-size-background-worker=32768"
    "memorysetup-temp-allocator-size-job-worker=262144"
    "memorysetup-temp-allocator-size-preload-manager=33554432"
    "memorysetup-temp-allocator-size-nav-mesh-worker=65536"
    "memorysetup-temp-allocator-size-audio-worker=65536"
    "memorysetup-temp-allocator-size-cloud-worker=32768"
    "memorysetup-temp-allocator-size-gi-baking-worker=262144"
    "memorysetup-temp-allocator-size-gfx=262144"
Player connection [8952] Host "[IP] 192.168.20.73 [Port] 0 [Flags] 2 [Guid] 3755202031 [EditorId] 3755202031 [Version] 1048832 [Id] WindowsEditor(7,8-Man) [Debug] 1 [PackageName] WindowsEditor [ProjectName] Editor" joined multi-casting on [225.0.0.222:54997]...

Player connection [8952] Host "[IP] 192.168.20.73 [Port] 0 [Flags] 2 [Guid] 3755202031 [EditorId] 3755202031 [Version] 1048832 [Id] WindowsEditor(7,8-Man) [Debug] 1 [PackageName] WindowsEditor [ProjectName] Editor" joined alternative multi-casting on [225.0.0.222:34997]...

Refreshing native plugins compatible for Editor in 128.02 ms, found 3 plugins.
Preloading 0 native plugins for Editor in 0.00 ms.
Initialize engine version: 2021.3.27f1 (ca3ffb99bcc6)
[Subsystems] Discovering subsystems at path C:/Program Files/Unity/Hub/Editor/2021.3.27f1/Editor/Data/Resources/UnitySubsystems
[Subsystems] Discovering subsystems at path C:/Users/camil/OneDrive/Desktop/Video_Juego_talu/Video_Juego_talu/Proyecto_1/Assets
GfxDevice: creating device client; threaded=0; jobified=0
Direct3D:
    Version:  Direct3D 11.0 [level 11.1]
    Renderer: NVIDIA GeForce GTX 1650 (ID=0x1f99)
    Vendor:   NVIDIA
    VRAM:     3962 MB
    Driver:   30.0.15.1259
Initialize mono
Mono path[0] = 'C:/Program Files/Unity/Hub/Editor/2021.3.27f1/Editor/Data/Managed'
Mono path[1] = 'C:/Program Files/Unity/Hub/Editor/2021.3.27f1/Editor/Data/MonoBleedingEdge/lib/mono/unityjit-win32'
Mono config path = 'C:/Program Files/Unity/Hub/Editor/2021.3.27f1/Editor/Data/MonoBleedingEdge/etc'
Using monoOptions --debugger-agent=transport=dt_socket,embedding=1,server=y,suspend=n,address=127.0.0.1:56028
Begin MonoManager ReloadAssembly
Registering precompiled unity dll's ...
Register platform support module: C:/Program Files/Unity/Hub/Editor/2021.3.27f1/Editor/Data/PlaybackEngines/WebGLSupport/UnityEditor.WebGL.Extensions.dll
Register platform support module: C:/Program Files/Unity/Hub/Editor/2021.3.27f1/Editor/Data/PlaybackEngines/AndroidPlayer/UnityEditor.Android.Extensions.dll
Register platform support module: C:/Program Files/Unity/Hub/Editor/2021.3.27f1/Editor/Data/PlaybackEngines/WindowsStandaloneSupport/UnityEditor.WindowsStandalone.Extensions.dll
Registered in 0.009517 seconds.
Native extension for WindowsStandalone target not found
Native extension for Android target not found
Android Extension - Scanning For ADB Devices 599 ms
Native extension for WebGL target not found
Refreshing native plugins compatible for Editor in 127.71 ms, found 3 plugins.
Preloading 0 native plugins for Editor in 0.00 ms.
Mono: successfully reloaded assembly
- Completed reload, in  1.695 seconds
Domain Reload Profiling:
	ReloadAssembly (1696ms)
		BeginReloadAssembly (142ms)
			ExecutionOrderSort (0ms)
			DisableScriptedObjects (0ms)
			BackupInstance (0ms)
			ReleaseScriptingObjects (0ms)
			CreateAndSetChildDomain (1ms)
		EndReloadAssembly (1401ms)
			LoadAssemblies (139ms)
			RebuildTransferFunctionScriptingTraits (0ms)
			SetupTypeCache (188ms)
			ReleaseScriptCaches (0ms)
			RebuildScriptCaches (42ms)
			SetupLoadedEditorAssemblies (1099ms)
				LogAssemblyErrors (0ms)
				InitializePlatformSupportModulesInManaged (764ms)
				SetLoadedEditorAssemblies (0ms)
				RefreshPlugins (128ms)
				BeforeProcessingInitializeOnLoad (2ms)
				ProcessInitializeOnLoadAttributes (131ms)
				ProcessInitializeOnLoadMethodAttributes (74ms)
				AfterProcessingInitializeOnLoad (0ms)
				EditorAssembliesLoaded (0ms)
			ExecutionOrderSort2 (0ms)
			AwakeInstancesAfterBackupRestoration (0ms)
Platform modules already initialized, skipping
Registering precompiled user dll's ...
Registered in 0.008256 seconds.
Begin MonoManager ReloadAssembly
Symbol file data-00000243BEBFEFA0 doesn't match image C:\Users\camil\OneDrive\Desktop\Video_Juego_talu\Video_Juego_talu\Proyecto_1\Library\ScriptAssemblies\Unity.VisualScripting.Flow.Editor.dll
Symbol file LoadedFromMemory is not a mono symbol file
Symbol file data-00000243C0318020 doesn't match image C:\Users\camil\OneDrive\Desktop\Video_Juego_talu\Video_Juego_talu\Proyecto_1\Library\ScriptAssemblies\Unity.VSCode.Editor.dll
Symbol file LoadedFromMemory is not a mono symbol file
Symbol file data-00000243C0318020 doesn't match image C:\Users\camil\OneDrive\Desktop\Video_Juego_talu\Video_Juego_talu\Proyecto_1\Library\ScriptAssemblies\Unity.VisualScripting.Shared.Editor.dll
Symbol file LoadedFromMemory is not a mono symbol file
Symbol file data-00000243BEF92840 doesn't match image C:\Users\camil\OneDrive\Desktop\Video_Juego_talu\Video_Juego_talu\Proyecto_1\Library\ScriptAssemblies\Unity.TextMeshPro.Editor.dll
Symbol file LoadedFromMemory is not a mono symbol file
Symbol file data-00000243C06B8020 doesn't match image C:\Users\camil\OneDrive\Desktop\Video_Juego_talu\Video_Juego_talu\Proyecto_1\Library\ScriptAssemblies\Unity.Timeline.Editor.dll
Symbol file LoadedFromMemory is not a mono symbol file
Symbol file data-00000243BF270020 doesn't match image C:\Users\camil\OneDrive\Desktop\Video_Juego_talu\Video_Juego_talu\Proyecto_1\Library\ScriptAssemblies\Unity.Timeline.dll
Symbol file LoadedFromMemory is not a mono symbol file
Symbol file data-00000243C06B8020 doesn't match image C:\Users\camil\OneDrive\Desktop\Video_Juego_talu\Video_Juego_talu\Proyecto_1\Library\ScriptAssemblies\Unity.VisualScripting.Core.Editor.dll
Symbol file LoadedFromMemory is not a mono symbol file
Symbol file data-00000243C06B8020 doesn't match image C:\Users\camil\OneDrive\Desktop\Video_Juego_talu\Video_Juego_talu\Proyecto_1\Library\ScriptAssemblies\Unity.TextMeshPro.dll
Symbol file LoadedFromMemory is not a mono symbol file
Symbol file data-00000243BEFA9A50 doesn't match image C:\Users\camil\OneDrive\Desktop\Video_Juego_talu\Video_Juego_talu\Proyecto_1\Library\ScriptAssemblies\Unity.VisualScripting.State.Editor.dll
Symbol file LoadedFromMemory is not a mono symbol file
Symbol file data-00000243C17BCE30 doesn't match image C:\Users\camil\OneDrive\Desktop\Video_Juego_talu\Video_Juego_talu\Proyecto_1\Library\ScriptAssemblies\Unity.CollabProxy.Editor.dll
Symbol file LoadedFromMemory is not a mono symbol file
Symbol file data-00000243C17BCE30 doesn't match image C:\Users\camil\OneDrive\Desktop\Video_Juego_talu\Video_Juego_talu\Proyecto_1\Library\ScriptAssemblies\Unity.VisualScripting.SettingsProvider.Editor.dll
Symbol file LoadedFromMemory is not a mono symbol file
Symbol file data-00000243C0518020 doesn't match image C:\Users\camil\OneDrive\Desktop\Video_Juego_talu\Video_Juego_talu\Proyecto_1\Library\ScriptAssemblies\Unity.VisualScripting.Flow.dll
Symbol file LoadedFromMemory is not a mono symbol file
Symbol file data-00000243BEFA9A50 doesn't match image C:\Users\camil\OneDrive\Desktop\Video_Juego_talu\Video_Juego_talu\Proyecto_1\Library\ScriptAssemblies\UnityEditor.UI.dll
Symbol file LoadedFromMemory is not a mono symbol file
Symbol file data-00000243BAD0CF70 doesn't match image C:\Users\camil\OneDrive\Desktop\Video_Juego_talu\Video_Juego_talu\Proyecto_1\Library\ScriptAssemblies\UnityEngine.UI.dll
Symbol file LoadedFromMemory is not a mono symbol file
Symbol file data-00000243BB243030 doesn't match image C:\Users\camil\OneDrive\Desktop\Video_Juego_talu\Video_Juego_talu\Proyecto_1\Library\ScriptAssemblies\Unity.VisualScripting.State.dll
Symbol file LoadedFromMemory is not a mono symbol file
Symbol file data-00000243BAD0CF70 doesn't match image C:\Users\camil\OneDrive\Desktop\Video_Juego_talu\Video_Juego_talu\Proyecto_1\Library\ScriptAssemblies\Unity.VisualScripting.Core.dll
Symbol file LoadedFromMemory is not a mono symbol file
Symbol file LoadedFromMemory doesn't match image C:\Users\camil\OneDrive\Desktop\Video_Juego_talu\Video_Juego_talu\Proyecto_1\Library\PackageCache\com.unity.visualscripting@1.8.0\Editor\VisualScripting.Core\Dependencies\YamlDotNet\Unity.VisualScripting.YamlDotNet.dll
Symbol file LoadedFromMemory doesn't match image C:\Users\camil\OneDrive\Desktop\Video_Juego_talu\Video_Juego_talu\Proyecto_1\Library\PackageCache\com.unity.visualscripting@1.8.0\Editor\VisualScripting.Core\Dependencies\DotNetZip\Unity.VisualScripting.IonicZip.dll
Native extension for WindowsStandalone target not found
Native extension for Android target not found
Native extension for WebGL target not found
Refreshing native plugins compatible for Editor in 0.66 ms, found 3 plugins.
Preloading 0 native plugins for Editor in 0.00 ms.
Mono: successfully reloaded assembly
- Completed reload, in  2.647 seconds
Domain Reload Profiling:
	ReloadAssembly (2649ms)
		BeginReloadAssembly (194ms)
			ExecutionOrderSort (0ms)
			DisableScriptedObjects (8ms)
			BackupInstance (0ms)
			ReleaseScriptingObjects (0ms)
			CreateAndSetChildDomain (30ms)
		EndReloadAssembly (2208ms)
			LoadAssemblies (988ms)
			RebuildTransferFunctionScriptingTraits (0ms)
			SetupTypeCache (382ms)
			ReleaseScriptCaches (1ms)
			RebuildScriptCaches (90ms)
			SetupLoadedEditorAssemblies (687ms)
				LogAssemblyErrors (0ms)
				InitializePlatformSupportModulesInManaged (36ms)
				SetLoadedEditorAssemblies (1ms)
				RefreshPlugins (1ms)
				BeforeProcessingInitializeOnLoad (141ms)
				ProcessInitializeOnLoadAttributes (459ms)
				ProcessInitializeOnLoadMethodAttributes (40ms)
				AfterProcessingInitializeOnLoad (10ms)
				EditorAssembliesLoaded (0ms)
			ExecutionOrderSort2 (0ms)
			AwakeInstancesAfterBackupRestoration (9ms)
Platform modules already initialized, skipping
========================================================================
Worker process is ready to serve import requests
Launched and connected shader compiler UnityShaderCompiler.exe after 0.28 seconds
Refreshing native plugins compatible for Editor in 0.78 ms, found 3 plugins.
Preloading 0 native plugins for Editor in 0.00 ms.
Unloading 3133 Unused Serialized files (Serialized files now loaded: 0)
Unloading 34 unused Assets / (119.8 KB). Loaded Objects now: 3597.
Memory consumption went from 117.9 MB to 117.8 MB.
Total: 4.334600 ms (FindLiveObjects: 0.355800 ms CreateObjectMapping: 0.299500 ms MarkObjects: 3.552800 ms  DeleteObjects: 0.125300 ms)

AssetImportParameters requested are different than current active one (requested -> active):
  custom:video-decoder-ogg-theora: a1e56fd34408186e4bbccfd4996cb3dc -> 
  custom:container-muxer-webm: aa71ff27fc2769a1b78a27578f13a17b -> 
  custom:container-demuxer-webm: 4f35f7cbe854078d1ac9338744f61a02 -> 
  custom:video-encoder-webm-vp8: eb34c28f22e8b96e1ab97ce403110664 -> 
  custom:audio-encoder-webm-vorbis: bf7c407c2cedff20999df2af8eb42d56 -> 
  custom:framework-win-MediaFoundation: 216162199b28c13a410421893ffa2e32 -> 
  custom:container-demuxer-ogg: 62fdf1f143b41e24485cea50d1cbac27 -> 
  custom:video-decoder-webm-vp8: 9c59270c3fd7afecdb556c50c9e8de78 -> 
  custom:audio-decoder-ogg-vorbis: bf7c407c2cedff20999df2af8eb42d56 -> 
========================================================================
Received Import Request.
  Time since last request: 514532.801577 seconds.
  path: Assets/code
  artifactKey: Guid(1958784eb87d85249854c60283fcc06b) Importer(815301076,1909f56bfc062723c751e8b465ee728b)
Start importing Assets/code using Guid(1958784eb87d85249854c60283fcc06b) Importer(815301076,1909f56bfc062723c751e8b465ee728b)  -> (artifact id: 'c4806e1e2714a92ba6828c4868ca8bb0') in 0.095802 seconds 
========================================================================
Received Prepare
Registering precompiled user dll's ...
Registered in 0.007405 seconds.
Begin MonoManager ReloadAssembly
Symbol file data-00000243C0858020 doesn't match image C:\Users\camil\OneDrive\Desktop\Video_Juego_talu\Video_Juego_talu\Proyecto_1\Library\ScriptAssemblies\Unity.VisualScripting.Flow.Editor.dll
Symbol file LoadedFromMemory is not a mono symbol file
Symbol file data-00000243C0A7C020 doesn't match image C:\Users\camil\OneDrive\Desktop\Video_Juego_talu\Video_Juego_talu\Proyecto_1\Library\ScriptAssemblies\Unity.VSCode.Editor.dll
Symbol file LoadedFromMemory is not a mono symbol file
Symbol file data-00000243C0A7C020 doesn't match image C:\Users\camil\OneDrive\Desktop\Video_Juego_talu\Video_Juego_talu\Proyecto_1\Library\ScriptAssemblies\Unity.VisualScripting.Shared.Editor.dll
Symbol file LoadedFromMemory is not a mono symbol file
Symbol file data-00000243BF749020 doesn't match image C:\Users\camil\OneDrive\Desktop\Video_Juego_talu\Video_Juego_talu\Proyecto_1\Library\ScriptAssemblies\Unity.TextMeshPro.Editor.dll
Symbol file LoadedFromMemory is not a mono symbol file
Symbol file data-00000243BEBD1010 doesn't match image C:\Users\camil\OneDrive\Desktop\Video_Juego_talu\Video_Juego_talu\Proyecto_1\Library\ScriptAssemblies\Unity.Timeline.Editor.dll
Symbol file LoadedFromMemory is not a mono symbol file
Symbol file data-00000243C3934030 doesn't match image C:\Users\camil\OneDrive\Desktop\Video_Juego_talu\Video_Juego_talu\Proyecto_1\Library\ScriptAssemblies\Unity.Timeline.dll
Symbol file LoadedFromMemory is not a mono symbol file
Symbol file data-00000243C357C030 doesn't match image C:\Users\camil\OneDrive\Desktop\Video_Juego_talu\Video_Juego_talu\Proyecto_1\Library\ScriptAssemblies\Unity.VisualScripting.Core.Editor.dll
Symbol file LoadedFromMemory is not a mono symbol file
Symbol file data-00000243C4631880 doesn't match image C:\Users\camil\OneDrive\Desktop\Video_Juego_talu\Video_Juego_talu\Proyecto_1\Library\ScriptAssemblies\Unity.TextMeshPro.dll
Symbol file LoadedFromMemory is not a mono symbol file
Symbol file data-00000243C1C01050 doesn't match image C:\Users\camil\OneDrive\Desktop\Video_Juego_talu\Video_Juego_talu\Proyecto_1\Library\ScriptAssemblies\Unity.VisualScripting.State.Editor.dll
Symbol file LoadedFromMemory is not a mono symbol file
Symbol file data-00000243C0873430 doesn't match image C:\Users\camil\OneDrive\Desktop\Video_Juego_talu\Video_Juego_talu\Proyecto_1\Library\ScriptAssemblies\Unity.CollabProxy.Editor.dll
Symbol file LoadedFromMemory is not a mono symbol file
Symbol file data-00000243C494B560 doesn't match image C:\Users\camil\OneDrive\Desktop\Video_Juego_talu\Video_Juego_talu\Proyecto_1\Library\ScriptAssemblies\Unity.VisualScripting.SettingsProvider.Editor.dll
Symbol file LoadedFromMemory is not a mono symbol file
Symbol file data-00000243C0C34B80 doesn't match image C:\Users\camil\OneDrive\Desktop\Video_Juego_talu\Video_Juego_talu\Proyecto_1\Library\ScriptAssemblies\Unity.VisualScripting.Flow.dll
Symbol file LoadedFromMemory is not a mono symbol file
Symbol file data-00000243C43BD820 doesn't match image C:\Users\camil\OneDrive\Desktop\Video_Juego_talu\Video_Juego_talu\Proyecto_1\Library\ScriptAssemblies\UnityEditor.UI.dll
Symbol file LoadedFromMemory is not a mono symbol file
Symbol file data-00000243C405F050 doesn't match image C:\Users\camil\OneDrive\Desktop\Video_Juego_talu\Video_Juego_talu\Proyecto_1\Library\ScriptAssemblies\UnityEngine.UI.dll
Symbol file LoadedFromMemory is not a mono symbol file
Symbol file data-00000243C0C6E6D0 doesn't match image C:\Users\camil\OneDrive\Desktop\Video_Juego_talu\Video_Juego_talu\Proyecto_1\Library\ScriptAssemblies\Unity.VisualScripting.State.dll
Symbol file LoadedFromMemory is not a mono symbol file
Symbol file data-00000243C405F050 doesn't match image C:\Users\camil\OneDrive\Desktop\Video_Juego_talu\Video_Juego_talu\Proyecto_1\Library\ScriptAssemblies\Unity.VisualScripting.Core.dll
Symbol file LoadedFromMemory is not a mono symbol file
Symbol file LoadedFromMemory doesn't match image C:\Users\camil\OneDrive\Desktop\Video_Juego_talu\Video_Juego_talu\Proyecto_1\Library\PackageCache\com.unity.visualscripting@1.8.0\Editor\VisualScripting.Core\Dependencies\YamlDotNet\Unity.VisualScripting.YamlDotNet.dll
Symbol file LoadedFromMemory doesn't match image C:\Users\camil\OneDrive\Desktop\Video_Juego_talu\Video_Juego_talu\Proyecto_1\Library\PackageCache\com.unity.visualscripting@1.8.0\Editor\VisualScripting.Core\Dependencies\DotNetZip\Unity.VisualScripting.IonicZip.dll
Native extension for WindowsStandalone target not found
Native extension for Android target not found
Native extension for WebGL target not found
Refreshing native plugins compatible for Editor in 0.61 ms, found 3 plugins.
Preloading 0 native plugins for Editor in 0.00 ms.
Mono: successfully reloaded assembly
- Completed reload, in  1.575 seconds
Domain Reload Profiling:
	ReloadAssembly (1576ms)
		BeginReloadAssembly (206ms)
			ExecutionOrderSort (0ms)
			DisableScriptedObjects (9ms)
			BackupInstance (0ms)
			ReleaseScriptingObjects (0ms)
			CreateAndSetChildDomain (47ms)
		EndReloadAssembly (1179ms)
			LoadAssemblies (159ms)
			RebuildTransferFunctionScriptingTraits (0ms)
			SetupTypeCache (342ms)
			ReleaseScriptCaches (1ms)
			RebuildScriptCaches (71ms)
			SetupLoadedEditorAssemblies (573ms)
				LogAssemblyErrors (0ms)
				InitializePlatformSupportModulesInManaged (29ms)
				SetLoadedEditorAssemblies (1ms)
				RefreshPlugins (1ms)
				BeforeProcessingInitializeOnLoad (84ms)
				ProcessInitializeOnLoadAttributes (408ms)
				ProcessInitializeOnLoadMethodAttributes (39ms)
				AfterProcessingInitializeOnLoad (12ms)
				EditorAssembliesLoaded (0ms)
			ExecutionOrderSort2 (0ms)
			AwakeInstancesAfterBackupRestoration (12ms)
Platform modules already initialized, skipping
Refreshing native plugins compatible for Editor in 2.44 ms, found 3 plugins.
Preloading 0 native plugins for Editor in 0.00 ms.
Unloading 3114 Unused Serialized files (Serialized files now loaded: 0)
Unloading 15 unused Assets / (92.6 KB). Loaded Objects now: 3613.
Memory consumption went from 116.0 MB to 115.9 MB.
Total: 3.715000 ms (FindLiveObjects: 0.306600 ms CreateObjectMapping: 0.195800 ms MarkObjects: 3.170000 ms  DeleteObjects: 0.041200 ms)

AssetImportParameters requested are different than current active one (requested -> active):
  custom:video-decoder-ogg-theora: a1e56fd34408186e4bbccfd4996cb3dc -> 
  custom:container-muxer-webm: aa71ff27fc2769a1b78a27578f13a17b -> 
  custom:container-demuxer-webm: 4f35f7cbe854078d1ac9338744f61a02 -> 
  custom:video-encoder-webm-vp8: eb34c28f22e8b96e1ab97ce403110664 -> 
  custom:audio-encoder-webm-vorbis: bf7c407c2cedff20999df2af8eb42d56 -> 
  custom:framework-win-MediaFoundation: 216162199b28c13a410421893ffa2e32 -> 
  custom:container-demuxer-ogg: 62fdf1f143b41e24485cea50d1cbac27 -> 
  custom:video-decoder-webm-vp8: 9c59270c3fd7afecdb556c50c9e8de78 -> 
  custom:audio-decoder-ogg-vorbis: bf7c407c2cedff20999df2af8eb42d56 -> 
========================================================================
Received Import Request.
  Time since last request: 866.190310 seconds.
  path: Assets/TextMesh Pro/Resources/Fonts & Materials/LiberationSans SDF - Drop Shadow.mat
  artifactKey: Guid(e73a58f6e2794ae7b1b7e50b7fb811b0) Importer(815301076,1909f56bfc062723c751e8b465ee728b)
Start importing Assets/TextMesh Pro/Resources/Fonts & Materials/LiberationSans SDF - Drop Shadow.mat using Guid(e73a58f6e2794ae7b1b7e50b7fb811b0) Importer(815301076,1909f56bfc062723c751e8b465ee728b)  -> (artifact id: '70d2839644c30a32254a842055d5c800') in 1.971715 seconds 
========================================================================
Received Import Request.
  Time since last request: 0.051933 seconds.
  path: Assets/TextMesh Pro/Shaders/TMPro_Surface.cginc
  artifactKey: Guid(d930090c0cd643c7b55f19a38538c162) Importer(815301076,1909f56bfc062723c751e8b465ee728b)
Start importing Assets/TextMesh Pro/Shaders/TMPro_Surface.cginc using Guid(d930090c0cd643c7b55f19a38538c162) Importer(815301076,1909f56bfc062723c751e8b465ee728b)  -> (artifact id: '0b707fb793fd60a56581099cf81a197e') in 0.030838 seconds 
========================================================================
Received Import Request.
  Time since last request: 0.037194 seconds.
  path: Assets/TextMesh Pro/Shaders/TMP_SDF SSD.shader
  artifactKey: Guid(14eb328de4b8eb245bb7cea29e4ac00b) Importer(815301076,1909f56bfc062723c751e8b465ee728b)
Start importing Assets/TextMesh Pro/Shaders/TMP_SDF SSD.shader using Guid(14eb328de4b8eb245bb7cea29e4ac00b) Importer(815301076,1909f56bfc062723c751e8b465ee728b)  -> (artifact id: 'd2c865b128fc9be27b534584ab43f462') in 0.014216 seconds 
========================================================================
Received Import Request.
  Time since last request: 0.129474 seconds.
  path: Assets/TextMesh Pro/Shaders/TMP_SDF.shader
  artifactKey: Guid(68e6db2ebdc24f95958faec2be5558d6) Importer(815301076,1909f56bfc062723c751e8b465ee728b)
Start importing Assets/TextMesh Pro/Shaders/TMP_SDF.shader using Guid(68e6db2ebdc24f95958faec2be5558d6) Importer(815301076,1909f56bfc062723c751e8b465ee728b)  -> (artifact id: '6a6ecd6c95241c797aa4e79e0e281bfa') in 0.010032 seconds 
========================================================================
Received Import Request.
  Time since last request: 0.000247 seconds.
  path: Assets/TextMesh Pro/Shaders
  artifactKey: Guid(e9f693669af91aa45ad615fc681ed29f) Importer(815301076,1909f56bfc062723c751e8b465ee728b)
Start importing Assets/TextMesh Pro/Shaders using Guid(e9f693669af91aa45ad615fc681ed29f) Importer(815301076,1909f56bfc062723c751e8b465ee728b)  -> (artifact id: '16852098a277b7ddedd49287b21bfbc7') in 0.011920 seconds 
========================================================================
Received Import Request.
  Time since last request: 0.119583 seconds.
  path: Assets/Scenes/4.Desarrollador.unity
  artifactKey: Guid(dae4648875594b04b8425dae4f05c0b4) Importer(815301076,1909f56bfc062723c751e8b465ee728b)
Start importing Assets/Scenes/4.Desarrollador.unity using Guid(dae4648875594b04b8425dae4f05c0b4) Importer(815301076,1909f56bfc062723c751e8b465ee728b)  -> (artifact id: 'a8f25fa530961e5795aeb618b919d8ae') in 0.022908 seconds 
========================================================================
Received Import Request.
  Time since last request: 0.036599 seconds.
  path: Assets/TextMesh Pro/Shaders/TMP_SDF-Mobile.shader
  artifactKey: Guid(fe393ace9b354375a9cb14cdbbc28be4) Importer(815301076,1909f56bfc062723c751e8b465ee728b)
Start importing Assets/TextMesh Pro/Shaders/TMP_SDF-Mobile.shader using Guid(fe393ace9b354375a9cb14cdbbc28be4) Importer(815301076,1909f56bfc062723c751e8b465ee728b)  -> (artifact id: '399fc78bb48fe08ba79f6cbc91a7e583') in 0.015144 seconds 
========================================================================
Received Import Request.
  Time since last request: 0.380058 seconds.
  path: Assets/Sprites/arbustos.png
  artifactKey: Guid(ddb7955670109a346a7305e401ef4975) Importer(815301076,1909f56bfc062723c751e8b465ee728b)
Start importing Assets/Sprites/arbustos.png using Guid(ddb7955670109a346a7305e401ef4975) Importer(815301076,1909f56bfc062723c751e8b465ee728b)  -> (artifact id: '9ad0dafd9b00c9d792304f478dcdcd39') in 1.797350 seconds 
========================================================================
Received Import Request.
  Time since last request: 0.057253 seconds.
  path: Assets/Sprites/Grass_background_2.png
  artifactKey: Guid(95aa50921cfa5f44c872a752c95a8847) Importer(815301076,1909f56bfc062723c751e8b465ee728b)
Start importing Assets/Sprites/Grass_background_2.png using Guid(95aa50921cfa5f44c872a752c95a8847) Importer(815301076,1909f56bfc062723c751e8b465ee728b)  -> (artifact id: '5e8c6bdbe511d85fe57732af8155150f') in 0.034075 seconds 
========================================================================
Received Import Request.
  Time since last request: 0.253359 seconds.
  path: Assets/TextMesh Pro/Shaders/TMP_Bitmap.shader
  artifactKey: Guid(128e987d567d4e2c824d754223b3f3b0) Importer(815301076,1909f56bfc062723c751e8b465ee728b)
Start importing Assets/TextMesh Pro/Shaders/TMP_Bitmap.shader using Guid(128e987d567d4e2c824d754223b3f3b0) Importer(815301076,1909f56bfc062723c751e8b465ee728b)  -> (artifact id: '735475c3d2fd5ea252f890902b7b5331') in 0.009706 seconds 
========================================================================
Received Import Request.
  Time since last request: 0.004583 seconds.
  path: Assets/code/ControlSonido.cs
  artifactKey: Guid(6d987fe25de3d0e428c275f85b7fae6c) Importer(815301076,1909f56bfc062723c751e8b465ee728b)
Start importing Assets/code/ControlSonido.cs using Guid(6d987fe25de3d0e428c275f85b7fae6c) Importer(815301076,1909f56bfc062723c751e8b465ee728b)  -> (artifact id: 'e46e0d4c694bbe16629776cb8f170404') in 0.025944 seconds 
========================================================================
Received Import Request.
  Time since last request: 0.037607 seconds.
  path: Assets/TextMesh Pro/Shaders/TMP_SDF-Mobile SSD.shader
  artifactKey: Guid(c8d12adcee749c344b8117cf7c7eb912) Importer(815301076,1909f56bfc062723c751e8b465ee728b)
Start importing Assets/TextMesh Pro/Shaders/TMP_SDF-Mobile SSD.shader using Guid(c8d12adcee749c344b8117cf7c7eb912) Importer(815301076,1909f56bfc062723c751e8b465ee728b)  -> (artifact id: 'a906f23597a9f8028d372c2529a5179f') in 0.009782 seconds 
========================================================================
Received Import Request.
  Time since last request: 0.093793 seconds.
  path: Assets/Sprites/part_scena_2.png
  artifactKey: Guid(de6867a9bc82df5428abea7408eda420) Importer(815301076,1909f56bfc062723c751e8b465ee728b)
Start importing Assets/Sprites/part_scena_2.png using Guid(de6867a9bc82df5428abea7408eda420) Importer(815301076,1909f56bfc062723c751e8b465ee728b)  -> (artifact id: '92a2ce3138cfc326f57e7ba0ee027146') in 0.065558 seconds 
========================================================================
Received Import Request.
  Time since last request: 0.001992 seconds.
  path: Assets/Scenes/7.Juego_nivel_3.unity
  artifactKey: Guid(874c0a7976fe5dd41ba3da995e7e9727) Importer(815301076,1909f56bfc062723c751e8b465ee728b)
Start importing Assets/Scenes/7.Juego_nivel_3.unity using Guid(874c0a7976fe5dd41ba3da995e7e9727) Importer(815301076,1909f56bfc062723c751e8b465ee728b)  -> (artifact id: '459cd33d3a3ac157b7c3e47d69d4d4d5') in 0.011560 seconds 
========================================================================
Received Import Request.
  Time since last request: 0.000034 seconds.
  path: Assets/TextMesh Pro/Resources/LineBreaking Following Characters.txt
  artifactKey: Guid(fade42e8bc714b018fac513c043d323b) Importer(815301076,1909f56bfc062723c751e8b465ee728b)
Start importing Assets/TextMesh Pro/Resources/LineBreaking Following Characters.txt using Guid(fade42e8bc714b018fac513c043d323b) Importer(815301076,1909f56bfc062723c751e8b465ee728b)  -> (artifact id: 'e7f67ab3dc26da4e8ae25e3f4e491d00') in 0.012890 seconds 
========================================================================
Received Import Request.
  Time since last request: 0.024942 seconds.
  path: Assets/Sprites/agua.png
  artifactKey: Guid(0dde587afc35dfb4b82a1fd1d3363654) Importer(815301076,1909f56bfc062723c751e8b465ee728b)
Start importing Assets/Sprites/agua.png using Guid(0dde587afc35dfb4b82a1fd1d3363654) Importer(815301076,1909f56bfc062723c751e8b465ee728b)  -> (artifact id: 'a8cd675040ad54c916f6e6fb468e9f03') in 0.087029 seconds 
========================================================================
Received Import Request.
  Time since last request: 0.000752 seconds.
  path: Assets/Imagenes
  artifactKey: Guid(04399a4d0d5f3e44b807ff8067773845) Importer(815301076,1909f56bfc062723c751e8b465ee728b)
Start importing Assets/Imagenes using Guid(04399a4d0d5f3e44b807ff8067773845) Importer(815301076,1909f56bfc062723c751e8b465ee728b)  -> (artifact id: '6604e127a3163dcaaf4160891a4c0c15') in 0.009598 seconds 
========================================================================
Received Import Request.
  Time since last request: 0.244403 seconds.
  path: Assets/TextMesh Pro/Fonts
  artifactKey: Guid(6ab70aee4d56447429c680537fbf93ed) Importer(815301076,1909f56bfc062723c751e8b465ee728b)
Start importing Assets/TextMesh Pro/Fonts using Guid(6ab70aee4d56447429c680537fbf93ed) Importer(815301076,1909f56bfc062723c751e8b465ee728b)  -> (artifact id: '7c35bbd85dc86dd2ef332d439fd9c360') in 0.010613 seconds 
========================================================================
Received Import Request.
  Time since last request: 0.024318 seconds.
  path: Assets/TextMesh Pro/Sprites/EmojiOne.json
  artifactKey: Guid(8f05276190cf498a8153f6cbe761d4e6) Importer(815301076,1909f56bfc062723c751e8b465ee728b)
Start importing Assets/TextMesh Pro/Sprites/EmojiOne.json using Guid(8f05276190cf498a8153f6cbe761d4e6) Importer(815301076,1909f56bfc062723c751e8b465ee728b)  -> (artifact id: '036dbd30c7d82b31d4c2f8acde9227e5') in 0.013859 seconds 
========================================================================
Received Import Request.
  Time since last request: 0.099664 seconds.
  path: Assets/TextMesh Pro/Resources/Fonts & Materials
  artifactKey: Guid(731f1baa9d144a9897cb1d341c2092b8) Importer(815301076,1909f56bfc062723c751e8b465ee728b)
Start importing Assets/TextMesh Pro/Resources/Fonts & Materials using Guid(731f1baa9d144a9897cb1d341c2092b8) Importer(815301076,1909f56bfc062723c751e8b465ee728b)  -> (artifact id: 'a8a5343dd66316b9eb35bafbffda078a') in 0.009553 seconds 
========================================================================
Received Import Request.
  Time since last request: 0.214717 seconds.
  path: Assets/TextMesh Pro
  artifactKey: Guid(f54d1bd14bd3ca042bd867b519fee8cc) Importer(815301076,1909f56bfc062723c751e8b465ee728b)
Start importing Assets/TextMesh Pro using Guid(f54d1bd14bd3ca042bd867b519fee8cc) Importer(815301076,1909f56bfc062723c751e8b465ee728b)  -> (artifact id: 'f5648c5ef36b7beab651a001a8d08867') in 0.010209 seconds 
========================================================================
Received Import Request.
  Time since last request: 0.080370 seconds.
  path: Assets/Sprites/part_scena.png
  artifactKey: Guid(f36c78b61dcc62846a3b9cc6e322f357) Importer(815301076,1909f56bfc062723c751e8b465ee728b)
Start importing Assets/Sprites/part_scena.png using Guid(f36c78b61dcc62846a3b9cc6e322f357) Importer(815301076,1909f56bfc062723c751e8b465ee728b)  -> (artifact id: '8219531f8aa857e6306d8ecfd9d97c66') in 0.233068 seconds 
========================================================================
Received Import Request.
  Time since last request: 0.116240 seconds.
  path: Assets/Sprites/Grass_background_1.png
  artifactKey: Guid(a0e9b457edb5a96448a91fefc3a539d8) Importer(815301076,1909f56bfc062723c751e8b465ee728b)
Start importing Assets/Sprites/Grass_background_1.png using Guid(a0e9b457edb5a96448a91fefc3a539d8) Importer(815301076,1909f56bfc062723c751e8b465ee728b)  -> (artifact id: '60dbd858ea6ff2ee1b5d9383bf0cd5e9') in 0.030879 seconds 
========================================================================
Received Import Request.
  Time since last request: 0.076696 seconds.
  path: Assets/Sprites/stars.png
  artifactKey: Guid(85e8e39ff0dfce147be4e3401220b8de) Importer(815301076,1909f56bfc062723c751e8b465ee728b)
Start importing Assets/Sprites/stars.png using Guid(85e8e39ff0dfce147be4e3401220b8de) Importer(815301076,1909f56bfc062723c751e8b465ee728b)  -> (artifact id: 'f0727020dfa1ec8376c3c0f173cf9b12') in 0.125939 seconds 
========================================================================
Received Import Request.
  Time since last request: 0.057598 seconds.
  path: Assets/TextMesh Pro/Shaders/TMP_Bitmap-Custom-Atlas.shader
  artifactKey: Guid(48bb5f55d8670e349b6e614913f9d910) Importer(815301076,1909f56bfc062723c751e8b465ee728b)
Start importing Assets/TextMesh Pro/Shaders/TMP_Bitmap-Custom-Atlas.shader using Guid(48bb5f55d8670e349b6e614913f9d910) Importer(815301076,1909f56bfc062723c751e8b465ee728b)  -> (artifact id: '44740ebff2a106471155012c7623aab7') in 0.010040 seconds 
========================================================================
Received Import Request.
  Time since last request: 0.135006 seconds.
  path: Assets/TextMesh Pro/Shaders/TMP_SDF-Surface-Mobile.shader
  artifactKey: Guid(85187c2149c549c5b33f0cdb02836b17) Importer(815301076,1909f56bfc062723c751e8b465ee728b)
Start importing Assets/TextMesh Pro/Shaders/TMP_SDF-Surface-Mobile.shader using Guid(85187c2149c549c5b33f0cdb02836b17) Importer(815301076,1909f56bfc062723c751e8b465ee728b)  -> (artifact id: '37d1dfaa73e02f1056cb8d387eba8ac2') in 0.009669 seconds 
========================================================================
Received Import Request.
  Time since last request: 0.058298 seconds.
  path: Assets/TextMesh Pro/Shaders/TMPro_Properties.cginc
  artifactKey: Guid(3997e2241185407d80309a82f9148466) Importer(815301076,1909f56bfc062723c751e8b465ee728b)
Start importing Assets/TextMesh Pro/Shaders/TMPro_Properties.cginc using Guid(3997e2241185407d80309a82f9148466) Importer(815301076,1909f56bfc062723c751e8b465ee728b)  -> (artifact id: '7506c69260bf7c1cdf33a8f62db534a1') in 0.009564 seconds 
========================================================================
Received Import Request.
  Time since last request: 0.000262 seconds.
  path: Assets/Scenes/1.Principal.unity
  artifactKey: Guid(9b276a923ccd33348849bbefc62f116f) Importer(815301076,1909f56bfc062723c751e8b465ee728b)
Start importing Assets/Scenes/1.Principal.unity using Guid(9b276a923ccd33348849bbefc62f116f) Importer(815301076,1909f56bfc062723c751e8b465ee728b)  -> (artifact id: 'a0ffa4f3d983b43346ac7eadc7d63a0c') in 0.022523 seconds 
========================================================================
Received Import Request.
  Time since last request: 0.168201 seconds.
  path: Assets/TextMesh Pro/Resources/Fonts & Materials/LiberationSans SDF.asset
  artifactKey: Guid(8f586378b4e144a9851e7b34d9b748ee) Importer(815301076,1909f56bfc062723c751e8b465ee728b)
Start importing Assets/TextMesh Pro/Resources/Fonts & Materials/LiberationSans SDF.asset using Guid(8f586378b4e144a9851e7b34d9b748ee) Importer(815301076,1909f56bfc062723c751e8b465ee728b)  -> (artifact id: 'd8242c7ce3717869f4ff4b58fd8aaa50') in 0.298290 seconds 
========================================================================
Received Import Request.
  Time since last request: 0.000039 seconds.
  path: Assets/TextMesh Pro/Resources/Style Sheets/Default Style Sheet.asset
  artifactKey: Guid(f952c082cb03451daed3ee968ac6c63e) Importer(815301076,1909f56bfc062723c751e8b465ee728b)
Start importing Assets/TextMesh Pro/Resources/Style Sheets/Default Style Sheet.asset using Guid(f952c082cb03451daed3ee968ac6c63e) Importer(815301076,1909f56bfc062723c751e8b465ee728b)  -> (artifact id: 'c72200549b97ff12ff44a36c3fabf96c') in 0.028981 seconds 
========================================================================
Received Import Request.
  Time since last request: 0.002170 seconds.
  path: Assets/code/MetaScena.cs
  artifactKey: Guid(20fcf2430ed31924384b3f6178333c12) Importer(815301076,1909f56bfc062723c751e8b465ee728b)
Start importing Assets/code/MetaScena.cs using Guid(20fcf2430ed31924384b3f6178333c12) Importer(815301076,1909f56bfc062723c751e8b465ee728b)  -> (artifact id: '00bc941b4bec1c420003332787f1117b') in 0.008927 seconds 
========================================================================
Received Import Request.
  Time since last request: 0.001116 seconds.
  path: Assets/TextMesh Pro/Documentation
  artifactKey: Guid(8e7e8f5a82a3a134e91c54efd2274ea9) Importer(815301076,1909f56bfc062723c751e8b465ee728b)
Start importing Assets/TextMesh Pro/Documentation using Guid(8e7e8f5a82a3a134e91c54efd2274ea9) Importer(815301076,1909f56bfc062723c751e8b465ee728b)  -> (artifact id: 'dc497803c0650e980b81bcf651e18b86') in 0.027033 seconds 
========================================================================
Received Import Request.
  Time since last request: 0.042292 seconds.
  path: Assets/TextMesh Pro/Shaders/TMPro.cginc
  artifactKey: Guid(407bc68d299748449bbf7f48ee690f8d) Importer(815301076,1909f56bfc062723c751e8b465ee728b)
Start importing Assets/TextMesh Pro/Shaders/TMPro.cginc using Guid(407bc68d299748449bbf7f48ee690f8d) Importer(815301076,1909f56bfc062723c751e8b465ee728b)  -> (artifact id: '9166bc1abaeb281fc6783cc3fe76c458') in 0.012461 seconds 
========================================================================
Received Import Request.
  Time since last request: 0.080030 seconds.
  path: Assets/Background/Background_3.png
  artifactKey: Guid(9483a850fc91e1846b5bdcb9715c8324) Importer(815301076,1909f56bfc062723c751e8b465ee728b)
Start importing Assets/Background/Background_3.png using Guid(9483a850fc91e1846b5bdcb9715c8324) Importer(815301076,1909f56bfc062723c751e8b465ee728b)  -> (artifact id: 'f887fd8c82191908e114505d62fe228d') in 0.212945 seconds 
========================================================================
Received Import Request.
  Time since last request: 0.053516 seconds.
  path: Assets/TextMesh Pro/Fonts/LiberationSans - OFL.txt
  artifactKey: Guid(6e59c59b81ab47f9b6ec5781fa725d2c) Importer(815301076,1909f56bfc062723c751e8b465ee728b)
Start importing Assets/TextMesh Pro/Fonts/LiberationSans - OFL.txt using Guid(6e59c59b81ab47f9b6ec5781fa725d2c) Importer(815301076,1909f56bfc062723c751e8b465ee728b)  -> (artifact id: '35ecb2fa8dd83b4749a13d0b14c984c2') in 0.023421 seconds 
========================================================================
Received Import Request.
  Time since last request: 0.000487 seconds.
  path: Assets/TextMesh Pro/Resources/Style Sheets
  artifactKey: Guid(4aecb92fff08436c8303b10eab8da368) Importer(815301076,1909f56bfc062723c751e8b465ee728b)
Start importing Assets/TextMesh Pro/Resources/Style Sheets using Guid(4aecb92fff08436c8303b10eab8da368) Importer(815301076,1909f56bfc062723c751e8b465ee728b)  -> (artifact id: 'fe342ddaeddc525a77e6f203ceeefc6a') in 0.010734 seconds 
========================================================================
Received Import Request.
  Time since last request: 0.054821 seconds.
  path: Assets/Sprites/nubes.png
  artifactKey: Guid(5238ee0c3a497d44fb3134819de65a04) Importer(815301076,1909f56bfc062723c751e8b465ee728b)
Start importing Assets/Sprites/nubes.png using Guid(5238ee0c3a497d44fb3134819de65a04) Importer(815301076,1909f56bfc062723c751e8b465ee728b)  -> (artifact id: '3246da2723c73ba0b74118a99d9c92e8') in 0.072001 seconds 
========================================================================
Received Import Request.
  Time since last request: 0.000037 seconds.
  path: Assets/TextMesh Pro/Resources/Sprite Assets/EmojiOne.asset
  artifactKey: Guid(c41005c129ba4d66911b75229fd70b45) Importer(815301076,1909f56bfc062723c751e8b465ee728b)
Start importing Assets/TextMesh Pro/Resources/Sprite Assets/EmojiOne.asset using Guid(c41005c129ba4d66911b75229fd70b45) Importer(815301076,1909f56bfc062723c751e8b465ee728b)  -> (artifact id: '3950451084668360d05945240589cf11') in 0.027876 seconds 
========================================================================
Received Import Request.
  Time since last request: 0.001483 seconds.
  path: Assets/Scenes/6.Juego_nivel_2.unity
  artifactKey: Guid(19cf33477b671a64a9964ba314ec34b0) Importer(815301076,1909f56bfc062723c751e8b465ee728b)
Start importing Assets/Scenes/6.Juego_nivel_2.unity using Guid(19cf33477b671a64a9964ba314ec34b0) Importer(815301076,1909f56bfc062723c751e8b465ee728b)  -> (artifact id: 'f42132f7e846a85ba1bcdf00e9c8bf81') in 0.011600 seconds 
========================================================================
Received Import Request.
  Time since last request: 0.014295 seconds.
  path: Assets/TextMesh Pro/Shaders/TMP_SDF-Mobile Masking.shader
  artifactKey: Guid(bc1ede39bf3643ee8e493720e4259791) Importer(815301076,1909f56bfc062723c751e8b465ee728b)
Start importing Assets/TextMesh Pro/Shaders/TMP_SDF-Mobile Masking.shader using Guid(bc1ede39bf3643ee8e493720e4259791) Importer(815301076,1909f56bfc062723c751e8b465ee728b)  -> (artifact id: 'a2217b6004c647e9a32e70afcd2c4146') in 0.009573 seconds 
========================================================================
Received Import Request.
  Time since last request: 0.008891 seconds.
  path: Assets/TextMesh Pro/Shaders/TMP_Sprite.shader
  artifactKey: Guid(cf81c85f95fe47e1a27f6ae460cf182c) Importer(815301076,1909f56bfc062723c751e8b465ee728b)
Start importing Assets/TextMesh Pro/Shaders/TMP_Sprite.shader using Guid(cf81c85f95fe47e1a27f6ae460cf182c) Importer(815301076,1909f56bfc062723c751e8b465ee728b)  -> (artifact id: 'eec921c1f035c171406a14627b14c330') in 0.009542 seconds 
========================================================================
Received Import Request.
  Time since last request: 0.016622 seconds.
  path: Assets/Scenes/2.Opciones.unity
  artifactKey: Guid(360c144cb534108418be12e6d7b982ff) Importer(815301076,1909f56bfc062723c751e8b465ee728b)
Start importing Assets/Scenes/2.Opciones.unity using Guid(360c144cb534108418be12e6d7b982ff) Importer(815301076,1909f56bfc062723c751e8b465ee728b)  -> (artifact id: '98ea9772208331cb088b30110c25f322') in 0.009097 seconds 
========================================================================
Received Import Request.
  Time since last request: 0.015077 seconds.
  path: Assets/TextMesh Pro/Shaders/TMPro_Mobile.cginc
  artifactKey: Guid(c334973cef89a9840b0b0c507e0377ab) Importer(815301076,1909f56bfc062723c751e8b465ee728b)
Start importing Assets/TextMesh Pro/Shaders/TMPro_Mobile.cginc using Guid(c334973cef89a9840b0b0c507e0377ab) Importer(815301076,1909f56bfc062723c751e8b465ee728b)  -> (artifact id: '89ec19a9bb5cbf8bdad0e1633e175a9e') in 0.010432 seconds 
========================================================================
Received Import Request.
  Time since last request: 0.024854 seconds.
  path: Assets/TextMesh Pro/Sprites/EmojiOne Attribution.txt
  artifactKey: Guid(381dcb09d5029d14897e55f98031fca5) Importer(815301076,1909f56bfc062723c751e8b465ee728b)
Start importing Assets/TextMesh Pro/Sprites/EmojiOne Attribution.txt using Guid(381dcb09d5029d14897e55f98031fca5) Importer(815301076,1909f56bfc062723c751e8b465ee728b)  -> (artifact id: '0f71b2d21205dc6ff6abedf9e764a644') in 0.010614 seconds 
========================================================================
Received Import Request.
  Time since last request: 0.027723 seconds.
  path: Assets/TextMesh Pro/Resources/Fonts & Materials/LiberationSans SDF - Fallback.asset
  artifactKey: Guid(2e498d1c8094910479dc3e1b768306a4) Importer(815301076,1909f56bfc062723c751e8b465ee728b)
Start importing Assets/TextMesh Pro/Resources/Fonts & Materials/LiberationSans SDF - Fallback.asset using Guid(2e498d1c8094910479dc3e1b768306a4) Importer(815301076,1909f56bfc062723c751e8b465ee728b)  -> (artifact id: '15c964826140574eb13994aed5c246a4') in 0.031269 seconds 
========================================================================
Received Import Request.
  Time since last request: 0.043284 seconds.
  path: Assets/Sprites/cielo.png
  artifactKey: Guid(dc169ea546172024992528f00d00bb0d) Importer(815301076,1909f56bfc062723c751e8b465ee728b)
Start importing Assets/Sprites/cielo.png using Guid(dc169ea546172024992528f00d00bb0d) Importer(815301076,1909f56bfc062723c751e8b465ee728b)  -> (artifact id: 'f57ff58d1044293330bc610da57ea686') in 0.066258 seconds 
========================================================================
Received Import Request.
  Time since last request: 0.001190 seconds.
  path: Assets/code/PlayerController.cs
  artifactKey: Guid(6351bcf6a4dab0f4893557011810df79) Importer(815301076,1909f56bfc062723c751e8b465ee728b)
Start importing Assets/code/PlayerController.cs using Guid(6351bcf6a4dab0f4893557011810df79) Importer(815301076,1909f56bfc062723c751e8b465ee728b)  -> (artifact id: 'ac9a9ecdd04bd13e6443971f0d2f3b06') in 0.011285 seconds 
========================================================================
Received Import Request.
  Time since last request: 0.083077 seconds.
  path: Assets/TextMesh Pro/Shaders/TMP_SDF-Surface.shader
  artifactKey: Guid(f7ada0af4f174f0694ca6a487b8f543d) Importer(815301076,1909f56bfc062723c751e8b465ee728b)
Start importing Assets/TextMesh Pro/Shaders/TMP_SDF-Surface.shader using Guid(f7ada0af4f174f0694ca6a487b8f543d) Importer(815301076,1909f56bfc062723c751e8b465ee728b)  -> (artifact id: '6d84ca922a0a471ab25caeb1f3206ad3') in 0.009725 seconds 
========================================================================
Received Import Request.
  Time since last request: 0.059272 seconds.
  path: Assets/Background/Background_2.png
  artifactKey: Guid(3b218c6e92d43484bb44ce740e598fce) Importer(815301076,1909f56bfc062723c751e8b465ee728b)
Start importing Assets/Background/Background_2.png using Guid(3b218c6e92d43484bb44ce740e598fce) Importer(815301076,1909f56bfc062723c751e8b465ee728b)  -> (artifact id: 'ee862d582dbf8de17e488b416895d3a3') in 0.171065 seconds 
========================================================================
Received Import Request.
  Time since last request: 0.001337 seconds.
  path: Assets/TextMesh Pro/Resources/Fonts & Materials/LiberationSans SDF - Outline.mat
  artifactKey: Guid(79459efec17a4d00a321bdcc27bbc385) Importer(815301076,1909f56bfc062723c751e8b465ee728b)
Start importing Assets/TextMesh Pro/Resources/Fonts & Materials/LiberationSans SDF - Outline.mat using Guid(79459efec17a4d00a321bdcc27bbc385) Importer(815301076,1909f56bfc062723c751e8b465ee728b)  -> (artifact id: 'ef046f98f368f60bf8cd793de6f7626b') in 0.142777 seconds 
========================================================================
Received Import Request.
  Time since last request: 0.001089 seconds.
  path: Assets/TextMesh Pro/Resources/Sprite Assets
  artifactKey: Guid(512a49d95c0c4332bdd98131869c23c9) Importer(815301076,1909f56bfc062723c751e8b465ee728b)
Start importing Assets/TextMesh Pro/Resources/Sprite Assets using Guid(512a49d95c0c4332bdd98131869c23c9) Importer(815301076,1909f56bfc062723c751e8b465ee728b)  -> (artifact id: '1dcb9dc3060b39f33c350934f5d461fd') in 0.008628 seconds 
========================================================================
Received Import Request.
  Time since last request: 0.003120 seconds.
  path: Assets/code/movimientoEementos.cs
  artifactKey: Guid(980762eb96568774a923a8077c166e0e) Importer(815301076,1909f56bfc062723c751e8b465ee728b)
Start importing Assets/code/movimientoEementos.cs using Guid(980762eb96568774a923a8077c166e0e) Importer(815301076,1909f56bfc062723c751e8b465ee728b)  -> (artifact id: 'a6ad7f2f3ac4ee6c8a58e3b9dff9db6b') in 0.010767 seconds 
========================================================================
Received Import Request.
  Time since last request: 0.171085 seconds.
  path: Assets/Sprites/Salt.png
  artifactKey: Guid(eacfe130fdd1aa041a67634c1fc786da) Importer(815301076,1909f56bfc062723c751e8b465ee728b)
Start importing Assets/Sprites/Salt.png using Guid(eacfe130fdd1aa041a67634c1fc786da) Importer(815301076,1909f56bfc062723c751e8b465ee728b)  -> (artifact id: 'f3394a88512d29ad9d20096bca0a8edf') in 0.071351 seconds 
========================================================================
Received Import Request.
  Time since last request: 0.046576 seconds.
  path: Assets/Background/Background_0.png
  artifactKey: Guid(94e2e7653f948cd4984758b0476de735) Importer(815301076,1909f56bfc062723c751e8b465ee728b)
Start importing Assets/Background/Background_0.png using Guid(94e2e7653f948cd4984758b0476de735) Importer(815301076,1909f56bfc062723c751e8b465ee728b)  -> (artifact id: '74de90ab5f011f9aa38807f4aa594c1c') in 0.070175 seconds 
========================================================================
Received Import Request.
  Time since last request: 0.173966 seconds.
  path: Assets/Background/city_of_hell_by_artguy77.jpg
  artifactKey: Guid(47726174987acec4aaad2053b0a25ea3) Importer(815301076,1909f56bfc062723c751e8b465ee728b)
Start importing Assets/Background/city_of_hell_by_artguy77.jpg using Guid(47726174987acec4aaad2053b0a25ea3) Importer(815301076,1909f56bfc062723c751e8b465ee728b)  -> (artifact id: 'c92d731a492f8efad53cd4fa73829299') in 0.119301 seconds 
========================================================================
Received Import Request.
  Time since last request: 0.087746 seconds.
  path: Assets/Sprites/tiburon.png
  artifactKey: Guid(abb8ad0482be7ae40b4e582db7ab772d) Importer(815301076,1909f56bfc062723c751e8b465ee728b)
Start importing Assets/Sprites/tiburon.png using Guid(abb8ad0482be7ae40b4e582db7ab772d) Importer(815301076,1909f56bfc062723c751e8b465ee728b)  -> (artifact id: 'eeff7daeb262772fcd55d3f541b59cd9') in 0.053718 seconds 
========================================================================
Received Import Request.
  Time since last request: 0.011156 seconds.
  path: Assets/TextMesh Pro/Shaders/TMP_SDF Overlay.shader
  artifactKey: Guid(dd89cf5b9246416f84610a006f916af7) Importer(815301076,1909f56bfc062723c751e8b465ee728b)
Start importing Assets/TextMesh Pro/Shaders/TMP_SDF Overlay.shader using Guid(dd89cf5b9246416f84610a006f916af7) Importer(815301076,1909f56bfc062723c751e8b465ee728b)  -> (artifact id: 'f04dd2f34913787b4b3e9dacd53ef574') in 0.009839 seconds 
========================================================================
Received Import Request.
  Time since last request: 0.037440 seconds.
  path: Assets/TextMesh Pro/Sprites/EmojiOne.png
  artifactKey: Guid(dffef66376be4fa480fb02b19edbe903) Importer(815301076,1909f56bfc062723c751e8b465ee728b)
Start importing Assets/TextMesh Pro/Sprites/EmojiOne.png using Guid(dffef66376be4fa480fb02b19edbe903) Importer(815301076,1909f56bfc062723c751e8b465ee728b)  -> (artifact id: '595a1532443c9a405b62d4fdc90a0eb8') in 0.015731 seconds 
========================================================================
Received Import Request.
  Time since last request: 0.035124 seconds.
  path: Assets/Sprites/nubes 1.png
  artifactKey: Guid(9483bc2d87af2874fbe6f7ccf48b3a5f) Importer(815301076,1909f56bfc062723c751e8b465ee728b)
Start importing Assets/Sprites/nubes 1.png using Guid(9483bc2d87af2874fbe6f7ccf48b3a5f) Importer(815301076,1909f56bfc062723c751e8b465ee728b)  -> (artifact id: '51a112383e8b61e23207c2d4823c130e') in 0.067808 seconds 
========================================================================
Received Import Request.
  Time since last request: 0.018376 seconds.
  path: Assets/Sprites/monedas-removebg-preview.png
  artifactKey: Guid(556675e481bc76d46a7a717f16e8de39) Importer(815301076,1909f56bfc062723c751e8b465ee728b)
Start importing Assets/Sprites/monedas-removebg-preview.png using Guid(556675e481bc76d46a7a717f16e8de39) Importer(815301076,1909f56bfc062723c751e8b465ee728b)  -> (artifact id: '636dc7ccb8a5e7a05e29f6b124428cd3') in 0.124296 seconds 
========================================================================
Received Import Request.
  Time since last request: 0.001515 seconds.
  path: Assets/Scenes/3.Ayuda.unity
  artifactKey: Guid(5b4f35bb2b0708e4c84ac1e38e4d54b2) Importer(815301076,1909f56bfc062723c751e8b465ee728b)
Start importing Assets/Scenes/3.Ayuda.unity using Guid(5b4f35bb2b0708e4c84ac1e38e4d54b2) Importer(815301076,1909f56bfc062723c751e8b465ee728b)  -> (artifact id: '73b202630473c4a56d0629a59a79edb2') in 0.010270 seconds 
========================================================================
Received Import Request.
  Time since last request: 0.070654 seconds.
  path: Assets/code/ControlGeneral.cs
  artifactKey: Guid(e103289f653eea04da97c9e94e667f6f) Importer(815301076,1909f56bfc062723c751e8b465ee728b)
Start importing Assets/code/ControlGeneral.cs using Guid(e103289f653eea04da97c9e94e667f6f) Importer(815301076,1909f56bfc062723c751e8b465ee728b)  -> (artifact id: 'e584e4ecf5f918c4d19a83f3fa0a7963') in 0.009613 seconds 
========================================================================
Received Import Request.
  Time since last request: 0.026988 seconds.
  path: Assets/Sprites/part_scena_1.png
  artifactKey: Guid(32f9957222b63744ead436d13d6aa81d) Importer(815301076,1909f56bfc062723c751e8b465ee728b)
Start importing Assets/Sprites/part_scena_1.png using Guid(32f9957222b63744ead436d13d6aa81d) Importer(815301076,1909f56bfc062723c751e8b465ee728b)  -> (artifact id: 'fd906031db1334665bf0e5824a1f30ab') in 0.024978 seconds 
========================================================================
Received Import Request.
  Time since last request: 0.018753 seconds.
  path: Assets/Scenes/9.reanudar_juego.unity
  artifactKey: Guid(c88c063f8aab2e546ab6d45da8114972) Importer(815301076,1909f56bfc062723c751e8b465ee728b)
Start importing Assets/Scenes/9.reanudar_juego.unity using Guid(c88c063f8aab2e546ab6d45da8114972) Importer(815301076,1909f56bfc062723c751e8b465ee728b)  -> (artifact id: 'ff15034ec186b5ca7052276ea7506b1a') in 0.009663 seconds 
========================================================================
Received Import Request.
  Time since last request: 0.002008 seconds.
  path: Assets/TextMesh Pro/Resources/TMP Settings.asset
  artifactKey: Guid(3f5b5dff67a942289a9defa416b206f3) Importer(815301076,1909f56bfc062723c751e8b465ee728b)
Start importing Assets/TextMesh Pro/Resources/TMP Settings.asset using Guid(3f5b5dff67a942289a9defa416b206f3) Importer(815301076,1909f56bfc062723c751e8b465ee728b)  -> (artifact id: '7d39d3b365ae06f4a5d582e5614ba55e') in 0.067325 seconds 
========================================================================
Received Import Request.
  Time since last request: 0.001226 seconds.
  path: Assets/TextMesh Pro/Resources/Fonts & Materials/Blokk SDF.asset
  artifactKey: Guid(7ca265f77fe82dd46bc9de60f2df1801) Importer(815301076,1909f56bfc062723c751e8b465ee728b)
Start importing Assets/TextMesh Pro/Resources/Fonts & Materials/Blokk SDF.asset using Guid(7ca265f77fe82dd46bc9de60f2df1801) Importer(815301076,1909f56bfc062723c751e8b465ee728b)  -> (artifact id: 'ceabbcdf8e861b549804c33a1842858a') in 0.031675 seconds 
========================================================================
Received Import Request.
  Time since last request: 0.144975 seconds.
  path: Assets/TextMesh Pro/Sprites
  artifactKey: Guid(d0603b6d5186471b96c778c3949c7ce2) Importer(815301076,1909f56bfc062723c751e8b465ee728b)
Start importing Assets/TextMesh Pro/Sprites using Guid(d0603b6d5186471b96c778c3949c7ce2) Importer(815301076,1909f56bfc062723c751e8b465ee728b)  -> (artifact id: 'b27a52c99a9f8f9ac4f70e63a6bb6f32') in 0.035366 seconds 
========================================================================
Received Import Request.
  Time since last request: 0.028568 seconds.
  path: Assets/TextMesh Pro/Documentation/TextMesh Pro User Guide 2016.pdf
  artifactKey: Guid(1b8d251f9af63b746bf2f7ffe00ebb9b) Importer(815301076,1909f56bfc062723c751e8b465ee728b)
Start importing Assets/TextMesh Pro/Documentation/TextMesh Pro User Guide 2016.pdf using Guid(1b8d251f9af63b746bf2f7ffe00ebb9b) Importer(815301076,1909f56bfc062723c751e8b465ee728b)  -> (artifact id: '06d594f0f45c0070f56c2dd42a9bd84c') in 0.023107 seconds 
========================================================================
Received Import Request.
  Time since last request: 0.001145 seconds.
  path: Assets/Sprites
  artifactKey: Guid(b91ac6d0dc224904bbb9a6131ffbdd0a) Importer(815301076,1909f56bfc062723c751e8b465ee728b)
Start importing Assets/Sprites using Guid(b91ac6d0dc224904bbb9a6131ffbdd0a) Importer(815301076,1909f56bfc062723c751e8b465ee728b)  -> (artifact id: 'a3dab302dc1d9056adc55d683e5ff2e4') in 0.002363 seconds 
========================================================================
Received Import Request.
  Time since last request: 0.031838 seconds.
  path: Assets/TextMesh Pro/Shaders/TMP_Bitmap-Mobile.shader
  artifactKey: Guid(1e3b057af24249748ff873be7fafee47) Importer(815301076,1909f56bfc062723c751e8b465ee728b)
Start importing Assets/TextMesh Pro/Shaders/TMP_Bitmap-Mobile.shader using Guid(1e3b057af24249748ff873be7fafee47) Importer(815301076,1909f56bfc062723c751e8b465ee728b)  -> (artifact id: 'be5bd2c13198c56042313546ed722532') in 0.010037 seconds 
========================================================================
Received Import Request.
  Time since last request: 0.041233 seconds.
  path: Assets/Background/Green-silhouette-forest-abstract-background-900x506.jpg
  artifactKey: Guid(08fad4f364890cb418f71786a71c6e7b) Importer(815301076,1909f56bfc062723c751e8b465ee728b)
Start importing Assets/Background/Green-silhouette-forest-abstract-background-900x506.jpg using Guid(08fad4f364890cb418f71786a71c6e7b) Importer(815301076,1909f56bfc062723c751e8b465ee728b)  -> (artifact id: '7d168af3eab5d99ea9ea3acdfe11b29f') in 0.133793 seconds 
========================================================================
Received Import Request.
  Time since last request: 0.001040 seconds.
  path: Assets/Scenes/8.Niveles.unity
  artifactKey: Guid(268a507494e4be645b7f04563820426a) Importer(815301076,1909f56bfc062723c751e8b465ee728b)
Start importing Assets/Scenes/8.Niveles.unity using Guid(268a507494e4be645b7f04563820426a) Importer(815301076,1909f56bfc062723c751e8b465ee728b)  -> (artifact id: '0715aab35195fde2678b440e592ee24d') in 0.010260 seconds 
========================================================================
Received Import Request.
  Time since last request: 0.000033 seconds.
  path: Assets/TextMesh Pro/Resources
  artifactKey: Guid(243e06394e614e5d99fab26083b707fa) Importer(815301076,1909f56bfc062723c751e8b465ee728b)
Start importing Assets/TextMesh Pro/Resources using Guid(243e06394e614e5d99fab26083b707fa) Importer(815301076,1909f56bfc062723c751e8b465ee728b)  -> (artifact id: '73107d1020a62e3def86c468d2a05456') in 0.023338 seconds 
========================================================================
Received Import Request.
  Time since last request: 0.032936 seconds.
  path: Assets/TextMesh Pro/Shaders/TMP_SDF-Mobile Overlay.shader
  artifactKey: Guid(a02a7d8c237544f1962732b55a9aebf1) Importer(815301076,1909f56bfc062723c751e8b465ee728b)
Start importing Assets/TextMesh Pro/Shaders/TMP_SDF-Mobile Overlay.shader using Guid(a02a7d8c237544f1962732b55a9aebf1) Importer(815301076,1909f56bfc062723c751e8b465ee728b)  -> (artifact id: '64efefc7d59f82ad4d9f9dce44afc2ec') in 0.010508 seconds 
========================================================================
Received Import Request.
  Time since last request: 0.001839 seconds.
  path: Assets/TextMesh Pro/Resources/LineBreaking Leading Characters.txt
  artifactKey: Guid(d82c1b31c7e74239bff1220585707d2b) Importer(815301076,1909f56bfc062723c751e8b465ee728b)
Start importing Assets/TextMesh Pro/Resources/LineBreaking Leading Characters.txt using Guid(d82c1b31c7e74239bff1220585707d2b) Importer(815301076,1909f56bfc062723c751e8b465ee728b)  -> (artifact id: 'b95b4c2a9b67a1b3b08a79aab403f964') in 0.012032 seconds 
========================================================================
Received Import Request.
  Time since last request: 0.021226 seconds.
  path: Assets/TextMesh Pro/Fonts/LiberationSans.ttf
  artifactKey: Guid(e3265ab4bf004d28a9537516768c1c75) Importer(815301076,1909f56bfc062723c751e8b465ee728b)
Start importing Assets/TextMesh Pro/Fonts/LiberationSans.ttf using Guid(e3265ab4bf004d28a9537516768c1c75) Importer(815301076,1909f56bfc062723c751e8b465ee728b)  -> (artifact id: 'f3bd036785823e2281556a384dd6489b') in 0.058871 seconds 
========================================================================
Received Import Request.
  Time since last request: 0.038529 seconds.
  path: Assets/Background/Background_1.png
  artifactKey: Guid(9c0daadc391aa5f49b7b1f245a6801a7) Importer(815301076,1909f56bfc062723c751e8b465ee728b)
Start importing Assets/Background/Background_1.png using Guid(9c0daadc391aa5f49b7b1f245a6801a7) Importer(815301076,1909f56bfc062723c751e8b465ee728b)  -> (artifact id: '58f379326b449bf4f88c859ee99c861c') in 0.282320 seconds 
