Using pre-set license
Built from '2021.3/release' branch; Version is '2021.3.27f1 (ca3ffb99bcc6) revision 13254651'; Using compiler version '192829333'; Build Type 'Release'
OS: 'Windows 11  (10.0.22621) 64bit CoreSingleLanguage' Language: 'es' Physical Memory: 8023 MB
BatchMode: 1, IsHumanControllingUs: 0, StartBugReporterOnCrash: 0, Is64bit: 1, IsPro: 1

COMMAND LINE ARGUMENTS:
C:\Program Files\Unity\Hub\Editor\2021.3.27f1\Editor\Unity.exe
-adb2
-batchMode
-noUpm
-name
AssetImportWorker6
-projectPath
C:/Users/camil/OneDrive/Desktop/Video_Juego_talu/Video_Juego_talu/Proyecto_2
-logFile
Logs/AssetImportWorker6.log
-srvPort
57382
Successfully changed project path to: C:/Users/camil/OneDrive/Desktop/Video_Juego_talu/Video_Juego_talu/Proyecto_2
C:/Users/camil/OneDrive/Desktop/Video_Juego_talu/Video_Juego_talu/Proyecto_2
[UnityMemory] Configuration Parameters - Can be set up in boot.config
    "memorysetup-bucket-allocator-granularity=16"
    "memorysetup-bucket-allocator-bucket-count=8"
    "memorysetup-bucket-allocator-block-size=33554432"
    "memorysetup-bucket-allocator-block-count=8"
    "memorysetup-main-allocator-block-size=16777216"
    "memorysetup-thread-allocator-block-size=16777216"
    "memorysetup-gfx-main-allocator-block-size=16777216"
    "memorysetup-gfx-thread-allocator-block-size=16777216"
    "memorysetup-cache-allocator-block-size=4194304"
    "memorysetup-typetree-allocator-block-size=2097152"
    "memorysetup-profiler-bucket-allocator-granularity=16"
    "memorysetup-profiler-bucket-allocator-bucket-count=8"
    "memorysetup-profiler-bucket-allocator-block-size=33554432"
    "memorysetup-profiler-bucket-allocator-block-count=8"
    "memorysetup-profiler-allocator-block-size=16777216"
    "memorysetup-profiler-editor-allocator-block-size=1048576"
    "memorysetup-temp-allocator-size-main=16777216"
    "memorysetup-job-temp-allocator-block-size=2097152"
    "memorysetup-job-temp-allocator-block-size-background=1048576"
    "memorysetup-job-temp-allocator-reduction-small-platforms=262144"
    "memorysetup-temp-allocator-size-background-worker=32768"
    "memorysetup-temp-allocator-size-job-worker=262144"
    "memorysetup-temp-allocator-size-preload-manager=33554432"
    "memorysetup-temp-allocator-size-nav-mesh-worker=65536"
    "memorysetup-temp-allocator-size-audio-worker=65536"
    "memorysetup-temp-allocator-size-cloud-worker=32768"
    "memorysetup-temp-allocator-size-gi-baking-worker=262144"
    "memorysetup-temp-allocator-size-gfx=262144"
Player connection [18080] Host "[IP] 192.168.20.128 [Port] 0 [Flags] 2 [Guid] 3771913217 [EditorId] 3771913217 [Version] 1048832 [Id] WindowsEditor(7,8-Man) [Debug] 1 [PackageName] WindowsEditor [ProjectName] Editor" joined multi-casting on [225.0.0.222:54997]...

Player connection [18080] Host "[IP] 192.168.20.128 [Port] 0 [Flags] 2 [Guid] 3771913217 [EditorId] 3771913217 [Version] 1048832 [Id] WindowsEditor(7,8-Man) [Debug] 1 [PackageName] WindowsEditor [ProjectName] Editor" joined alternative multi-casting on [225.0.0.222:34997]...

Refreshing native plugins compatible for Editor in 95.80 ms, found 4 plugins.
Preloading 0 native plugins for Editor in 0.00 ms.
Initialize engine version: 2021.3.27f1 (ca3ffb99bcc6)
[Subsystems] Discovering subsystems at path C:/Program Files/Unity/Hub/Editor/2021.3.27f1/Editor/Data/Resources/UnitySubsystems
[Subsystems] Discovering subsystems at path C:/Users/camil/OneDrive/Desktop/Video_Juego_talu/Video_Juego_talu/Proyecto_2/Assets
GfxDevice: creating device client; threaded=0; jobified=0
Direct3D:
    Version:  Direct3D 11.0 [level 11.1]
    Renderer: NVIDIA GeForce GTX 1650 (ID=0x1f99)
    Vendor:   NVIDIA
    VRAM:     3962 MB
    Driver:   30.0.15.1259
Initialize mono
Mono path[0] = 'C:/Program Files/Unity/Hub/Editor/2021.3.27f1/Editor/Data/Managed'
Mono path[1] = 'C:/Program Files/Unity/Hub/Editor/2021.3.27f1/Editor/Data/MonoBleedingEdge/lib/mono/unityjit-win32'
Mono config path = 'C:/Program Files/Unity/Hub/Editor/2021.3.27f1/Editor/Data/MonoBleedingEdge/etc'
Using monoOptions --debugger-agent=transport=dt_socket,embedding=1,server=y,suspend=n,address=127.0.0.1:56656
Begin MonoManager ReloadAssembly
Registering precompiled unity dll's ...
Register platform support module: C:/Program Files/Unity/Hub/Editor/2021.3.27f1/Editor/Data/PlaybackEngines/WebGLSupport/UnityEditor.WebGL.Extensions.dll
Register platform support module: C:/Program Files/Unity/Hub/Editor/2021.3.27f1/Editor/Data/PlaybackEngines/AndroidPlayer/UnityEditor.Android.Extensions.dll
Register platform support module: C:/Program Files/Unity/Hub/Editor/2021.3.27f1/Editor/Data/PlaybackEngines/WindowsStandaloneSupport/UnityEditor.WindowsStandalone.Extensions.dll
Registered in 0.005039 seconds.
Native extension for WindowsStandalone target not found
Native extension for Android target not found
Android Extension - Scanning For ADB Devices 248 ms
Native extension for WebGL target not found
Refreshing native plugins compatible for Editor in 102.20 ms, found 4 plugins.
Preloading 0 native plugins for Editor in 0.00 ms.
Mono: successfully reloaded assembly
- Completed reload, in  0.947 seconds
Domain Reload Profiling:
	ReloadAssembly (948ms)
		BeginReloadAssembly (72ms)
			ExecutionOrderSort (0ms)
			DisableScriptedObjects (0ms)
			BackupInstance (0ms)
			ReleaseScriptingObjects (0ms)
			CreateAndSetChildDomain (1ms)
		EndReloadAssembly (781ms)
			LoadAssemblies (70ms)
			RebuildTransferFunctionScriptingTraits (0ms)
			SetupTypeCache (107ms)
			ReleaseScriptCaches (0ms)
			RebuildScriptCaches (25ms)
			SetupLoadedEditorAssemblies (601ms)
				LogAssemblyErrors (0ms)
				InitializePlatformSupportModulesInManaged (379ms)
				SetLoadedEditorAssemblies (0ms)
				RefreshPlugins (102ms)
				BeforeProcessingInitializeOnLoad (1ms)
				ProcessInitializeOnLoadAttributes (80ms)
				ProcessInitializeOnLoadMethodAttributes (38ms)
				AfterProcessingInitializeOnLoad (0ms)
				EditorAssembliesLoaded (0ms)
			ExecutionOrderSort2 (0ms)
			AwakeInstancesAfterBackupRestoration (0ms)
Platform modules already initialized, skipping
Registering precompiled user dll's ...
Registered in 0.006664 seconds.
Begin MonoManager ReloadAssembly
Symbol file LoadedFromMemory doesn't match image C:\Users\camil\OneDrive\Desktop\Video_Juego_talu\Video_Juego_talu\Proyecto_2\Library\PackageCache\com.unity.visualscripting@1.8.0\Editor\VisualScripting.Core\Dependencies\YamlDotNet\Unity.VisualScripting.YamlDotNet.dll
Symbol file LoadedFromMemory doesn't match image C:\Users\camil\OneDrive\Desktop\Video_Juego_talu\Video_Juego_talu\Proyecto_2\Library\PackageCache\com.unity.visualscripting@1.8.0\Editor\VisualScripting.Core\Dependencies\DotNetZip\Unity.VisualScripting.IonicZip.dll
Native extension for WindowsStandalone target not found
Native extension for Android target not found
Native extension for WebGL target not found
Refreshing native plugins compatible for Editor in 87.73 ms, found 4 plugins.
Preloading 0 native plugins for Editor in 0.00 ms.
Mono: successfully reloaded assembly
- Completed reload, in  1.689 seconds
Domain Reload Profiling:
	ReloadAssembly (1767ms)
		BeginReloadAssembly (131ms)
			ExecutionOrderSort (0ms)
			DisableScriptedObjects (6ms)
			BackupInstance (0ms)
			ReleaseScriptingObjects (0ms)
			CreateAndSetChildDomain (26ms)
		EndReloadAssembly (1530ms)
			LoadAssemblies (139ms)
			RebuildTransferFunctionScriptingTraits (0ms)
			SetupTypeCache (392ms)
			ReleaseScriptCaches (1ms)
			RebuildScriptCaches (56ms)
			SetupLoadedEditorAssemblies (840ms)
				LogAssemblyErrors (0ms)
				InitializePlatformSupportModulesInManaged (19ms)
				SetLoadedEditorAssemblies (0ms)
				RefreshPlugins (88ms)
				BeforeProcessingInitializeOnLoad (93ms)
				ProcessInitializeOnLoadAttributes (599ms)
				ProcessInitializeOnLoadMethodAttributes (35ms)
				AfterProcessingInitializeOnLoad (6ms)
				EditorAssembliesLoaded (0ms)
			ExecutionOrderSort2 (0ms)
			AwakeInstancesAfterBackupRestoration (5ms)
Platform modules already initialized, skipping
========================================================================
Worker process is ready to serve import requests
Launched and connected shader compiler UnityShaderCompiler.exe after 0.39 seconds
Refreshing native plugins compatible for Editor in 1.12 ms, found 4 plugins.
Preloading 0 native plugins for Editor in 0.00 ms.
Unloading 3955 Unused Serialized files (Serialized files now loaded: 0)
Unloading 48 unused Assets / (119.2 KB). Loaded Objects now: 4420.
Memory consumption went from 158.4 MB to 158.3 MB.
Total: 3.598100 ms (FindLiveObjects: 0.374600 ms CreateObjectMapping: 0.284900 ms MarkObjects: 2.758700 ms  DeleteObjects: 0.178700 ms)

AssetImportParameters requested are different than current active one (requested -> active):
  custom:video-decoder-ogg-theora: a1e56fd34408186e4bbccfd4996cb3dc -> 
  custom:container-muxer-webm: aa71ff27fc2769a1b78a27578f13a17b -> 
  custom:container-demuxer-webm: 4f35f7cbe854078d1ac9338744f61a02 -> 
  custom:video-encoder-webm-vp8: eb34c28f22e8b96e1ab97ce403110664 -> 
  custom:audio-encoder-webm-vorbis: bf7c407c2cedff20999df2af8eb42d56 -> 
  custom:framework-win-MediaFoundation: 216162199b28c13a410421893ffa2e32 -> 
  custom:container-demuxer-ogg: 62fdf1f143b41e24485cea50d1cbac27 -> 
  custom:video-decoder-webm-vp8: 9c59270c3fd7afecdb556c50c9e8de78 -> 
  custom:audio-decoder-ogg-vorbis: bf7c407c2cedff20999df2af8eb42d56 -> 
========================================================================
Received Import Request.
  Time since last request: 197124.630111 seconds.
  path: Assets/Scenes/1. MENU INICIO.unity
  artifactKey: Guid(cde2a597d5851674fa424ed894b41b38) Importer(815301076,1909f56bfc062723c751e8b465ee728b)
Start importing Assets/Scenes/1. MENU INICIO.unity using Guid(cde2a597d5851674fa424ed894b41b38) Importer(815301076,1909f56bfc062723c751e8b465ee728b)  -> (artifact id: 'dd5dd4e808393301e93a42f629c0c366') in 0.013062 seconds 
========================================================================
Received Import Request.
  Time since last request: 259.907370 seconds.
  path: Assets/Scenes/2.Niveles.unity
  artifactKey: Guid(b8ca7dc99f60a534fad4950fba33cb93) Importer(815301076,1909f56bfc062723c751e8b465ee728b)
Start importing Assets/Scenes/2.Niveles.unity using Guid(b8ca7dc99f60a534fad4950fba33cb93) Importer(815301076,1909f56bfc062723c751e8b465ee728b)  -> (artifact id: '6905f5045e312ae4b1aff56f1fe66662') in 0.010559 seconds 
========================================================================
Received Import Request.
  Time since last request: 1.479851 seconds.
  path: Assets/Scenes/1. MENU INICIO.unity
  artifactKey: Guid(cde2a597d5851674fa424ed894b41b38) Importer(815301076,1909f56bfc062723c751e8b465ee728b)
Start importing Assets/Scenes/1. MENU INICIO.unity using Guid(cde2a597d5851674fa424ed894b41b38) Importer(815301076,1909f56bfc062723c751e8b465ee728b)  -> (artifact id: '48d0082fa16e70ea15eb859102fb1471') in 0.001868 seconds 
========================================================================
Received Import Request.
  Time since last request: 15.001366 seconds.
  path: Assets/Scenes/1. Menu_Inicio.unity
  artifactKey: Guid(cde2a597d5851674fa424ed894b41b38) Importer(815301076,1909f56bfc062723c751e8b465ee728b)
Start importing Assets/Scenes/1. Menu_Inicio.unity using Guid(cde2a597d5851674fa424ed894b41b38) Importer(815301076,1909f56bfc062723c751e8b465ee728b)  -> (artifact id: 'd6f2d4aa625dd58f765b01e22f18bc07') in 0.012155 seconds 
========================================================================
Received Import Request.
  Time since last request: 1.769252 seconds.
  path: Assets/Scenes/0. INICIO.unity
  artifactKey: Guid(45cca218f61a0fe4fb63c877f14ff935) Importer(815301076,1909f56bfc062723c751e8b465ee728b)
Start importing Assets/Scenes/0. INICIO.unity using Guid(45cca218f61a0fe4fb63c877f14ff935) Importer(815301076,1909f56bfc062723c751e8b465ee728b)  -> (artifact id: '56f442b0b80fcb6f73240a376973de7d') in 0.011697 seconds 
========================================================================
Received Import Request.
  Time since last request: 9.391077 seconds.
  path: Assets/Scenes/0. Inicio.unity
  artifactKey: Guid(45cca218f61a0fe4fb63c877f14ff935) Importer(815301076,1909f56bfc062723c751e8b465ee728b)
Start importing Assets/Scenes/0. Inicio.unity using Guid(45cca218f61a0fe4fb63c877f14ff935) Importer(815301076,1909f56bfc062723c751e8b465ee728b)  -> (artifact id: '3fc34ef55d36f3416d3b6a2af47eec3e') in 0.010436 seconds 
========================================================================
Received Import Request.
  Time since last request: 76.152850 seconds.
  path: Assets/Scenes/2.Niveles.unity
  artifactKey: Guid(b8ca7dc99f60a534fad4950fba33cb93) Importer(815301076,1909f56bfc062723c751e8b465ee728b)
Start importing Assets/Scenes/2.Niveles.unity using Guid(b8ca7dc99f60a534fad4950fba33cb93) Importer(815301076,1909f56bfc062723c751e8b465ee728b)  -> (artifact id: 'd29c1cfb24d9729491b7b90f3aceb200') in 0.002152 seconds 
========================================================================
Received Prepare
Registering precompiled user dll's ...
Registered in 0.006973 seconds.
Begin MonoManager ReloadAssembly
Symbol file LoadedFromMemory doesn't match image C:\Users\camil\OneDrive\Desktop\Video_Juego_talu\Video_Juego_talu\Proyecto_2\Library\PackageCache\com.unity.visualscripting@1.8.0\Editor\VisualScripting.Core\Dependencies\YamlDotNet\Unity.VisualScripting.YamlDotNet.dll
Symbol file LoadedFromMemory doesn't match image C:\Users\camil\OneDrive\Desktop\Video_Juego_talu\Video_Juego_talu\Proyecto_2\Library\PackageCache\com.unity.visualscripting@1.8.0\Editor\VisualScripting.Core\Dependencies\DotNetZip\Unity.VisualScripting.IonicZip.dll
Native extension for WindowsStandalone target not found
Native extension for Android target not found
Native extension for WebGL target not found
Refreshing native plugins compatible for Editor in 0.75 ms, found 4 plugins.
Preloading 0 native plugins for Editor in 0.00 ms.
Mono: successfully reloaded assembly
- Completed reload, in  1.095 seconds
Domain Reload Profiling:
	ReloadAssembly (1096ms)
		BeginReloadAssembly (144ms)
			ExecutionOrderSort (0ms)
			DisableScriptedObjects (6ms)
			BackupInstance (0ms)
			ReleaseScriptingObjects (0ms)
			CreateAndSetChildDomain (45ms)
		EndReloadAssembly (860ms)
			LoadAssemblies (89ms)
			RebuildTransferFunctionScriptingTraits (0ms)
			SetupTypeCache (255ms)
			ReleaseScriptCaches (1ms)
			RebuildScriptCaches (47ms)
			SetupLoadedEditorAssemblies (425ms)
				LogAssemblyErrors (0ms)
				InitializePlatformSupportModulesInManaged (19ms)
				SetLoadedEditorAssemblies (0ms)
				RefreshPlugins (1ms)
				BeforeProcessingInitializeOnLoad (77ms)
				ProcessInitializeOnLoadAttributes (290ms)
				ProcessInitializeOnLoadMethodAttributes (33ms)
				AfterProcessingInitializeOnLoad (5ms)
				EditorAssembliesLoaded (0ms)
			ExecutionOrderSort2 (0ms)
			AwakeInstancesAfterBackupRestoration (5ms)
Platform modules already initialized, skipping
Refreshing native plugins compatible for Editor in 3.13 ms, found 4 plugins.
Preloading 0 native plugins for Editor in 0.00 ms.
Unloading 3930 Unused Serialized files (Serialized files now loaded: 0)
Unloading 23 unused Assets / (92.7 KB). Loaded Objects now: 4435.
Memory consumption went from 155.6 MB to 155.5 MB.
Total: 3.578500 ms (FindLiveObjects: 0.337700 ms CreateObjectMapping: 0.218300 ms MarkObjects: 2.953400 ms  DeleteObjects: 0.067600 ms)

AssetImportParameters requested are different than current active one (requested -> active):
  custom:video-decoder-ogg-theora: a1e56fd34408186e4bbccfd4996cb3dc -> 
  custom:container-muxer-webm: aa71ff27fc2769a1b78a27578f13a17b -> 
  custom:container-demuxer-webm: 4f35f7cbe854078d1ac9338744f61a02 -> 
  custom:video-encoder-webm-vp8: eb34c28f22e8b96e1ab97ce403110664 -> 
  custom:audio-encoder-webm-vorbis: bf7c407c2cedff20999df2af8eb42d56 -> 
  custom:framework-win-MediaFoundation: 216162199b28c13a410421893ffa2e32 -> 
  custom:container-demuxer-ogg: 62fdf1f143b41e24485cea50d1cbac27 -> 
  custom:video-decoder-webm-vp8: 9c59270c3fd7afecdb556c50c9e8de78 -> 
  custom:audio-decoder-ogg-vorbis: bf7c407c2cedff20999df2af8eb42d56 -> 
========================================================================
Received Import Request.
  Time since last request: 210.950312 seconds.
  path: Assets/Scenes/2.Niveles.unity
  artifactKey: Guid(b8ca7dc99f60a534fad4950fba33cb93) Importer(815301076,1909f56bfc062723c751e8b465ee728b)
Start importing Assets/Scenes/2.Niveles.unity using Guid(b8ca7dc99f60a534fad4950fba33cb93) Importer(815301076,1909f56bfc062723c751e8b465ee728b)  -> (artifact id: '3331c3140d7fc30f6bde0cb23a8d789a') in 0.010278 seconds 
========================================================================
Received Import Request.
  Time since last request: 3.449885 seconds.
  path: Assets/Scenes/3.Nivel_Aire.unity
  artifactKey: Guid(2cda990e2423bbf4892e6590ba056729) Importer(815301076,1909f56bfc062723c751e8b465ee728b)
Start importing Assets/Scenes/3.Nivel_Aire.unity using Guid(2cda990e2423bbf4892e6590ba056729) Importer(815301076,1909f56bfc062723c751e8b465ee728b)  -> (artifact id: 'c5389a4ccf4d5584dd01a6b47ec92b99') in 0.033095 seconds 
========================================================================
Received Import Request.
  Time since last request: 16.470691 seconds.
  path: Assets/Scenes/4. Nivel agua.unity
  artifactKey: Guid(af790d4faa019c1428f6149ac3ac78af) Importer(815301076,1909f56bfc062723c751e8b465ee728b)
Start importing Assets/Scenes/4. Nivel agua.unity using Guid(af790d4faa019c1428f6149ac3ac78af) Importer(815301076,1909f56bfc062723c751e8b465ee728b)  -> (artifact id: '5fb999a192aa2a3827d2bd319a8b2d16') in 0.011225 seconds 
========================================================================
Received Prepare
Registering precompiled user dll's ...
Registered in 0.006519 seconds.
Begin MonoManager ReloadAssembly
Symbol file LoadedFromMemory doesn't match image C:\Users\camil\OneDrive\Desktop\Video_Juego_talu\Video_Juego_talu\Proyecto_2\Library\PackageCache\com.unity.visualscripting@1.8.0\Editor\VisualScripting.Core\Dependencies\YamlDotNet\Unity.VisualScripting.YamlDotNet.dll
Symbol file LoadedFromMemory doesn't match image C:\Users\camil\OneDrive\Desktop\Video_Juego_talu\Video_Juego_talu\Proyecto_2\Library\PackageCache\com.unity.visualscripting@1.8.0\Editor\VisualScripting.Core\Dependencies\DotNetZip\Unity.VisualScripting.IonicZip.dll
Native extension for WindowsStandalone target not found
Native extension for Android target not found
Native extension for WebGL target not found
Refreshing native plugins compatible for Editor in 0.83 ms, found 4 plugins.
Preloading 0 native plugins for Editor in 0.00 ms.
Mono: successfully reloaded assembly
- Completed reload, in  1.100 seconds
Domain Reload Profiling:
	ReloadAssembly (1101ms)
		BeginReloadAssembly (142ms)
			ExecutionOrderSort (0ms)
			DisableScriptedObjects (6ms)
			BackupInstance (0ms)
			ReleaseScriptingObjects (0ms)
			CreateAndSetChildDomain (41ms)
		EndReloadAssembly (856ms)
			LoadAssemblies (93ms)
			RebuildTransferFunctionScriptingTraits (0ms)
			SetupTypeCache (251ms)
			ReleaseScriptCaches (2ms)
			RebuildScriptCaches (51ms)
			SetupLoadedEditorAssemblies (414ms)
				LogAssemblyErrors (0ms)
				InitializePlatformSupportModulesInManaged (19ms)
				SetLoadedEditorAssemblies (0ms)
				RefreshPlugins (1ms)
				BeforeProcessingInitializeOnLoad (80ms)
				ProcessInitializeOnLoadAttributes (260ms)
				ProcessInitializeOnLoadMethodAttributes (46ms)
				AfterProcessingInitializeOnLoad (8ms)
				EditorAssembliesLoaded (0ms)
			ExecutionOrderSort2 (0ms)
			AwakeInstancesAfterBackupRestoration (7ms)
Platform modules already initialized, skipping
Refreshing native plugins compatible for Editor in 3.11 ms, found 4 plugins.
Preloading 0 native plugins for Editor in 0.00 ms.
Unloading 3930 Unused Serialized files (Serialized files now loaded: 0)
Unloading 23 unused Assets / (92.7 KB). Loaded Objects now: 4450.
Memory consumption went from 155.6 MB to 155.5 MB.
Total: 4.654600 ms (FindLiveObjects: 0.502700 ms CreateObjectMapping: 0.826000 ms MarkObjects: 3.264500 ms  DeleteObjects: 0.060100 ms)

AssetImportParameters requested are different than current active one (requested -> active):
  custom:video-decoder-ogg-theora: a1e56fd34408186e4bbccfd4996cb3dc -> 
  custom:container-muxer-webm: aa71ff27fc2769a1b78a27578f13a17b -> 
  custom:container-demuxer-webm: 4f35f7cbe854078d1ac9338744f61a02 -> 
  custom:video-encoder-webm-vp8: eb34c28f22e8b96e1ab97ce403110664 -> 
  custom:audio-encoder-webm-vorbis: bf7c407c2cedff20999df2af8eb42d56 -> 
  custom:framework-win-MediaFoundation: 216162199b28c13a410421893ffa2e32 -> 
  custom:container-demuxer-ogg: 62fdf1f143b41e24485cea50d1cbac27 -> 
  custom:video-decoder-webm-vp8: 9c59270c3fd7afecdb556c50c9e8de78 -> 
  custom:audio-decoder-ogg-vorbis: bf7c407c2cedff20999df2af8eb42d56 -> 
========================================================================
Received Import Request.
  Time since last request: 263.400609 seconds.
  path: Assets/Scenes/3.Nivel_Aire.unity
  artifactKey: Guid(2cda990e2423bbf4892e6590ba056729) Importer(815301076,1909f56bfc062723c751e8b465ee728b)
Start importing Assets/Scenes/3.Nivel_Aire.unity using Guid(2cda990e2423bbf4892e6590ba056729) Importer(815301076,1909f56bfc062723c751e8b465ee728b)  -> (artifact id: '1ca1be9f8411a93a94fde3bb82b96b53') in 0.012793 seconds 
========================================================================
Received Import Request.
  Time since last request: 25.456483 seconds.
  path: Assets/Scenes/4. Nivel agua.unity
  artifactKey: Guid(af790d4faa019c1428f6149ac3ac78af) Importer(815301076,1909f56bfc062723c751e8b465ee728b)
Start importing Assets/Scenes/4. Nivel agua.unity using Guid(af790d4faa019c1428f6149ac3ac78af) Importer(815301076,1909f56bfc062723c751e8b465ee728b)  -> (artifact id: '0877ddfbe5cdb6e42b9f8e46b5c86453') in 0.002113 seconds 
========================================================================
Received Prepare
Registering precompiled user dll's ...
Registered in 0.006452 seconds.
Begin MonoManager ReloadAssembly
Symbol file LoadedFromMemory doesn't match image C:\Users\camil\OneDrive\Desktop\Video_Juego_talu\Video_Juego_talu\Proyecto_2\Library\PackageCache\com.unity.visualscripting@1.8.0\Editor\VisualScripting.Core\Dependencies\YamlDotNet\Unity.VisualScripting.YamlDotNet.dll
Symbol file LoadedFromMemory doesn't match image C:\Users\camil\OneDrive\Desktop\Video_Juego_talu\Video_Juego_talu\Proyecto_2\Library\PackageCache\com.unity.visualscripting@1.8.0\Editor\VisualScripting.Core\Dependencies\DotNetZip\Unity.VisualScripting.IonicZip.dll
Native extension for WindowsStandalone target not found
Native extension for Android target not found
Native extension for WebGL target not found
Refreshing native plugins compatible for Editor in 1.27 ms, found 4 plugins.
Preloading 0 native plugins for Editor in 0.00 ms.
Mono: successfully reloaded assembly
- Completed reload, in  1.160 seconds
Domain Reload Profiling:
	ReloadAssembly (1160ms)
		BeginReloadAssembly (147ms)
			ExecutionOrderSort (0ms)
			DisableScriptedObjects (8ms)
			BackupInstance (0ms)
			ReleaseScriptingObjects (0ms)
			CreateAndSetChildDomain (42ms)
		EndReloadAssembly (894ms)
			LoadAssemblies (102ms)
			RebuildTransferFunctionScriptingTraits (0ms)
			SetupTypeCache (263ms)
			ReleaseScriptCaches (1ms)
			RebuildScriptCaches (53ms)
			SetupLoadedEditorAssemblies (432ms)
				LogAssemblyErrors (0ms)
				InitializePlatformSupportModulesInManaged (27ms)
				SetLoadedEditorAssemblies (0ms)
				RefreshPlugins (1ms)
				BeforeProcessingInitializeOnLoad (94ms)
				ProcessInitializeOnLoadAttributes (254ms)
				ProcessInitializeOnLoadMethodAttributes (48ms)
				AfterProcessingInitializeOnLoad (7ms)
				EditorAssembliesLoaded (0ms)
			ExecutionOrderSort2 (0ms)
			AwakeInstancesAfterBackupRestoration (8ms)
Platform modules already initialized, skipping
Refreshing native plugins compatible for Editor in 3.74 ms, found 4 plugins.
Preloading 0 native plugins for Editor in 0.00 ms.
Unloading 3930 Unused Serialized files (Serialized files now loaded: 0)
Unloading 23 unused Assets / (92.7 KB). Loaded Objects now: 4465.
Memory consumption went from 155.6 MB to 155.5 MB.
Total: 6.008700 ms (FindLiveObjects: 0.385700 ms CreateObjectMapping: 0.460600 ms MarkObjects: 5.097200 ms  DeleteObjects: 0.064000 ms)

AssetImportParameters requested are different than current active one (requested -> active):
  custom:video-decoder-ogg-theora: a1e56fd34408186e4bbccfd4996cb3dc -> 
  custom:container-muxer-webm: aa71ff27fc2769a1b78a27578f13a17b -> 
  custom:container-demuxer-webm: 4f35f7cbe854078d1ac9338744f61a02 -> 
  custom:video-encoder-webm-vp8: eb34c28f22e8b96e1ab97ce403110664 -> 
  custom:audio-encoder-webm-vorbis: bf7c407c2cedff20999df2af8eb42d56 -> 
  custom:framework-win-MediaFoundation: 216162199b28c13a410421893ffa2e32 -> 
  custom:container-demuxer-ogg: 62fdf1f143b41e24485cea50d1cbac27 -> 
  custom:video-decoder-webm-vp8: 9c59270c3fd7afecdb556c50c9e8de78 -> 
  custom:audio-decoder-ogg-vorbis: bf7c407c2cedff20999df2af8eb42d56 -> 
========================================================================
Received Prepare
Registering precompiled user dll's ...
Registered in 0.007065 seconds.
Begin MonoManager ReloadAssembly
Symbol file LoadedFromMemory doesn't match image C:\Users\camil\OneDrive\Desktop\Video_Juego_talu\Video_Juego_talu\Proyecto_2\Library\PackageCache\com.unity.visualscripting@1.8.0\Editor\VisualScripting.Core\Dependencies\YamlDotNet\Unity.VisualScripting.YamlDotNet.dll
Symbol file LoadedFromMemory doesn't match image C:\Users\camil\OneDrive\Desktop\Video_Juego_talu\Video_Juego_talu\Proyecto_2\Library\PackageCache\com.unity.visualscripting@1.8.0\Editor\VisualScripting.Core\Dependencies\DotNetZip\Unity.VisualScripting.IonicZip.dll
Native extension for WindowsStandalone target not found
Native extension for Android target not found
Native extension for WebGL target not found
Refreshing native plugins compatible for Editor in 1.19 ms, found 4 plugins.
Preloading 0 native plugins for Editor in 0.00 ms.
Mono: successfully reloaded assembly
- Completed reload, in  1.264 seconds
Domain Reload Profiling:
	ReloadAssembly (1265ms)
		BeginReloadAssembly (234ms)
			ExecutionOrderSort (0ms)
			DisableScriptedObjects (7ms)
			BackupInstance (0ms)
			ReleaseScriptingObjects (0ms)
			CreateAndSetChildDomain (36ms)
		EndReloadAssembly (932ms)
			LoadAssemblies (201ms)
			RebuildTransferFunctionScriptingTraits (0ms)
			SetupTypeCache (242ms)
			ReleaseScriptCaches (2ms)
			RebuildScriptCaches (71ms)
			SetupLoadedEditorAssemblies (442ms)
				LogAssemblyErrors (0ms)
				InitializePlatformSupportModulesInManaged (29ms)
				SetLoadedEditorAssemblies (1ms)
				RefreshPlugins (1ms)
				BeforeProcessingInitializeOnLoad (86ms)
				ProcessInitializeOnLoadAttributes (263ms)
				ProcessInitializeOnLoadMethodAttributes (53ms)
				AfterProcessingInitializeOnLoad (10ms)
				EditorAssembliesLoaded (0ms)
			ExecutionOrderSort2 (0ms)
			AwakeInstancesAfterBackupRestoration (8ms)
Platform modules already initialized, skipping
Refreshing native plugins compatible for Editor in 2.40 ms, found 4 plugins.
Preloading 0 native plugins for Editor in 0.00 ms.
Unloading 3930 Unused Serialized files (Serialized files now loaded: 0)
Unloading 23 unused Assets / (92.8 KB). Loaded Objects now: 4480.
Memory consumption went from 155.6 MB to 155.5 MB.
Total: 3.610100 ms (FindLiveObjects: 0.375300 ms CreateObjectMapping: 0.326300 ms MarkObjects: 2.862300 ms  DeleteObjects: 0.045000 ms)

AssetImportParameters requested are different than current active one (requested -> active):
  custom:video-decoder-ogg-theora: a1e56fd34408186e4bbccfd4996cb3dc -> 
  custom:container-muxer-webm: aa71ff27fc2769a1b78a27578f13a17b -> 
  custom:container-demuxer-webm: 4f35f7cbe854078d1ac9338744f61a02 -> 
  custom:video-encoder-webm-vp8: eb34c28f22e8b96e1ab97ce403110664 -> 
  custom:audio-encoder-webm-vorbis: bf7c407c2cedff20999df2af8eb42d56 -> 
  custom:framework-win-MediaFoundation: 216162199b28c13a410421893ffa2e32 -> 
  custom:container-demuxer-ogg: 62fdf1f143b41e24485cea50d1cbac27 -> 
  custom:video-decoder-webm-vp8: 9c59270c3fd7afecdb556c50c9e8de78 -> 
  custom:audio-decoder-ogg-vorbis: bf7c407c2cedff20999df2af8eb42d56 -> 
========================================================================
Received Import Request.
  Time since last request: 118.312967 seconds.
  path: Assets/IMAGENES_4/222-removebg-preview (1).png
  artifactKey: Guid(73ad76758045f934482d1fba535636fc) Importer(815301076,1909f56bfc062723c751e8b465ee728b)
Start importing Assets/IMAGENES_4/222-removebg-preview (1).png using Guid(73ad76758045f934482d1fba535636fc) Importer(815301076,1909f56bfc062723c751e8b465ee728b)  -> (artifact id: '83fc193a2215652790b2f943425540d4') in 0.197270 seconds 
========================================================================
Received Import Request.
  Time since last request: 0.000025 seconds.
  path: Assets/IMAGENES_4/portal.png
  artifactKey: Guid(bc8a648a18c758e4cb67c21931c7d4bf) Importer(815301076,1909f56bfc062723c751e8b465ee728b)
Start importing Assets/IMAGENES_4/portal.png using Guid(bc8a648a18c758e4cb67c21931c7d4bf) Importer(815301076,1909f56bfc062723c751e8b465ee728b)  -> (artifact id: '2ff5e46381e1ca24f066d549b5d75947') in 0.081425 seconds 
========================================================================
Received Import Request.
  Time since last request: 0.000032 seconds.
  path: Assets/IMAGENES_4/ruina_3.png
  artifactKey: Guid(ef3ddf4dc439c9241b4eb37feb93d47b) Importer(815301076,1909f56bfc062723c751e8b465ee728b)
Start importing Assets/IMAGENES_4/ruina_3.png using Guid(ef3ddf4dc439c9241b4eb37feb93d47b) Importer(815301076,1909f56bfc062723c751e8b465ee728b)  -> (artifact id: 'c11fe3a263f815a7eeadc6eaf3d58521') in 0.022386 seconds 
========================================================================
Received Import Request.
  Time since last request: 0.000028 seconds.
  path: Assets/IMAGENES_4/enemigo_1.png
  artifactKey: Guid(586a1bb0021635247b5c5176236c0589) Importer(815301076,1909f56bfc062723c751e8b465ee728b)
Start importing Assets/IMAGENES_4/enemigo_1.png using Guid(586a1bb0021635247b5c5176236c0589) Importer(815301076,1909f56bfc062723c751e8b465ee728b)  -> (artifact id: '7f83dde297a92a620ec02b2bfdbbd8c7') in 0.017101 seconds 
========================================================================
Received Import Request.
  Time since last request: 0.000040 seconds.
  path: Assets/IMAGENES_4/mundo ahua Hielo 2.png
  artifactKey: Guid(6bd136caec218164ab04fb4a2230a325) Importer(815301076,1909f56bfc062723c751e8b465ee728b)
Start importing Assets/IMAGENES_4/mundo ahua Hielo 2.png using Guid(6bd136caec218164ab04fb4a2230a325) Importer(815301076,1909f56bfc062723c751e8b465ee728b)  -> (artifact id: 'ad151b8b5348eb5692c1253da39591cd') in 0.020327 seconds 
========================================================================
Received Import Request.
  Time since last request: 0.000034 seconds.
  path: Assets/IMAGENES_4/mundo ahua Hielo 4.png
  artifactKey: Guid(f34eee5297165b941831b477cfd4620c) Importer(815301076,1909f56bfc062723c751e8b465ee728b)
Start importing Assets/IMAGENES_4/mundo ahua Hielo 4.png using Guid(f34eee5297165b941831b477cfd4620c) Importer(815301076,1909f56bfc062723c751e8b465ee728b)  -> (artifact id: 'c1a6a16a07b99576609ada3282fd9562') in 0.037926 seconds 
========================================================================
Received Import Request.
  Time since last request: 0.000023 seconds.
  path: Assets/IMAGENES_4/fondo_2.jpg
  artifactKey: Guid(b28e79016484ba04bb2f321749840a81) Importer(815301076,1909f56bfc062723c751e8b465ee728b)
Start importing Assets/IMAGENES_4/fondo_2.jpg using Guid(b28e79016484ba04bb2f321749840a81) Importer(815301076,1909f56bfc062723c751e8b465ee728b)  -> (artifact id: '0be54bd53219ff627fcb0828fb4f6357') in 0.049131 seconds 
========================================================================
Received Import Request.
  Time since last request: 0.000019 seconds.
  path: Assets/IMAGENES_4/mundo ahua Hielo 5.png
  artifactKey: Guid(c2ba4afffe2d668489c6db3bfbf18622) Importer(815301076,1909f56bfc062723c751e8b465ee728b)
Start importing Assets/IMAGENES_4/mundo ahua Hielo 5.png using Guid(c2ba4afffe2d668489c6db3bfbf18622) Importer(815301076,1909f56bfc062723c751e8b465ee728b)  -> (artifact id: '7c86f48e2f4012da34995c6fa83fc232') in 0.066149 seconds 
========================================================================
Received Import Request.
  Time since last request: 0.000022 seconds.
  path: Assets/IMAGENES_4/ruina_2.png
  artifactKey: Guid(ce59dc7897225b54bb4f902ac8058055) Importer(815301076,1909f56bfc062723c751e8b465ee728b)
Start importing Assets/IMAGENES_4/ruina_2.png using Guid(ce59dc7897225b54bb4f902ac8058055) Importer(815301076,1909f56bfc062723c751e8b465ee728b)  -> (artifact id: '67ef8bb87592ccca7f542b03c97372a1') in 0.017552 seconds 
========================================================================
Received Import Request.
  Time since last request: 0.000043 seconds.
  path: Assets/IMAGENES_4/ruina_1.png
  artifactKey: Guid(a1a2b2330a53bb14bb2943d1654439c8) Importer(815301076,1909f56bfc062723c751e8b465ee728b)
Start importing Assets/IMAGENES_4/ruina_1.png using Guid(a1a2b2330a53bb14bb2943d1654439c8) Importer(815301076,1909f56bfc062723c751e8b465ee728b)  -> (artifact id: '7655cf0e97452c7ac4c1bd3bcb94d845') in 0.023130 seconds 
========================================================================
Received Import Request.
  Time since last request: 0.000024 seconds.
  path: Assets/IMAGENES_4/plataforma agua.png
  artifactKey: Guid(72e2d6d509bdac94ea5c885b0a2b9981) Importer(815301076,1909f56bfc062723c751e8b465ee728b)
Start importing Assets/IMAGENES_4/plataforma agua.png using Guid(72e2d6d509bdac94ea5c885b0a2b9981) Importer(815301076,1909f56bfc062723c751e8b465ee728b)  -> (artifact id: '0a44f2790e879f5aa3a00101f797019c') in 0.023402 seconds 
========================================================================
Received Import Request.
  Time since last request: 0.000018 seconds.
  path: Assets/IMAGENES_4/enemigo_2.png
  artifactKey: Guid(2ee868f61d241664eab9a0bb5e041cc2) Importer(815301076,1909f56bfc062723c751e8b465ee728b)
Start importing Assets/IMAGENES_4/enemigo_2.png using Guid(2ee868f61d241664eab9a0bb5e041cc2) Importer(815301076,1909f56bfc062723c751e8b465ee728b)  -> (artifact id: '535540c3c9d7f689b91e344cec8f4fb1') in 0.045384 seconds 
========================================================================
Received Import Request.
  Time since last request: 1.277569 seconds.
  path: Assets/IMAGENES_4/animacion
  artifactKey: Guid(94ddca63105192b46b37654807edc4d8) Importer(815301076,1909f56bfc062723c751e8b465ee728b)
Start importing Assets/IMAGENES_4/animacion using Guid(94ddca63105192b46b37654807edc4d8) Importer(815301076,1909f56bfc062723c751e8b465ee728b)  -> (artifact id: 'f8bd7ca6e4c66ec18a3921a3fde8bbba') in 0.020529 seconds 
========================================================================
Received Import Request.
  Time since last request: 0.091496 seconds.
  path: Assets/IMAGENES_4/animacion/Modelo persoanje animado caminando1.png
  artifactKey: Guid(36de38521cc077a42ba717b01a0e06eb) Importer(815301076,1909f56bfc062723c751e8b465ee728b)
Start importing Assets/IMAGENES_4/animacion/Modelo persoanje animado caminando1.png using Guid(36de38521cc077a42ba717b01a0e06eb) Importer(815301076,1909f56bfc062723c751e8b465ee728b)  -> (artifact id: 'd98796701a7dc3d4b50c4a9adeb9d377') in 0.016437 seconds 
========================================================================
Received Import Request.
  Time since last request: 0.000019 seconds.
  path: Assets/IMAGENES_4/animacion/Modelo persoanje animado caminando4.png
  artifactKey: Guid(07c5b394b3a526f4e8baf8234b7ab1c5) Importer(815301076,1909f56bfc062723c751e8b465ee728b)
Start importing Assets/IMAGENES_4/animacion/Modelo persoanje animado caminando4.png using Guid(07c5b394b3a526f4e8baf8234b7ab1c5) Importer(815301076,1909f56bfc062723c751e8b465ee728b)  -> (artifact id: '61fe6191d13b37e73273273fdb4f0088') in 0.017014 seconds 
========================================================================
Received Import Request.
  Time since last request: 17.046862 seconds.
  path: Assets/IMAGENES_4/animacion/New Folder
  artifactKey: Guid(8f43895e62c602346aa0b93aac6ce6f8) Importer(815301076,1909f56bfc062723c751e8b465ee728b)
Start importing Assets/IMAGENES_4/animacion/New Folder using Guid(8f43895e62c602346aa0b93aac6ce6f8) Importer(815301076,1909f56bfc062723c751e8b465ee728b)  -> (artifact id: '661d28bf244f596778c562b42ea71890') in 0.012036 seconds 
========================================================================
Received Import Request.
  Time since last request: 0.665296 seconds.
  path: Assets/IMAGENES_4/animacion/New Folder/Modelo persoanje agua animado reposo1.png
  artifactKey: Guid(3a57ac2fd4ec19f48976f191778ed6e8) Importer(815301076,1909f56bfc062723c751e8b465ee728b)
Start importing Assets/IMAGENES_4/animacion/New Folder/Modelo persoanje agua animado reposo1.png using Guid(3a57ac2fd4ec19f48976f191778ed6e8) Importer(815301076,1909f56bfc062723c751e8b465ee728b)  -> (artifact id: 'bc88b4226641f576800a3454aa65dfcf') in 0.020382 seconds 
========================================================================
Received Import Request.
  Time since last request: 0.000017 seconds.
  path: Assets/IMAGENES_4/animacion/New Folder/Modelo persoanje agua animado reposo4.png
  artifactKey: Guid(7458fd9498d2ad64998e7202cfe35244) Importer(815301076,1909f56bfc062723c751e8b465ee728b)
Start importing Assets/IMAGENES_4/animacion/New Folder/Modelo persoanje agua animado reposo4.png using Guid(7458fd9498d2ad64998e7202cfe35244) Importer(815301076,1909f56bfc062723c751e8b465ee728b)  -> (artifact id: 'adfa4f8009adf088378be63e851c8af2') in 0.023852 seconds 
========================================================================
Received Import Request.
  Time since last request: 14.355815 seconds.
  path: Assets/IMAGENES_4/animacion/New Folder/Modelo persoanje agua animado reposo3.png
  artifactKey: Guid(f6ddcbea067e46a498199cb3177018ff) Importer(815301076,1909f56bfc062723c751e8b465ee728b)
Start importing Assets/IMAGENES_4/animacion/New Folder/Modelo persoanje agua animado reposo3.png using Guid(f6ddcbea067e46a498199cb3177018ff) Importer(815301076,1909f56bfc062723c751e8b465ee728b)  -> (artifact id: 'bd731aea47e8cb6a0ad8027033b4ff36') in 0.009059 seconds 
========================================================================
Received Import Request.
  Time since last request: 0.021372 seconds.
  path: Assets/IMAGENES_4/animacion/New Folder/Modelo persoanje agua animado reposo1.png
  artifactKey: Guid(3a57ac2fd4ec19f48976f191778ed6e8) Importer(815301076,1909f56bfc062723c751e8b465ee728b)
Start importing Assets/IMAGENES_4/animacion/New Folder/Modelo persoanje agua animado reposo1.png using Guid(3a57ac2fd4ec19f48976f191778ed6e8) Importer(815301076,1909f56bfc062723c751e8b465ee728b)  -> (artifact id: '5acfae6bc53e8cc3c755c1a265578bc0') in 0.011924 seconds 
========================================================================
Received Prepare
Registering precompiled user dll's ...
Registered in 0.009390 seconds.
Begin MonoManager ReloadAssembly
Symbol file LoadedFromMemory doesn't match image C:\Users\camil\OneDrive\Desktop\Video_Juego_talu\Video_Juego_talu\Proyecto_2\Library\PackageCache\com.unity.visualscripting@1.8.0\Editor\VisualScripting.Core\Dependencies\YamlDotNet\Unity.VisualScripting.YamlDotNet.dll
Symbol file LoadedFromMemory doesn't match image C:\Users\camil\OneDrive\Desktop\Video_Juego_talu\Video_Juego_talu\Proyecto_2\Library\PackageCache\com.unity.visualscripting@1.8.0\Editor\VisualScripting.Core\Dependencies\DotNetZip\Unity.VisualScripting.IonicZip.dll
Native extension for WindowsStandalone target not found
Native extension for Android target not found
Native extension for WebGL target not found
Refreshing native plugins compatible for Editor in 0.73 ms, found 4 plugins.
Preloading 0 native plugins for Editor in 0.00 ms.
Mono: successfully reloaded assembly
- Completed reload, in  2.340 seconds
Domain Reload Profiling:
	ReloadAssembly (2358ms)
		BeginReloadAssembly (276ms)
			ExecutionOrderSort (0ms)
			DisableScriptedObjects (7ms)
			BackupInstance (0ms)
			ReleaseScriptingObjects (0ms)
			CreateAndSetChildDomain (39ms)
		EndReloadAssembly (1974ms)
			LoadAssemblies (213ms)
			RebuildTransferFunctionScriptingTraits (0ms)
			SetupTypeCache (249ms)
			ReleaseScriptCaches (4ms)
			RebuildScriptCaches (74ms)
			SetupLoadedEditorAssemblies (320ms)
				LogAssemblyErrors (0ms)
				InitializePlatformSupportModulesInManaged (20ms)
				SetLoadedEditorAssemblies (0ms)
				RefreshPlugins (1ms)
				BeforeProcessingInitializeOnLoad (71ms)
				ProcessInitializeOnLoadAttributes (189ms)
				ProcessInitializeOnLoadMethodAttributes (33ms)
				AfterProcessingInitializeOnLoad (6ms)
				EditorAssembliesLoaded (0ms)
			ExecutionOrderSort2 (0ms)
			AwakeInstancesAfterBackupRestoration (5ms)
Platform modules already initialized, skipping
Refreshing native plugins compatible for Editor in 3.61 ms, found 4 plugins.
Preloading 0 native plugins for Editor in 0.00 ms.
Unloading 3930 Unused Serialized files (Serialized files now loaded: 0)
Unloading 23 unused Assets / (92.7 KB). Loaded Objects now: 4529.
Memory consumption went from 155.8 MB to 155.7 MB.
Total: 4.115900 ms (FindLiveObjects: 0.364900 ms CreateObjectMapping: 0.288200 ms MarkObjects: 3.410400 ms  DeleteObjects: 0.051100 ms)

AssetImportParameters requested are different than current active one (requested -> active):
  custom:video-decoder-ogg-theora: a1e56fd34408186e4bbccfd4996cb3dc -> 
  custom:container-muxer-webm: aa71ff27fc2769a1b78a27578f13a17b -> 
  custom:container-demuxer-webm: 4f35f7cbe854078d1ac9338744f61a02 -> 
  custom:video-encoder-webm-vp8: eb34c28f22e8b96e1ab97ce403110664 -> 
  custom:audio-encoder-webm-vorbis: bf7c407c2cedff20999df2af8eb42d56 -> 
  custom:framework-win-MediaFoundation: 216162199b28c13a410421893ffa2e32 -> 
  custom:container-demuxer-ogg: 62fdf1f143b41e24485cea50d1cbac27 -> 
  custom:video-decoder-webm-vp8: 9c59270c3fd7afecdb556c50c9e8de78 -> 
  custom:audio-decoder-ogg-vorbis: bf7c407c2cedff20999df2af8eb42d56 -> 
========================================================================
Received Prepare
Registering precompiled user dll's ...
Registered in 0.006746 seconds.
Begin MonoManager ReloadAssembly
Symbol file LoadedFromMemory doesn't match image C:\Users\camil\OneDrive\Desktop\Video_Juego_talu\Video_Juego_talu\Proyecto_2\Library\PackageCache\com.unity.visualscripting@1.8.0\Editor\VisualScripting.Core\Dependencies\YamlDotNet\Unity.VisualScripting.YamlDotNet.dll
Symbol file LoadedFromMemory doesn't match image C:\Users\camil\OneDrive\Desktop\Video_Juego_talu\Video_Juego_talu\Proyecto_2\Library\PackageCache\com.unity.visualscripting@1.8.0\Editor\VisualScripting.Core\Dependencies\DotNetZip\Unity.VisualScripting.IonicZip.dll
Native extension for WindowsStandalone target not found
Native extension for Android target not found
Native extension for WebGL target not found
Refreshing native plugins compatible for Editor in 0.71 ms, found 4 plugins.
Preloading 0 native plugins for Editor in 0.00 ms.
Mono: successfully reloaded assembly
- Completed reload, in  1.011 seconds
Domain Reload Profiling:
	ReloadAssembly (1012ms)
		BeginReloadAssembly (139ms)
			ExecutionOrderSort (0ms)
			DisableScriptedObjects (6ms)
			BackupInstance (0ms)
			ReleaseScriptingObjects (0ms)
			CreateAndSetChildDomain (40ms)
		EndReloadAssembly (768ms)
			LoadAssemblies (87ms)
			RebuildTransferFunctionScriptingTraits (0ms)
			SetupTypeCache (240ms)
			ReleaseScriptCaches (1ms)
			RebuildScriptCaches (50ms)
			SetupLoadedEditorAssemblies (344ms)
				LogAssemblyErrors (0ms)
				InitializePlatformSupportModulesInManaged (23ms)
				SetLoadedEditorAssemblies (0ms)
				RefreshPlugins (1ms)
				BeforeProcessingInitializeOnLoad (65ms)
				ProcessInitializeOnLoadAttributes (202ms)
				ProcessInitializeOnLoadMethodAttributes (46ms)
				AfterProcessingInitializeOnLoad (6ms)
				EditorAssembliesLoaded (0ms)
			ExecutionOrderSort2 (0ms)
			AwakeInstancesAfterBackupRestoration (8ms)
Platform modules already initialized, skipping
Refreshing native plugins compatible for Editor in 4.09 ms, found 4 plugins.
Preloading 0 native plugins for Editor in 0.00 ms.
Unloading 3930 Unused Serialized files (Serialized files now loaded: 0)
Unloading 23 unused Assets / (92.7 KB). Loaded Objects now: 4544.
Memory consumption went from 155.8 MB to 155.7 MB.
Total: 3.167100 ms (FindLiveObjects: 0.351100 ms CreateObjectMapping: 0.234600 ms MarkObjects: 2.528800 ms  DeleteObjects: 0.051500 ms)

AssetImportParameters requested are different than current active one (requested -> active):
  custom:video-decoder-ogg-theora: a1e56fd34408186e4bbccfd4996cb3dc -> 
  custom:container-muxer-webm: aa71ff27fc2769a1b78a27578f13a17b -> 
  custom:container-demuxer-webm: 4f35f7cbe854078d1ac9338744f61a02 -> 
  custom:video-encoder-webm-vp8: eb34c28f22e8b96e1ab97ce403110664 -> 
  custom:audio-encoder-webm-vorbis: bf7c407c2cedff20999df2af8eb42d56 -> 
  custom:framework-win-MediaFoundation: 216162199b28c13a410421893ffa2e32 -> 
  custom:container-demuxer-ogg: 62fdf1f143b41e24485cea50d1cbac27 -> 
  custom:video-decoder-webm-vp8: 9c59270c3fd7afecdb556c50c9e8de78 -> 
  custom:audio-decoder-ogg-vorbis: bf7c407c2cedff20999df2af8eb42d56 -> 
========================================================================
Received Prepare
Registering precompiled user dll's ...
Registered in 0.009991 seconds.
Begin MonoManager ReloadAssembly
Symbol file LoadedFromMemory doesn't match image C:\Users\camil\OneDrive\Desktop\Video_Juego_talu\Video_Juego_talu\Proyecto_2\Library\PackageCache\com.unity.visualscripting@1.8.0\Editor\VisualScripting.Core\Dependencies\YamlDotNet\Unity.VisualScripting.YamlDotNet.dll
Symbol file LoadedFromMemory doesn't match image C:\Users\camil\OneDrive\Desktop\Video_Juego_talu\Video_Juego_talu\Proyecto_2\Library\PackageCache\com.unity.visualscripting@1.8.0\Editor\VisualScripting.Core\Dependencies\DotNetZip\Unity.VisualScripting.IonicZip.dll
Native extension for WindowsStandalone target not found
Native extension for Android target not found
Native extension for WebGL target not found
Refreshing native plugins compatible for Editor in 0.71 ms, found 4 plugins.
Preloading 0 native plugins for Editor in 0.00 ms.
Mono: successfully reloaded assembly
- Completed reload, in  1.003 seconds
Domain Reload Profiling:
	ReloadAssembly (1003ms)
		BeginReloadAssembly (149ms)
			ExecutionOrderSort (0ms)
			DisableScriptedObjects (10ms)
			BackupInstance (0ms)
			ReleaseScriptingObjects (0ms)
			CreateAndSetChildDomain (34ms)
		EndReloadAssembly (754ms)
			LoadAssemblies (104ms)
			RebuildTransferFunctionScriptingTraits (0ms)
			SetupTypeCache (250ms)
			ReleaseScriptCaches (1ms)
			RebuildScriptCaches (59ms)
			SetupLoadedEditorAssemblies (314ms)
				LogAssemblyErrors (0ms)
				InitializePlatformSupportModulesInManaged (19ms)
				SetLoadedEditorAssemblies (0ms)
				RefreshPlugins (1ms)
				BeforeProcessingInitializeOnLoad (68ms)
				ProcessInitializeOnLoadAttributes (188ms)
				ProcessInitializeOnLoadMethodAttributes (32ms)
				AfterProcessingInitializeOnLoad (6ms)
				EditorAssembliesLoaded (0ms)
			ExecutionOrderSort2 (0ms)
			AwakeInstancesAfterBackupRestoration (5ms)
Platform modules already initialized, skipping
Refreshing native plugins compatible for Editor in 2.80 ms, found 4 plugins.
Preloading 0 native plugins for Editor in 0.00 ms.
Unloading 3930 Unused Serialized files (Serialized files now loaded: 0)
Unloading 23 unused Assets / (92.7 KB). Loaded Objects now: 4559.
Memory consumption went from 155.8 MB to 155.7 MB.
Total: 4.319000 ms (FindLiveObjects: 0.377500 ms CreateObjectMapping: 0.232100 ms MarkObjects: 3.646100 ms  DeleteObjects: 0.062000 ms)

AssetImportParameters requested are different than current active one (requested -> active):
  custom:video-decoder-ogg-theora: a1e56fd34408186e4bbccfd4996cb3dc -> 
  custom:container-muxer-webm: aa71ff27fc2769a1b78a27578f13a17b -> 
  custom:container-demuxer-webm: 4f35f7cbe854078d1ac9338744f61a02 -> 
  custom:video-encoder-webm-vp8: eb34c28f22e8b96e1ab97ce403110664 -> 
  custom:audio-encoder-webm-vorbis: bf7c407c2cedff20999df2af8eb42d56 -> 
  custom:framework-win-MediaFoundation: 216162199b28c13a410421893ffa2e32 -> 
  custom:container-demuxer-ogg: 62fdf1f143b41e24485cea50d1cbac27 -> 
  custom:video-decoder-webm-vp8: 9c59270c3fd7afecdb556c50c9e8de78 -> 
  custom:audio-decoder-ogg-vorbis: bf7c407c2cedff20999df2af8eb42d56 -> 
========================================================================
Received Import Request.
  Time since last request: 162.403805 seconds.
  path: Assets/PreFaps_4/enemigo_1.prefab
  artifactKey: Guid(91211369ccc502d45a6f55de3cc884e7) Importer(815301076,1909f56bfc062723c751e8b465ee728b)
Start importing Assets/PreFaps_4/enemigo_1.prefab using Guid(91211369ccc502d45a6f55de3cc884e7) Importer(815301076,1909f56bfc062723c751e8b465ee728b)  -> (artifact id: '80f4cafcead5098365125c958c995742') in 0.118246 seconds 
